[0.013s] Invoking command in '/home/kushgarg/Desktop/ros2_ws/build/velodyne_pointcloud': CMAKE_PREFIX_PATH=/home/kushgarg/Desktop/ros2_ws/install/velodyne_msgs:/home/kushgarg/Desktop/ros2_ws/install/mobile_robot2:/home/kushgarg/Desktop/ros2_ws/install/velodyne_simulator:/home/kushgarg/Desktop/ros2_ws/install/velodyne:/home/kushgarg/Desktop/ros2_ws/install/velodyne_pointcloud:/home/kushgarg/Desktop/ros2_ws/install/velodyne_driver:/home/kushgarg/Desktop/ros2_ws/install/velodyne_laserscan:/home/kushgarg/Desktop/ros2_ws/install/velodyne_gazebo_plugins:/home/kushgarg/Desktop/ros2_ws/install/mobile_robot:/home/kushgarg/Desktop/ros2_ws/install/velodyne_description:/opt/ros/humble LD_LIBRARY_PATH=/home/kushgarg/Desktop/ros2_ws/install/velodyne_msgs/lib:/home/kushgarg/Desktop/ros2_ws/install/velodyne_pointcloud/lib:/home/kushgarg/Desktop/ros2_ws/install/velodyne_driver/lib:/home/kushgarg/Desktop/ros2_ws/install/velodyne_laserscan/lib:/home/kushgarg/Desktop/ros2_ws/install/velodyne_gazebo_plugins/lib:/usr/lib/x86_64-linux-gnu/gazebo-11/plugins:/opt/ros/humble/opt/rviz_ogre_vendor/lib:/opt/ros/humble/lib/x86_64-linux-gnu:/opt/ros/humble/opt/openvdb_vendor/lib:/opt/ros/humble/lib /usr/bin/cmake --build /home/kushgarg/Desktop/ros2_ws/build/velodyne_pointcloud -- -j12 -l12
[0.058s] [35m[1mConsolidate compiler generated dependencies of target gtest[0m
[0.059s] [35m[1mConsolidate compiler generated dependencies of target gtest_main[0m
[0.060s] [35m[1mConsolidate compiler generated dependencies of target velodyne_cloud_types[0m
[0.060s] [35m[1mConsolidate compiler generated dependencies of target velodyne_rawdata[0m
[0.077s] [ 11%] Built target gtest
[0.077s] [ 22%] Built target gtest_main
[0.089s] [35m[1mConsolidate compiler generated dependencies of target test_row_step[0m
[0.098s] [ 38%] Built target velodyne_rawdata
[0.104s] [ 55%] Built target velodyne_cloud_types
[0.111s] [35m[1mConsolidate compiler generated dependencies of target test_calibration[0m
[0.117s] [35m[1mConsolidate compiler generated dependencies of target transform[0m
[0.121s] [ 66%] Built target test_row_step
[0.128s] [ 77%] Built target test_calibration
[0.146s] [ 88%] Built target transform
[0.158s] [35m[1mConsolidate compiler generated dependencies of target velodyne_transform_node[0m
[0.187s] [100%] Built target velodyne_transform_node
[0.202s] Invoked command in '/home/kushgarg/Desktop/ros2_ws/build/velodyne_pointcloud' returned '0': CMAKE_PREFIX_PATH=/home/kushgarg/Desktop/ros2_ws/install/velodyne_msgs:/home/kushgarg/Desktop/ros2_ws/install/mobile_robot2:/home/kushgarg/Desktop/ros2_ws/install/velodyne_simulator:/home/kushgarg/Desktop/ros2_ws/install/velodyne:/home/kushgarg/Desktop/ros2_ws/install/velodyne_pointcloud:/home/kushgarg/Desktop/ros2_ws/install/velodyne_driver:/home/kushgarg/Desktop/ros2_ws/install/velodyne_laserscan:/home/kushgarg/Desktop/ros2_ws/install/velodyne_gazebo_plugins:/home/kushgarg/Desktop/ros2_ws/install/mobile_robot:/home/kushgarg/Desktop/ros2_ws/install/velodyne_description:/opt/ros/humble LD_LIBRARY_PATH=/home/kushgarg/Desktop/ros2_ws/install/velodyne_msgs/lib:/home/kushgarg/Desktop/ros2_ws/install/velodyne_pointcloud/lib:/home/kushgarg/Desktop/ros2_ws/install/velodyne_driver/lib:/home/kushgarg/Desktop/ros2_ws/install/velodyne_laserscan/lib:/home/kushgarg/Desktop/ros2_ws/install/velodyne_gazebo_plugins/lib:/usr/lib/x86_64-linux-gnu/gazebo-11/plugins:/opt/ros/humble/opt/rviz_ogre_vendor/lib:/opt/ros/humble/lib/x86_64-linux-gnu:/opt/ros/humble/opt/openvdb_vendor/lib:/opt/ros/humble/lib /usr/bin/cmake --build /home/kushgarg/Desktop/ros2_ws/build/velodyne_pointcloud -- -j12 -l12
[0.204s] Invoking command in '/home/kushgarg/Desktop/ros2_ws/build/velodyne_pointcloud': CMAKE_PREFIX_PATH=/home/kushgarg/Desktop/ros2_ws/install/velodyne_msgs:/home/kushgarg/Desktop/ros2_ws/install/mobile_robot2:/home/kushgarg/Desktop/ros2_ws/install/velodyne_simulator:/home/kushgarg/Desktop/ros2_ws/install/velodyne:/home/kushgarg/Desktop/ros2_ws/install/velodyne_pointcloud:/home/kushgarg/Desktop/ros2_ws/install/velodyne_driver:/home/kushgarg/Desktop/ros2_ws/install/velodyne_laserscan:/home/kushgarg/Desktop/ros2_ws/install/velodyne_gazebo_plugins:/home/kushgarg/Desktop/ros2_ws/install/mobile_robot:/home/kushgarg/Desktop/ros2_ws/install/velodyne_description:/opt/ros/humble LD_LIBRARY_PATH=/home/kushgarg/Desktop/ros2_ws/install/velodyne_msgs/lib:/home/kushgarg/Desktop/ros2_ws/install/velodyne_pointcloud/lib:/home/kushgarg/Desktop/ros2_ws/install/velodyne_driver/lib:/home/kushgarg/Desktop/ros2_ws/install/velodyne_laserscan/lib:/home/kushgarg/Desktop/ros2_ws/install/velodyne_gazebo_plugins/lib:/usr/lib/x86_64-linux-gnu/gazebo-11/plugins:/opt/ros/humble/opt/rviz_ogre_vendor/lib:/opt/ros/humble/lib/x86_64-linux-gnu:/opt/ros/humble/opt/openvdb_vendor/lib:/opt/ros/humble/lib /usr/bin/cmake --install /home/kushgarg/Desktop/ros2_ws/build/velodyne_pointcloud
[0.211s] -- Install configuration: ""
[0.211s] -- Up-to-date: /home/kushgarg/Desktop/ros2_ws/install/velodyne_pointcloud/lib/libvelodyne_cloud_types.so
[0.212s] -- Up-to-date: /home/kushgarg/Desktop/ros2_ws/install/velodyne_pointcloud/lib/libvelodyne_rawdata.so
[0.212s] -- Up-to-date: /home/kushgarg/Desktop/ros2_ws/install/velodyne_pointcloud/lib/libtransform.so
[0.212s] -- Up-to-date: /home/kushgarg/Desktop/ros2_ws/install/velodyne_pointcloud/lib/velodyne_pointcloud/velodyne_transform_node
[0.213s] -- Up-to-date: /home/kushgarg/Desktop/ros2_ws/install/velodyne_pointcloud/include/velodyne_pointcloud
[0.213s] -- Up-to-date: /home/kushgarg/Desktop/ros2_ws/install/velodyne_pointcloud/include/velodyne_pointcloud/datacontainerbase.hpp
[0.213s] -- Up-to-date: /home/kushgarg/Desktop/ros2_ws/install/velodyne_pointcloud/include/velodyne_pointcloud/calibration.hpp
[0.213s] -- Up-to-date: /home/kushgarg/Desktop/ros2_ws/install/velodyne_pointcloud/include/velodyne_pointcloud/transform.hpp
[0.213s] -- Up-to-date: /home/kushgarg/Desktop/ros2_ws/install/velodyne_pointcloud/include/velodyne_pointcloud/rawdata.hpp
[0.214s] -- Up-to-date: /home/kushgarg/Desktop/ros2_ws/install/velodyne_pointcloud/include/velodyne_pointcloud/organized_cloudXYZIRT.hpp
[0.214s] -- Up-to-date: /home/kushgarg/Desktop/ros2_ws/install/velodyne_pointcloud/include/velodyne_pointcloud/pointcloudXYZIRT.hpp
[0.214s] -- Up-to-date: /home/kushgarg/Desktop/ros2_ws/install/velodyne_pointcloud/share/velodyne_pointcloud/config
[0.214s] -- Up-to-date: /home/kushgarg/Desktop/ros2_ws/install/velodyne_pointcloud/share/velodyne_pointcloud/config/VLP32C-velodyne_transform_node-params.yaml
[0.214s] -- Up-to-date: /home/kushgarg/Desktop/ros2_ws/install/velodyne_pointcloud/share/velodyne_pointcloud/config/VLS128-velodyne_transform_node-params.yaml
[0.214s] -- Up-to-date: /home/kushgarg/Desktop/ros2_ws/install/velodyne_pointcloud/share/velodyne_pointcloud/config/VLP16-velodyne_transform_node-params.yaml
[0.214s] -- Up-to-date: /home/kushgarg/Desktop/ros2_ws/install/velodyne_pointcloud/share/velodyne_pointcloud/launch
[0.215s] -- Up-to-date: /home/kushgarg/Desktop/ros2_ws/install/velodyne_pointcloud/share/velodyne_pointcloud/launch/velodyne_transform_node-VLS128-composed-launch.py
[0.215s] -- Up-to-date: /home/kushgarg/Desktop/ros2_ws/install/velodyne_pointcloud/share/velodyne_pointcloud/launch/velodyne_transform_node-VLP32C-launch.py
[0.215s] -- Up-to-date: /home/kushgarg/Desktop/ros2_ws/install/velodyne_pointcloud/share/velodyne_pointcloud/launch/velodyne_transform_node-VLP16-composed-launch.py
[0.215s] -- Up-to-date: /home/kushgarg/Desktop/ros2_ws/install/velodyne_pointcloud/share/velodyne_pointcloud/launch/velodyne_transform_node-VLS128-launch.py
[0.215s] -- Up-to-date: /home/kushgarg/Desktop/ros2_ws/install/velodyne_pointcloud/share/velodyne_pointcloud/launch/velodyne_transform_node-VLP16-launch.py
[0.215s] -- Up-to-date: /home/kushgarg/Desktop/ros2_ws/install/velodyne_pointcloud/share/velodyne_pointcloud/launch/velodyne_transform_node-VLP32C-composed-launch.py
[0.215s] -- Up-to-date: /home/kushgarg/Desktop/ros2_ws/install/velodyne_pointcloud/share/velodyne_pointcloud/params
[0.215s] -- Up-to-date: /home/kushgarg/Desktop/ros2_ws/install/velodyne_pointcloud/share/velodyne_pointcloud/params/VLP16_hires_db.yaml
[0.215s] -- Up-to-date: /home/kushgarg/Desktop/ros2_ws/install/velodyne_pointcloud/share/velodyne_pointcloud/params/rviz_points.vcg
[0.215s] -- Up-to-date: /home/kushgarg/Desktop/ros2_ws/install/velodyne_pointcloud/share/velodyne_pointcloud/params/64e_utexas.yaml
[0.216s] -- Up-to-date: /home/kushgarg/Desktop/ros2_ws/install/velodyne_pointcloud/share/velodyne_pointcloud/params/VLP16db.yaml
[0.216s] -- Up-to-date: /home/kushgarg/Desktop/ros2_ws/install/velodyne_pointcloud/share/velodyne_pointcloud/params/issue_84_float_intensities.yaml
[0.216s] -- Up-to-date: /home/kushgarg/Desktop/ros2_ws/install/velodyne_pointcloud/share/velodyne_pointcloud/params/64e_s3-xiesc.yaml
[0.216s] -- Up-to-date: /home/kushgarg/Desktop/ros2_ws/install/velodyne_pointcloud/share/velodyne_pointcloud/params/VeloView-VLP-32C.yaml
[0.216s] -- Up-to-date: /home/kushgarg/Desktop/ros2_ws/install/velodyne_pointcloud/share/velodyne_pointcloud/params/32db.yaml
[0.216s] -- Up-to-date: /home/kushgarg/Desktop/ros2_ws/install/velodyne_pointcloud/share/velodyne_pointcloud/params/64e_s2.1-sztaki.yaml
[0.216s] -- Up-to-date: /home/kushgarg/Desktop/ros2_ws/install/velodyne_pointcloud/share/velodyne_pointcloud/params/VLS128.yaml
[0.216s] -- Up-to-date: /home/kushgarg/Desktop/ros2_ws/install/velodyne_pointcloud/share/velodyne_pointcloud/environment/library_path.sh
[0.216s] -- Up-to-date: /home/kushgarg/Desktop/ros2_ws/install/velodyne_pointcloud/share/velodyne_pointcloud/environment/library_path.dsv
[0.217s] -- Up-to-date: /home/kushgarg/Desktop/ros2_ws/install/velodyne_pointcloud/share/ament_index/resource_index/package_run_dependencies/velodyne_pointcloud
[0.217s] -- Up-to-date: /home/kushgarg/Desktop/ros2_ws/install/velodyne_pointcloud/share/ament_index/resource_index/parent_prefix_path/velodyne_pointcloud
[0.218s] -- Up-to-date: /home/kushgarg/Desktop/ros2_ws/install/velodyne_pointcloud/share/velodyne_pointcloud/environment/ament_prefix_path.sh
[0.218s] -- Up-to-date: /home/kushgarg/Desktop/ros2_ws/install/velodyne_pointcloud/share/velodyne_pointcloud/environment/ament_prefix_path.dsv
[0.218s] -- Up-to-date: /home/kushgarg/Desktop/ros2_ws/install/velodyne_pointcloud/share/velodyne_pointcloud/environment/path.sh
[0.218s] -- Up-to-date: /home/kushgarg/Desktop/ros2_ws/install/velodyne_pointcloud/share/velodyne_pointcloud/environment/path.dsv
[0.219s] -- Up-to-date: /home/kushgarg/Desktop/ros2_ws/install/velodyne_pointcloud/share/velodyne_pointcloud/local_setup.bash
[0.219s] -- Up-to-date: /home/kushgarg/Desktop/ros2_ws/install/velodyne_pointcloud/share/velodyne_pointcloud/local_setup.sh
[0.219s] -- Up-to-date: /home/kushgarg/Desktop/ros2_ws/install/velodyne_pointcloud/share/velodyne_pointcloud/local_setup.zsh
[0.219s] -- Up-to-date: /home/kushgarg/Desktop/ros2_ws/install/velodyne_pointcloud/share/velodyne_pointcloud/local_setup.dsv
[0.219s] -- Installing: /home/kushgarg/Desktop/ros2_ws/install/velodyne_pointcloud/share/velodyne_pointcloud/package.dsv
[0.219s] -- Up-to-date: /home/kushgarg/Desktop/ros2_ws/install/velodyne_pointcloud/share/ament_index/resource_index/packages/velodyne_pointcloud
[0.219s] -- Up-to-date: /home/kushgarg/Desktop/ros2_ws/install/velodyne_pointcloud/share/ament_index/resource_index/rclcpp_components/velodyne_pointcloud
[0.220s] -- Up-to-date: /home/kushgarg/Desktop/ros2_ws/install/velodyne_pointcloud/share/velodyne_pointcloud/cmake/velodyne_pointcloudExport.cmake
[0.220s] -- Up-to-date: /home/kushgarg/Desktop/ros2_ws/install/velodyne_pointcloud/share/velodyne_pointcloud/cmake/velodyne_pointcloudExport-noconfig.cmake
[0.220s] -- Up-to-date: /home/kushgarg/Desktop/ros2_ws/install/velodyne_pointcloud/share/velodyne_pointcloud/cmake/ament_cmake_export_include_directories-extras.cmake
[0.220s] -- Up-to-date: /home/kushgarg/Desktop/ros2_ws/install/velodyne_pointcloud/share/velodyne_pointcloud/cmake/ament_cmake_export_dependencies-extras.cmake
[0.220s] -- Up-to-date: /home/kushgarg/Desktop/ros2_ws/install/velodyne_pointcloud/share/velodyne_pointcloud/cmake/ament_cmake_export_libraries-extras.cmake
[0.220s] -- Up-to-date: /home/kushgarg/Desktop/ros2_ws/install/velodyne_pointcloud/share/velodyne_pointcloud/cmake/ament_cmake_export_targets-extras.cmake
[0.221s] -- Up-to-date: /home/kushgarg/Desktop/ros2_ws/install/velodyne_pointcloud/share/velodyne_pointcloud/cmake/velodyne_pointcloudConfig.cmake
[0.221s] -- Up-to-date: /home/kushgarg/Desktop/ros2_ws/install/velodyne_pointcloud/share/velodyne_pointcloud/cmake/velodyne_pointcloudConfig-version.cmake
[0.221s] -- Up-to-date: /home/kushgarg/Desktop/ros2_ws/install/velodyne_pointcloud/share/velodyne_pointcloud/package.xml
[0.222s] Invoked command in '/home/kushgarg/Desktop/ros2_ws/build/velodyne_pointcloud' returned '0': CMAKE_PREFIX_PATH=/home/kushgarg/Desktop/ros2_ws/install/velodyne_msgs:/home/kushgarg/Desktop/ros2_ws/install/mobile_robot2:/home/kushgarg/Desktop/ros2_ws/install/velodyne_simulator:/home/kushgarg/Desktop/ros2_ws/install/velodyne:/home/kushgarg/Desktop/ros2_ws/install/velodyne_pointcloud:/home/kushgarg/Desktop/ros2_ws/install/velodyne_driver:/home/kushgarg/Desktop/ros2_ws/install/velodyne_laserscan:/home/kushgarg/Desktop/ros2_ws/install/velodyne_gazebo_plugins:/home/kushgarg/Desktop/ros2_ws/install/mobile_robot:/home/kushgarg/Desktop/ros2_ws/install/velodyne_description:/opt/ros/humble LD_LIBRARY_PATH=/home/kushgarg/Desktop/ros2_ws/install/velodyne_msgs/lib:/home/kushgarg/Desktop/ros2_ws/install/velodyne_pointcloud/lib:/home/kushgarg/Desktop/ros2_ws/install/velodyne_driver/lib:/home/kushgarg/Desktop/ros2_ws/install/velodyne_laserscan/lib:/home/kushgarg/Desktop/ros2_ws/install/velodyne_gazebo_plugins/lib:/usr/lib/x86_64-linux-gnu/gazebo-11/plugins:/opt/ros/humble/opt/rviz_ogre_vendor/lib:/opt/ros/humble/lib/x86_64-linux-gnu:/opt/ros/humble/opt/openvdb_vendor/lib:/opt/ros/humble/lib /usr/bin/cmake --install /home/kushgarg/Desktop/ros2_ws/build/velodyne_pointcloud
