[0.012s] Invoking command in '/home/kushgarg/Desktop/ros2_ws/build/velodyne_driver': CMAKE_PREFIX_PATH=/home/kushgarg/Desktop/ros2_ws/install/velodyne_msgs:/home/kushgarg/Desktop/ros2_ws/install/mobile_robot2:/home/kushgarg/Desktop/ros2_ws/install/velodyne_simulator:/home/kushgarg/Desktop/ros2_ws/install/velodyne:/home/kushgarg/Desktop/ros2_ws/install/velodyne_pointcloud:/home/kushgarg/Desktop/ros2_ws/install/velodyne_driver:/home/kushgarg/Desktop/ros2_ws/install/velodyne_laserscan:/home/kushgarg/Desktop/ros2_ws/install/velodyne_gazebo_plugins:/home/kushgarg/Desktop/ros2_ws/install/mobile_robot:/home/kushgarg/Desktop/ros2_ws/install/velodyne_description:/opt/ros/humble LD_LIBRARY_PATH=/home/kushgarg/Desktop/ros2_ws/install/velodyne_msgs/lib:/home/kushgarg/Desktop/ros2_ws/install/velodyne_pointcloud/lib:/home/kushgarg/Desktop/ros2_ws/install/velodyne_driver/lib:/home/kushgarg/Desktop/ros2_ws/install/velodyne_laserscan/lib:/home/kushgarg/Desktop/ros2_ws/install/velodyne_gazebo_plugins/lib:/usr/lib/x86_64-linux-gnu/gazebo-11/plugins:/opt/ros/humble/opt/rviz_ogre_vendor/lib:/opt/ros/humble/lib/x86_64-linux-gnu:/opt/ros/humble/opt/openvdb_vendor/lib:/opt/ros/humble/lib /usr/bin/cmake /home/kushgarg/Desktop/ros2_ws/src/velodyne/velodyne_driver -DCMAKE_INSTALL_PREFIX=/home/kushgarg/Desktop/ros2_ws/install/velodyne_driver
[0.074s] -- The C compiler identification is GNU 11.4.0
[0.144s] -- The CXX compiler identification is GNU 11.4.0
[0.153s] -- Detecting C compiler ABI info
[0.225s] -- Detecting C compiler ABI info - done
[0.240s] -- Check for working C compiler: /usr/bin/cc - skipped
[0.240s] -- Detecting C compile features
[0.242s] -- Detecting C compile features - done
[0.246s] -- Detecting CXX compiler ABI info
[0.332s] -- Detecting CXX compiler ABI info - done
[0.348s] -- Check for working CXX compiler: /usr/bin/c++ - skipped
[0.348s] -- Detecting CXX compile features
[0.349s] -- Detecting CXX compile features - done
[0.351s] -- Found ament_cmake_ros: 0.10.0 (/opt/ros/humble/share/ament_cmake_ros/cmake)
[0.829s] -- Found Python3: /usr/bin/python3 (found version "3.10.12") found components: Interpreter 
[0.938s] -- Found diagnostic_updater: 4.0.0 (/opt/ros/humble/share/diagnostic_updater/cmake)
[0.994s] -- Found rosidl_generator_c: 3.1.6 (/opt/ros/humble/share/rosidl_generator_c/cmake)
[1.001s] -- Found rosidl_adapter: 3.1.6 (/opt/ros/humble/share/rosidl_adapter/cmake)
[1.013s] -- Found rosidl_generator_cpp: 3.1.6 (/opt/ros/humble/share/rosidl_generator_cpp/cmake)
[1.032s] -- Using all available rosidl_typesupport_c: rosidl_typesupport_fastrtps_c;rosidl_typesupport_introspection_c
[1.058s] -- Using all available rosidl_typesupport_cpp: rosidl_typesupport_fastrtps_cpp;rosidl_typesupport_introspection_cpp
[1.193s] -- Found rmw_implementation_cmake: 6.1.2 (/opt/ros/humble/share/rmw_implementation_cmake/cmake)
[1.197s] -- Found rmw_fastrtps_cpp: 6.2.7 (/opt/ros/humble/share/rmw_fastrtps_cpp/cmake)
[1.301s] -- Found OpenSSL: /usr/lib/x86_64-linux-gnu/libcrypto.so (found version "3.0.2")  
[1.338s] -- Found FastRTPS: /opt/ros/humble/include  
[1.390s] -- Using RMW implementation 'rmw_fastrtps_cpp' as default
[1.401s] -- Looking for pthread.h
[1.476s] -- Looking for pthread.h - found
[1.476s] -- Performing Test CMAKE_HAVE_LIBC_PTHREAD
[1.554s] -- Performing Test CMAKE_HAVE_LIBC_PTHREAD - Success
[1.556s] -- Found Threads: TRUE  
[1.635s] -- Found rclcpp_components: 16.0.11 (/opt/ros/humble/share/rclcpp_components/cmake)
[1.681s] -- Found tf2_ros: 0.25.9 (/opt/ros/humble/share/tf2_ros/cmake)
[1.846s] -- Found velodyne_msgs: 2.5.1 (/home/kushgarg/Desktop/ros2_ws/install/velodyne_msgs/share/velodyne_msgs/cmake)
[1.876s] -- Found ament_lint_auto: 0.12.11 (/opt/ros/humble/share/ament_lint_auto/cmake)
[1.976s] -- Found gtest sources under '/opt/ros/humble/src/gtest_vendor': C++ tests using 'Google Test' will be built
[1.986s] -- Added test 'copyright' to check source files copyright and LICENSE
[1.989s] -- Added test 'cppcheck' to perform static code analysis on C / C++ code
[1.989s] -- Configured cppcheck include dirs: $<BUILD_INTERFACE:/home/kushgarg/Desktop/ros2_ws/src/velodyne/velodyne_driver/include>
[1.989s] -- Configured cppcheck exclude dirs and/or files: 
[1.992s] -- Added test 'cpplint' to check C / C++ code against the Google style
[1.992s] -- Configured cpplint exclude dirs and/or files: 
[1.993s] -- Added test 'flake8' to check Python code syntax and style conventions
[1.994s] -- Added test 'lint_cmake' to check CMake code style
[1.995s] -- Added test 'pep257' to check Python code against some of the docstring style conventions in PEP 257
[1.997s] -- Added test 'uncrustify' to check C / C++ code style
[1.997s] -- Configured uncrustify additional arguments: 
[1.998s] -- Added test 'xmllint' to check XML markup files
[2.002s] -- Configuring done
[2.039s] -- Generating done
[2.053s] -- Build files have been written to: /home/kushgarg/Desktop/ros2_ws/build/velodyne_driver
[2.065s] Invoked command in '/home/kushgarg/Desktop/ros2_ws/build/velodyne_driver' returned '0': CMAKE_PREFIX_PATH=/home/kushgarg/Desktop/ros2_ws/install/velodyne_msgs:/home/kushgarg/Desktop/ros2_ws/install/mobile_robot2:/home/kushgarg/Desktop/ros2_ws/install/velodyne_simulator:/home/kushgarg/Desktop/ros2_ws/install/velodyne:/home/kushgarg/Desktop/ros2_ws/install/velodyne_pointcloud:/home/kushgarg/Desktop/ros2_ws/install/velodyne_driver:/home/kushgarg/Desktop/ros2_ws/install/velodyne_laserscan:/home/kushgarg/Desktop/ros2_ws/install/velodyne_gazebo_plugins:/home/kushgarg/Desktop/ros2_ws/install/mobile_robot:/home/kushgarg/Desktop/ros2_ws/install/velodyne_description:/opt/ros/humble LD_LIBRARY_PATH=/home/kushgarg/Desktop/ros2_ws/install/velodyne_msgs/lib:/home/kushgarg/Desktop/ros2_ws/install/velodyne_pointcloud/lib:/home/kushgarg/Desktop/ros2_ws/install/velodyne_driver/lib:/home/kushgarg/Desktop/ros2_ws/install/velodyne_laserscan/lib:/home/kushgarg/Desktop/ros2_ws/install/velodyne_gazebo_plugins/lib:/usr/lib/x86_64-linux-gnu/gazebo-11/plugins:/opt/ros/humble/opt/rviz_ogre_vendor/lib:/opt/ros/humble/lib/x86_64-linux-gnu:/opt/ros/humble/opt/openvdb_vendor/lib:/opt/ros/humble/lib /usr/bin/cmake /home/kushgarg/Desktop/ros2_ws/src/velodyne/velodyne_driver -DCMAKE_INSTALL_PREFIX=/home/kushgarg/Desktop/ros2_ws/install/velodyne_driver
[2.067s] Invoking command in '/home/kushgarg/Desktop/ros2_ws/build/velodyne_driver': CMAKE_PREFIX_PATH=/home/kushgarg/Desktop/ros2_ws/install/velodyne_msgs:/home/kushgarg/Desktop/ros2_ws/install/mobile_robot2:/home/kushgarg/Desktop/ros2_ws/install/velodyne_simulator:/home/kushgarg/Desktop/ros2_ws/install/velodyne:/home/kushgarg/Desktop/ros2_ws/install/velodyne_pointcloud:/home/kushgarg/Desktop/ros2_ws/install/velodyne_driver:/home/kushgarg/Desktop/ros2_ws/install/velodyne_laserscan:/home/kushgarg/Desktop/ros2_ws/install/velodyne_gazebo_plugins:/home/kushgarg/Desktop/ros2_ws/install/mobile_robot:/home/kushgarg/Desktop/ros2_ws/install/velodyne_description:/opt/ros/humble LD_LIBRARY_PATH=/home/kushgarg/Desktop/ros2_ws/install/velodyne_msgs/lib:/home/kushgarg/Desktop/ros2_ws/install/velodyne_pointcloud/lib:/home/kushgarg/Desktop/ros2_ws/install/velodyne_driver/lib:/home/kushgarg/Desktop/ros2_ws/install/velodyne_laserscan/lib:/home/kushgarg/Desktop/ros2_ws/install/velodyne_gazebo_plugins/lib:/usr/lib/x86_64-linux-gnu/gazebo-11/plugins:/opt/ros/humble/opt/rviz_ogre_vendor/lib:/opt/ros/humble/lib/x86_64-linux-gnu:/opt/ros/humble/opt/openvdb_vendor/lib:/opt/ros/humble/lib /usr/bin/cmake --build /home/kushgarg/Desktop/ros2_ws/build/velodyne_driver -- -j12 -l12
[2.118s] [ 16%] [32mBuilding CXX object gtest/CMakeFiles/gtest_main.dir/src/gtest_main.cc.o[0m
[2.118s] [ 16%] [32mBuilding CXX object CMakeFiles/velodyne_input.dir/src/lib/input.cpp.o[0m
[2.119s] [ 25%] [32mBuilding CXX object gtest/CMakeFiles/gtest.dir/src/gtest-all.cc.o[0m
[3.041s] [ 33%] [32m[1mLinking CXX static library libgtest_main.a[0m
[3.085s] [ 33%] Built target gtest_main
[5.627s] [ 41%] [32m[1mLinking CXX static library libgtest.a[0m
[5.700s] [ 41%] Built target gtest
[5.802s] [ 50%] [32m[1mLinking CXX shared library libvelodyne_input.so[0m
[5.940s] [ 50%] Built target velodyne_input
[5.961s] [ 58%] [32mBuilding CXX object CMakeFiles/time_test.dir/tests/timeconversiontest.cpp.o[0m
[5.962s] [ 66%] [32mBuilding CXX object CMakeFiles/velodyne_driver.dir/src/driver/driver.cpp.o[0m
[10.720s] [ 75%] [32m[1mLinking CXX executable time_test[0m
[10.961s] [ 75%] Built target time_test
[18.743s] [ 83%] [32m[1mLinking CXX shared library libvelodyne_driver.so[0m
[19.356s] [ 83%] Built target velodyne_driver
[19.376s] [ 91%] [32mBuilding CXX object CMakeFiles/velodyne_driver_node.dir/src/driver/velodyne_node.cpp.o[0m
[23.461s] [100%] [32m[1mLinking CXX executable velodyne_driver_node[0m
[23.710s] [100%] Built target velodyne_driver_node
[23.721s] Invoked command in '/home/kushgarg/Desktop/ros2_ws/build/velodyne_driver' returned '0': CMAKE_PREFIX_PATH=/home/kushgarg/Desktop/ros2_ws/install/velodyne_msgs:/home/kushgarg/Desktop/ros2_ws/install/mobile_robot2:/home/kushgarg/Desktop/ros2_ws/install/velodyne_simulator:/home/kushgarg/Desktop/ros2_ws/install/velodyne:/home/kushgarg/Desktop/ros2_ws/install/velodyne_pointcloud:/home/kushgarg/Desktop/ros2_ws/install/velodyne_driver:/home/kushgarg/Desktop/ros2_ws/install/velodyne_laserscan:/home/kushgarg/Desktop/ros2_ws/install/velodyne_gazebo_plugins:/home/kushgarg/Desktop/ros2_ws/install/mobile_robot:/home/kushgarg/Desktop/ros2_ws/install/velodyne_description:/opt/ros/humble LD_LIBRARY_PATH=/home/kushgarg/Desktop/ros2_ws/install/velodyne_msgs/lib:/home/kushgarg/Desktop/ros2_ws/install/velodyne_pointcloud/lib:/home/kushgarg/Desktop/ros2_ws/install/velodyne_driver/lib:/home/kushgarg/Desktop/ros2_ws/install/velodyne_laserscan/lib:/home/kushgarg/Desktop/ros2_ws/install/velodyne_gazebo_plugins/lib:/usr/lib/x86_64-linux-gnu/gazebo-11/plugins:/opt/ros/humble/opt/rviz_ogre_vendor/lib:/opt/ros/humble/lib/x86_64-linux-gnu:/opt/ros/humble/opt/openvdb_vendor/lib:/opt/ros/humble/lib /usr/bin/cmake --build /home/kushgarg/Desktop/ros2_ws/build/velodyne_driver -- -j12 -l12
[23.723s] Invoking command in '/home/kushgarg/Desktop/ros2_ws/build/velodyne_driver': CMAKE_PREFIX_PATH=/home/kushgarg/Desktop/ros2_ws/install/velodyne_msgs:/home/kushgarg/Desktop/ros2_ws/install/mobile_robot2:/home/kushgarg/Desktop/ros2_ws/install/velodyne_simulator:/home/kushgarg/Desktop/ros2_ws/install/velodyne:/home/kushgarg/Desktop/ros2_ws/install/velodyne_pointcloud:/home/kushgarg/Desktop/ros2_ws/install/velodyne_driver:/home/kushgarg/Desktop/ros2_ws/install/velodyne_laserscan:/home/kushgarg/Desktop/ros2_ws/install/velodyne_gazebo_plugins:/home/kushgarg/Desktop/ros2_ws/install/mobile_robot:/home/kushgarg/Desktop/ros2_ws/install/velodyne_description:/opt/ros/humble LD_LIBRARY_PATH=/home/kushgarg/Desktop/ros2_ws/install/velodyne_msgs/lib:/home/kushgarg/Desktop/ros2_ws/install/velodyne_pointcloud/lib:/home/kushgarg/Desktop/ros2_ws/install/velodyne_driver/lib:/home/kushgarg/Desktop/ros2_ws/install/velodyne_laserscan/lib:/home/kushgarg/Desktop/ros2_ws/install/velodyne_gazebo_plugins/lib:/usr/lib/x86_64-linux-gnu/gazebo-11/plugins:/opt/ros/humble/opt/rviz_ogre_vendor/lib:/opt/ros/humble/lib/x86_64-linux-gnu:/opt/ros/humble/opt/openvdb_vendor/lib:/opt/ros/humble/lib /usr/bin/cmake --install /home/kushgarg/Desktop/ros2_ws/build/velodyne_driver
[23.731s] -- Install configuration: ""
[23.731s] -- Installing: /home/kushgarg/Desktop/ros2_ws/install/velodyne_driver/lib/libvelodyne_input.so
[23.731s] -- Set runtime path of "/home/kushgarg/Desktop/ros2_ws/install/velodyne_driver/lib/libvelodyne_input.so" to ""
[23.731s] -- Installing: /home/kushgarg/Desktop/ros2_ws/install/velodyne_driver/lib/libvelodyne_driver.so
[23.739s] -- Set runtime path of "/home/kushgarg/Desktop/ros2_ws/install/velodyne_driver/lib/libvelodyne_driver.so" to ""
[23.739s] -- Installing: /home/kushgarg/Desktop/ros2_ws/install/velodyne_driver/lib/velodyne_driver/velodyne_driver_node
[23.739s] -- Set runtime path of "/home/kushgarg/Desktop/ros2_ws/install/velodyne_driver/lib/velodyne_driver/velodyne_driver_node" to ""
[23.739s] -- Installing: /home/kushgarg/Desktop/ros2_ws/install/velodyne_driver/include/velodyne_driver
[23.739s] -- Installing: /home/kushgarg/Desktop/ros2_ws/install/velodyne_driver/include/velodyne_driver/driver.hpp
[23.739s] -- Installing: /home/kushgarg/Desktop/ros2_ws/install/velodyne_driver/include/velodyne_driver/input.hpp
[23.739s] -- Installing: /home/kushgarg/Desktop/ros2_ws/install/velodyne_driver/include/velodyne_driver/time_conversion.hpp
[23.739s] -- Installing: /home/kushgarg/Desktop/ros2_ws/install/velodyne_driver/share/velodyne_driver/config
[23.739s] -- Installing: /home/kushgarg/Desktop/ros2_ws/install/velodyne_driver/share/velodyne_driver/config/VLS128-velodyne_driver_node-params.yaml
[23.740s] -- Installing: /home/kushgarg/Desktop/ros2_ws/install/velodyne_driver/share/velodyne_driver/config/VLP32C-velodyne_driver_node-params.yaml
[23.740s] -- Installing: /home/kushgarg/Desktop/ros2_ws/install/velodyne_driver/share/velodyne_driver/config/VLP16-velodyne_driver_node-params.yaml
[23.740s] -- Installing: /home/kushgarg/Desktop/ros2_ws/install/velodyne_driver/share/velodyne_driver/launch
[23.740s] -- Installing: /home/kushgarg/Desktop/ros2_ws/install/velodyne_driver/share/velodyne_driver/launch/velodyne_driver_node-VLP16-launch.py
[23.740s] -- Installing: /home/kushgarg/Desktop/ros2_ws/install/velodyne_driver/share/velodyne_driver/launch/velodyne_driver_node-VLP16-composed-launch.py
[23.740s] -- Installing: /home/kushgarg/Desktop/ros2_ws/install/velodyne_driver/share/velodyne_driver/launch/velodyne_driver_node-VLS128-composed-launch.py
[23.740s] -- Installing: /home/kushgarg/Desktop/ros2_ws/install/velodyne_driver/share/velodyne_driver/launch/velodyne_driver_node-VLP32C-composed-launch.py
[23.740s] -- Installing: /home/kushgarg/Desktop/ros2_ws/install/velodyne_driver/share/velodyne_driver/launch/velodyne_driver_node-VLP32C-launch.py
[23.740s] -- Installing: /home/kushgarg/Desktop/ros2_ws/install/velodyne_driver/share/velodyne_driver/launch/velodyne_driver_node-VLS128-launch.py
[23.741s] -- Installing: /home/kushgarg/Desktop/ros2_ws/install/velodyne_driver/lib/velodyne_driver/vdump
[23.741s] -- Installing: /home/kushgarg/Desktop/ros2_ws/install/velodyne_driver/share/ament_index/resource_index/package_run_dependencies/velodyne_driver
[23.741s] -- Installing: /home/kushgarg/Desktop/ros2_ws/install/velodyne_driver/share/ament_index/resource_index/parent_prefix_path/velodyne_driver
[23.741s] -- Installing: /home/kushgarg/Desktop/ros2_ws/install/velodyne_driver/share/velodyne_driver/environment/ament_prefix_path.sh
[23.741s] -- Installing: /home/kushgarg/Desktop/ros2_ws/install/velodyne_driver/share/velodyne_driver/environment/ament_prefix_path.dsv
[23.741s] -- Installing: /home/kushgarg/Desktop/ros2_ws/install/velodyne_driver/share/velodyne_driver/environment/path.sh
[23.741s] -- Installing: /home/kushgarg/Desktop/ros2_ws/install/velodyne_driver/share/velodyne_driver/environment/path.dsv
[23.742s] -- Installing: /home/kushgarg/Desktop/ros2_ws/install/velodyne_driver/share/velodyne_driver/local_setup.bash
[23.742s] -- Installing: /home/kushgarg/Desktop/ros2_ws/install/velodyne_driver/share/velodyne_driver/local_setup.sh
[23.742s] -- Installing: /home/kushgarg/Desktop/ros2_ws/install/velodyne_driver/share/velodyne_driver/local_setup.zsh
[23.742s] -- Installing: /home/kushgarg/Desktop/ros2_ws/install/velodyne_driver/share/velodyne_driver/local_setup.dsv
[23.742s] -- Installing: /home/kushgarg/Desktop/ros2_ws/install/velodyne_driver/share/velodyne_driver/package.dsv
[23.742s] -- Installing: /home/kushgarg/Desktop/ros2_ws/install/velodyne_driver/share/ament_index/resource_index/packages/velodyne_driver
[23.743s] -- Installing: /home/kushgarg/Desktop/ros2_ws/install/velodyne_driver/share/ament_index/resource_index/rclcpp_components/velodyne_driver
[23.743s] -- Installing: /home/kushgarg/Desktop/ros2_ws/install/velodyne_driver/share/velodyne_driver/cmake/velodyne_driverExport.cmake
[23.743s] -- Installing: /home/kushgarg/Desktop/ros2_ws/install/velodyne_driver/share/velodyne_driver/cmake/velodyne_driverExport-noconfig.cmake
[23.743s] -- Installing: /home/kushgarg/Desktop/ros2_ws/install/velodyne_driver/share/velodyne_driver/cmake/ament_cmake_export_include_directories-extras.cmake
[23.743s] -- Installing: /home/kushgarg/Desktop/ros2_ws/install/velodyne_driver/share/velodyne_driver/cmake/ament_cmake_export_targets-extras.cmake
[23.743s] -- Installing: /home/kushgarg/Desktop/ros2_ws/install/velodyne_driver/share/velodyne_driver/cmake/ament_cmake_export_dependencies-extras.cmake
[23.743s] -- Installing: /home/kushgarg/Desktop/ros2_ws/install/velodyne_driver/share/velodyne_driver/cmake/velodyne_driverConfig.cmake
[23.744s] -- Installing: /home/kushgarg/Desktop/ros2_ws/install/velodyne_driver/share/velodyne_driver/cmake/velodyne_driverConfig-version.cmake
[23.744s] -- Installing: /home/kushgarg/Desktop/ros2_ws/install/velodyne_driver/share/velodyne_driver/package.xml
[23.746s] Invoked command in '/home/kushgarg/Desktop/ros2_ws/build/velodyne_driver' returned '0': CMAKE_PREFIX_PATH=/home/kushgarg/Desktop/ros2_ws/install/velodyne_msgs:/home/kushgarg/Desktop/ros2_ws/install/mobile_robot2:/home/kushgarg/Desktop/ros2_ws/install/velodyne_simulator:/home/kushgarg/Desktop/ros2_ws/install/velodyne:/home/kushgarg/Desktop/ros2_ws/install/velodyne_pointcloud:/home/kushgarg/Desktop/ros2_ws/install/velodyne_driver:/home/kushgarg/Desktop/ros2_ws/install/velodyne_laserscan:/home/kushgarg/Desktop/ros2_ws/install/velodyne_gazebo_plugins:/home/kushgarg/Desktop/ros2_ws/install/mobile_robot:/home/kushgarg/Desktop/ros2_ws/install/velodyne_description:/opt/ros/humble LD_LIBRARY_PATH=/home/kushgarg/Desktop/ros2_ws/install/velodyne_msgs/lib:/home/kushgarg/Desktop/ros2_ws/install/velodyne_pointcloud/lib:/home/kushgarg/Desktop/ros2_ws/install/velodyne_driver/lib:/home/kushgarg/Desktop/ros2_ws/install/velodyne_laserscan/lib:/home/kushgarg/Desktop/ros2_ws/install/velodyne_gazebo_plugins/lib:/usr/lib/x86_64-linux-gnu/gazebo-11/plugins:/opt/ros/humble/opt/rviz_ogre_vendor/lib:/opt/ros/humble/lib/x86_64-linux-gnu:/opt/ros/humble/opt/openvdb_vendor/lib:/opt/ros/humble/lib /usr/bin/cmake --install /home/kushgarg/Desktop/ros2_ws/build/velodyne_driver
