[0.023s] Invoking command in '/home/kushgarg/Desktop/ros2_ws/build/velodyne_msgs': CMAKE_PREFIX_PATH=${CMAKE_PREFIX_PATH}:/opt/ros/humble /usr/bin/cmake /home/kushgarg/Desktop/ros2_ws/src/velodyne/velodyne_msgs -DCMAKE_INSTALL_PREFIX=/home/kushgarg/Desktop/ros2_ws/install/velodyne_msgs
[0.098s] -- The C compiler identification is GNU 11.4.0
[0.179s] -- The CXX compiler identification is GNU 11.4.0
[0.191s] -- Detecting C compiler ABI info
[0.277s] -- Detecting C compiler ABI info - done
[0.294s] -- Check for working C compiler: /usr/bin/cc - skipped
[0.295s] -- Detecting C compile features
[0.295s] -- Detecting C compile features - done
[0.300s] -- Detecting CXX compiler ABI info
[0.388s] -- Detecting CXX compiler ABI info - done
[0.404s] -- Check for working CXX compiler: /usr/bin/c++ - skipped
[0.405s] -- Detecting CXX compile features
[0.405s] -- Detecting CXX compile features - done
[0.408s] -- Found ament_cmake: 1.3.11 (/opt/ros/humble/share/ament_cmake/cmake)
[0.874s] -- Found Python3: /usr/bin/python3 (found version "3.10.12") found components: Interpreter 
[0.979s] -- Found builtin_interfaces: 1.2.1 (/opt/ros/humble/share/builtin_interfaces/cmake)
[1.023s] -- Found rosidl_generator_c: 3.1.6 (/opt/ros/humble/share/rosidl_generator_c/cmake)
[1.031s] -- Found rosidl_adapter: 3.1.6 (/opt/ros/humble/share/rosidl_adapter/cmake)
[1.043s] -- Found rosidl_generator_cpp: 3.1.6 (/opt/ros/humble/share/rosidl_generator_cpp/cmake)
[1.062s] -- Using all available rosidl_typesupport_c: rosidl_typesupport_fastrtps_c;rosidl_typesupport_introspection_c
[1.087s] -- Using all available rosidl_typesupport_cpp: rosidl_typesupport_fastrtps_cpp;rosidl_typesupport_introspection_cpp
[1.110s] -- Found rosidl_default_generators: 1.2.0 (/opt/ros/humble/share/rosidl_default_generators/cmake)
[1.124s] -- Found std_msgs: 4.2.4 (/opt/ros/humble/share/std_msgs/cmake)
[1.510s] -- Found ament_cmake_cppcheck: 0.12.11 (/opt/ros/humble/share/ament_cmake_cppcheck/cmake)
[1.514s] -- Found ament_cmake_cpplint: 0.12.11 (/opt/ros/humble/share/ament_cmake_cpplint/cmake)
[1.517s] -- Found ament_cmake_uncrustify: 0.12.11 (/opt/ros/humble/share/ament_cmake_uncrustify/cmake)
[1.521s] -- Found ament_cmake_ros: 0.10.0 (/opt/ros/humble/share/ament_cmake_ros/cmake)
[2.343s] -- Using all available rosidl_typesupport_c: rosidl_typesupport_fastrtps_c;rosidl_typesupport_introspection_c
[2.567s] -- Using all available rosidl_typesupport_cpp: rosidl_typesupport_fastrtps_cpp;rosidl_typesupport_introspection_cpp
[2.596s] -- Found PythonInterp: /usr/bin/python3 (found suitable version "3.10.12", minimum required is "3.6") 
[2.598s] -- Found python_cmake_module: 0.10.0 (/opt/ros/humble/share/python_cmake_module/cmake)
[2.636s] -- Found PythonLibs: /usr/lib/x86_64-linux-gnu/libpython3.10.so (found suitable version "3.10.12", minimum required is "3.5") 
[2.636s] -- Using PYTHON_EXECUTABLE: /usr/bin/python3
[2.636s] -- Using PYTHON_INCLUDE_DIRS: /usr/include/python3.10
[2.636s] -- Using PYTHON_LIBRARIES: /usr/lib/x86_64-linux-gnu/libpython3.10.so
[2.663s] -- Found PythonExtra: .so  
[2.741s] -- Found ament_cmake_flake8: 0.12.11 (/opt/ros/humble/share/ament_cmake_flake8/cmake)
[2.744s] -- Found ament_cmake_pep257: 0.12.11 (/opt/ros/humble/share/ament_cmake_pep257/cmake)
[2.747s] -- Found ament_lint_auto: 0.12.11 (/opt/ros/humble/share/ament_lint_auto/cmake)
[2.763s] -- Added test 'copyright' to check source files copyright and LICENSE
[2.764s] -- Added test 'lint_cmake' to check CMake code style
[2.765s] -- Added test 'xmllint' to check XML markup files
[2.769s] -- Configuring done
[2.814s] -- Generating done
[2.831s] -- Build files have been written to: /home/kushgarg/Desktop/ros2_ws/build/velodyne_msgs
[2.843s] Invoked command in '/home/kushgarg/Desktop/ros2_ws/build/velodyne_msgs' returned '0': CMAKE_PREFIX_PATH=${CMAKE_PREFIX_PATH}:/opt/ros/humble /usr/bin/cmake /home/kushgarg/Desktop/ros2_ws/src/velodyne/velodyne_msgs -DCMAKE_INSTALL_PREFIX=/home/kushgarg/Desktop/ros2_ws/install/velodyne_msgs
[2.845s] Invoking command in '/home/kushgarg/Desktop/ros2_ws/build/velodyne_msgs': CMAKE_PREFIX_PATH=${CMAKE_PREFIX_PATH}:/opt/ros/humble /usr/bin/cmake --build /home/kushgarg/Desktop/ros2_ws/build/velodyne_msgs -- -j12 -l12
[2.887s] [  2%] [34m[1mGenerating C code for ROS interfaces[0m
[2.897s] [  5%] [34m[1mGenerating C++ code for ROS interfaces[0m
[2.906s] [  5%] Built target ament_cmake_python_copy_velodyne_msgs
[3.204s] running egg_info
[3.205s] creating velodyne_msgs.egg-info
[3.228s] writing velodyne_msgs.egg-info/PKG-INFO
[3.229s] writing dependency_links to velodyne_msgs.egg-info/dependency_links.txt
[3.229s] writing top-level names to velodyne_msgs.egg-info/top_level.txt
[3.230s] writing manifest file 'velodyne_msgs.egg-info/SOURCES.txt'
[3.302s] reading manifest file 'velodyne_msgs.egg-info/SOURCES.txt'
[3.303s] writing manifest file 'velodyne_msgs.egg-info/SOURCES.txt'
[3.331s] [  5%] Built target ament_cmake_python_build_velodyne_msgs_egg
[3.498s] [  5%] Built target velodyne_msgs__cpp
[3.509s] [ 10%] [34m[1mGenerating C++ type support dispatch for ROS interfaces[0m
[3.509s] [ 10%] [34m[1mGenerating C++ type support for eProsima Fast-RTPS[0m
[3.509s] [ 12%] [34m[1mGenerating C++ introspection for ROS interfaces[0m
[3.519s] [ 15%] [32mBuilding C object CMakeFiles/velodyne_msgs__rosidl_generator_c.dir/rosidl_generator_c/velodyne_msgs/msg/detail/velodyne_scan__functions.c.o[0m
[3.519s] [ 17%] [32mBuilding C object CMakeFiles/velodyne_msgs__rosidl_generator_c.dir/rosidl_generator_c/velodyne_msgs/msg/detail/velodyne_packet__functions.c.o[0m
[3.576s] [ 20%] [32m[1mLinking C shared library libvelodyne_msgs__rosidl_generator_c.so[0m
[3.617s] [ 20%] Built target velodyne_msgs__rosidl_generator_c
[3.629s] [ 23%] [34m[1mGenerating C introspection for ROS interfaces[0m
[3.629s] [ 25%] [34m[1mGenerating C type support for eProsima Fast-RTPS[0m
[3.631s] [ 28%] [34m[1mGenerating C type support dispatch for ROS interfaces[0m
[3.975s] [ 30%] [32mBuilding CXX object CMakeFiles/velodyne_msgs__rosidl_typesupport_cpp.dir/rosidl_typesupport_cpp/velodyne_msgs/msg/velodyne_packet__type_support.cpp.o[0m
[3.978s] [ 33%] [32mBuilding CXX object CMakeFiles/velodyne_msgs__rosidl_typesupport_cpp.dir/rosidl_typesupport_cpp/velodyne_msgs/msg/velodyne_scan__type_support.cpp.o[0m
[4.043s] [ 35%] [32mBuilding CXX object CMakeFiles/velodyne_msgs__rosidl_typesupport_fastrtps_cpp.dir/rosidl_typesupport_fastrtps_cpp/velodyne_msgs/msg/detail/dds_fastrtps/velodyne_packet__type_support.cpp.o[0m
[4.044s] [ 38%] [32mBuilding CXX object CMakeFiles/velodyne_msgs__rosidl_typesupport_fastrtps_cpp.dir/rosidl_typesupport_fastrtps_cpp/velodyne_msgs/msg/detail/dds_fastrtps/velodyne_scan__type_support.cpp.o[0m
[4.061s] [ 41%] [32mBuilding CXX object CMakeFiles/velodyne_msgs__rosidl_typesupport_introspection_cpp.dir/rosidl_typesupport_introspection_cpp/velodyne_msgs/msg/detail/velodyne_packet__type_support.cpp.o[0m
[4.061s] [ 43%] [32mBuilding CXX object CMakeFiles/velodyne_msgs__rosidl_typesupport_introspection_cpp.dir/rosidl_typesupport_introspection_cpp/velodyne_msgs/msg/detail/velodyne_scan__type_support.cpp.o[0m
[4.102s] [ 46%] [32mBuilding CXX object CMakeFiles/velodyne_msgs__rosidl_typesupport_c.dir/rosidl_typesupport_c/velodyne_msgs/msg/velodyne_scan__type_support.cpp.o[0m
[4.102s] [ 48%] [32mBuilding CXX object CMakeFiles/velodyne_msgs__rosidl_typesupport_c.dir/rosidl_typesupport_c/velodyne_msgs/msg/velodyne_packet__type_support.cpp.o[0m
[4.145s] [ 51%] [32m[1mLinking CXX shared library libvelodyne_msgs__rosidl_typesupport_c.so[0m
[4.160s] [ 53%] [32mBuilding CXX object CMakeFiles/velodyne_msgs__rosidl_typesupport_fastrtps_c.dir/rosidl_typesupport_fastrtps_c/velodyne_msgs/msg/detail/velodyne_scan__type_support_c.cpp.o[0m
[4.161s] [ 56%] [32mBuilding CXX object CMakeFiles/velodyne_msgs__rosidl_typesupport_fastrtps_c.dir/rosidl_typesupport_fastrtps_c/velodyne_msgs/msg/detail/velodyne_packet__type_support_c.cpp.o[0m
[4.209s] [ 56%] Built target velodyne_msgs__rosidl_typesupport_c
[4.209s] [ 61%] [32mBuilding C object CMakeFiles/velodyne_msgs__rosidl_typesupport_introspection_c.dir/rosidl_typesupport_introspection_c/velodyne_msgs/msg/detail/velodyne_scan__type_support.c.o[0m
[4.209s] [ 61%] [32mBuilding C object CMakeFiles/velodyne_msgs__rosidl_typesupport_introspection_c.dir/rosidl_typesupport_introspection_c/velodyne_msgs/msg/detail/velodyne_packet__type_support.c.o[0m
[4.265s] [ 64%] [32m[1mLinking C shared library libvelodyne_msgs__rosidl_typesupport_introspection_c.so[0m
[4.313s] [ 64%] Built target velodyne_msgs__rosidl_typesupport_introspection_c
[4.377s] [ 66%] [32m[1mLinking CXX shared library libvelodyne_msgs__rosidl_typesupport_cpp.so[0m
[4.424s] [ 66%] Built target velodyne_msgs__rosidl_typesupport_cpp
[4.617s] [ 69%] [32m[1mLinking CXX shared library libvelodyne_msgs__rosidl_typesupport_fastrtps_c.so[0m
[4.641s] [ 71%] [32m[1mLinking CXX shared library libvelodyne_msgs__rosidl_typesupport_introspection_cpp.so[0m
[4.655s] [ 74%] [32m[1mLinking CXX shared library libvelodyne_msgs__rosidl_typesupport_fastrtps_cpp.so[0m
[4.708s] [ 74%] Built target velodyne_msgs__rosidl_typesupport_fastrtps_c
[4.728s] [ 74%] Built target velodyne_msgs__rosidl_typesupport_introspection_cpp
[4.745s] [ 74%] Built target velodyne_msgs__rosidl_typesupport_fastrtps_cpp
[4.764s] [ 74%] Built target velodyne_msgs
[4.783s] [ 76%] [34m[1mGenerating Python code for ROS interfaces[0m
[5.644s] [ 76%] Built target velodyne_msgs__py
[5.664s] [ 82%] [32mBuilding C object CMakeFiles/velodyne_msgs__rosidl_generator_py.dir/rosidl_generator_py/velodyne_msgs/msg/_velodyne_scan_s.c.o[0m
[5.664s] [ 82%] [32mBuilding C object CMakeFiles/velodyne_msgs__rosidl_generator_py.dir/rosidl_generator_py/velodyne_msgs/msg/_velodyne_packet_s.c.o[0m
[5.784s] [ 84%] [32m[1mLinking C shared library rosidl_generator_py/velodyne_msgs/libvelodyne_msgs__rosidl_generator_py.so[0m
[5.827s] [ 84%] Built target velodyne_msgs__rosidl_generator_py
[5.846s] [ 89%] [32mBuilding C object CMakeFiles/velodyne_msgs__rosidl_typesupport_c__pyext.dir/rosidl_generator_py/velodyne_msgs/_velodyne_msgs_s.ep.rosidl_typesupport_c.c.o[0m
[5.846s] [ 89%] [32mBuilding C object CMakeFiles/velodyne_msgs__rosidl_typesupport_introspection_c__pyext.dir/rosidl_generator_py/velodyne_msgs/_velodyne_msgs_s.ep.rosidl_typesupport_introspection_c.c.o[0m
[5.846s] [ 92%] [32mBuilding C object CMakeFiles/velodyne_msgs__rosidl_typesupport_fastrtps_c__pyext.dir/rosidl_generator_py/velodyne_msgs/_velodyne_msgs_s.ep.rosidl_typesupport_fastrtps_c.c.o[0m
[5.965s] [100%] [32m[1mLinking C shared library rosidl_generator_py/velodyne_msgs/velodyne_msgs_s__rosidl_typesupport_introspection_c.cpython-310-x86_64-linux-gnu.so[0m
[5.965s] [100%] [32m[1mLinking C shared library rosidl_generator_py/velodyne_msgs/velodyne_msgs_s__rosidl_typesupport_c.cpython-310-x86_64-linux-gnu.so[0m
[5.966s] [100%] [32m[1mLinking C shared library rosidl_generator_py/velodyne_msgs/velodyne_msgs_s__rosidl_typesupport_fastrtps_c.cpython-310-x86_64-linux-gnu.so[0m
[6.008s] [100%] Built target velodyne_msgs__rosidl_typesupport_c__pyext
[6.009s] [100%] Built target velodyne_msgs__rosidl_typesupport_introspection_c__pyext
[6.009s] [100%] Built target velodyne_msgs__rosidl_typesupport_fastrtps_c__pyext
[6.020s] Invoked command in '/home/kushgarg/Desktop/ros2_ws/build/velodyne_msgs' returned '0': CMAKE_PREFIX_PATH=${CMAKE_PREFIX_PATH}:/opt/ros/humble /usr/bin/cmake --build /home/kushgarg/Desktop/ros2_ws/build/velodyne_msgs -- -j12 -l12
[6.022s] Invoking command in '/home/kushgarg/Desktop/ros2_ws/build/velodyne_msgs': CMAKE_PREFIX_PATH=${CMAKE_PREFIX_PATH}:/opt/ros/humble /usr/bin/cmake --install /home/kushgarg/Desktop/ros2_ws/build/velodyne_msgs
[6.030s] -- Install configuration: ""
[6.030s] -- Installing: /home/kushgarg/Desktop/ros2_ws/install/velodyne_msgs/share/ament_index/resource_index/rosidl_interfaces/velodyne_msgs
[6.030s] -- Installing: /home/kushgarg/Desktop/ros2_ws/install/velodyne_msgs/include/velodyne_msgs/velodyne_msgs
[6.030s] -- Installing: /home/kushgarg/Desktop/ros2_ws/install/velodyne_msgs/include/velodyne_msgs/velodyne_msgs/msg
[6.030s] -- Installing: /home/kushgarg/Desktop/ros2_ws/install/velodyne_msgs/include/velodyne_msgs/velodyne_msgs/msg/rosidl_generator_c__visibility_control.h
[6.031s] -- Installing: /home/kushgarg/Desktop/ros2_ws/install/velodyne_msgs/include/velodyne_msgs/velodyne_msgs/msg/velodyne_packet.h
[6.031s] -- Installing: /home/kushgarg/Desktop/ros2_ws/install/velodyne_msgs/include/velodyne_msgs/velodyne_msgs/msg/velodyne_scan.h
[6.031s] -- Installing: /home/kushgarg/Desktop/ros2_ws/install/velodyne_msgs/include/velodyne_msgs/velodyne_msgs/msg/detail
[6.031s] -- Installing: /home/kushgarg/Desktop/ros2_ws/install/velodyne_msgs/include/velodyne_msgs/velodyne_msgs/msg/detail/velodyne_scan__type_support.h
[6.031s] -- Installing: /home/kushgarg/Desktop/ros2_ws/install/velodyne_msgs/include/velodyne_msgs/velodyne_msgs/msg/detail/velodyne_scan__functions.c
[6.031s] -- Installing: /home/kushgarg/Desktop/ros2_ws/install/velodyne_msgs/include/velodyne_msgs/velodyne_msgs/msg/detail/velodyne_scan__functions.h
[6.031s] -- Installing: /home/kushgarg/Desktop/ros2_ws/install/velodyne_msgs/include/velodyne_msgs/velodyne_msgs/msg/detail/velodyne_packet__struct.h
[6.031s] -- Installing: /home/kushgarg/Desktop/ros2_ws/install/velodyne_msgs/include/velodyne_msgs/velodyne_msgs/msg/detail/velodyne_packet__functions.c
[6.031s] -- Installing: /home/kushgarg/Desktop/ros2_ws/install/velodyne_msgs/include/velodyne_msgs/velodyne_msgs/msg/detail/velodyne_scan__struct.h
[6.032s] -- Installing: /home/kushgarg/Desktop/ros2_ws/install/velodyne_msgs/include/velodyne_msgs/velodyne_msgs/msg/detail/velodyne_packet__type_support.h
[6.032s] -- Installing: /home/kushgarg/Desktop/ros2_ws/install/velodyne_msgs/include/velodyne_msgs/velodyne_msgs/msg/detail/velodyne_packet__functions.h
[6.032s] -- Installing: /home/kushgarg/Desktop/ros2_ws/install/velodyne_msgs/share/velodyne_msgs/environment/library_path.sh
[6.032s] -- Installing: /home/kushgarg/Desktop/ros2_ws/install/velodyne_msgs/share/velodyne_msgs/environment/library_path.dsv
[6.032s] -- Installing: /home/kushgarg/Desktop/ros2_ws/install/velodyne_msgs/lib/libvelodyne_msgs__rosidl_generator_c.so
[6.032s] -- Set runtime path of "/home/kushgarg/Desktop/ros2_ws/install/velodyne_msgs/lib/libvelodyne_msgs__rosidl_generator_c.so" to ""
[6.033s] -- Up-to-date: /home/kushgarg/Desktop/ros2_ws/install/velodyne_msgs/include/velodyne_msgs/velodyne_msgs
[6.033s] -- Up-to-date: /home/kushgarg/Desktop/ros2_ws/install/velodyne_msgs/include/velodyne_msgs/velodyne_msgs/msg
[6.033s] -- Up-to-date: /home/kushgarg/Desktop/ros2_ws/install/velodyne_msgs/include/velodyne_msgs/velodyne_msgs/msg/detail
[6.033s] -- Installing: /home/kushgarg/Desktop/ros2_ws/install/velodyne_msgs/include/velodyne_msgs/velodyne_msgs/msg/detail/velodyne_packet__rosidl_typesupport_fastrtps_c.h
[6.033s] -- Installing: /home/kushgarg/Desktop/ros2_ws/install/velodyne_msgs/include/velodyne_msgs/velodyne_msgs/msg/detail/velodyne_scan__rosidl_typesupport_fastrtps_c.h
[6.033s] -- Installing: /home/kushgarg/Desktop/ros2_ws/install/velodyne_msgs/include/velodyne_msgs/velodyne_msgs/msg/rosidl_typesupport_fastrtps_c__visibility_control.h
[6.033s] -- Installing: /home/kushgarg/Desktop/ros2_ws/install/velodyne_msgs/lib/libvelodyne_msgs__rosidl_typesupport_fastrtps_c.so
[6.033s] -- Set runtime path of "/home/kushgarg/Desktop/ros2_ws/install/velodyne_msgs/lib/libvelodyne_msgs__rosidl_typesupport_fastrtps_c.so" to ""
[6.034s] -- Up-to-date: /home/kushgarg/Desktop/ros2_ws/install/velodyne_msgs/include/velodyne_msgs/velodyne_msgs
[6.034s] -- Up-to-date: /home/kushgarg/Desktop/ros2_ws/install/velodyne_msgs/include/velodyne_msgs/velodyne_msgs/msg
[6.034s] -- Installing: /home/kushgarg/Desktop/ros2_ws/install/velodyne_msgs/include/velodyne_msgs/velodyne_msgs/msg/velodyne_scan.hpp
[6.034s] -- Installing: /home/kushgarg/Desktop/ros2_ws/install/velodyne_msgs/include/velodyne_msgs/velodyne_msgs/msg/rosidl_generator_cpp__visibility_control.hpp
[6.034s] -- Installing: /home/kushgarg/Desktop/ros2_ws/install/velodyne_msgs/include/velodyne_msgs/velodyne_msgs/msg/velodyne_packet.hpp
[6.034s] -- Up-to-date: /home/kushgarg/Desktop/ros2_ws/install/velodyne_msgs/include/velodyne_msgs/velodyne_msgs/msg/detail
[6.034s] -- Installing: /home/kushgarg/Desktop/ros2_ws/install/velodyne_msgs/include/velodyne_msgs/velodyne_msgs/msg/detail/velodyne_scan__type_support.hpp
[6.034s] -- Installing: /home/kushgarg/Desktop/ros2_ws/install/velodyne_msgs/include/velodyne_msgs/velodyne_msgs/msg/detail/velodyne_scan__traits.hpp
[6.034s] -- Installing: /home/kushgarg/Desktop/ros2_ws/install/velodyne_msgs/include/velodyne_msgs/velodyne_msgs/msg/detail/velodyne_scan__builder.hpp
[6.034s] -- Installing: /home/kushgarg/Desktop/ros2_ws/install/velodyne_msgs/include/velodyne_msgs/velodyne_msgs/msg/detail/velodyne_scan__struct.hpp
[6.035s] -- Installing: /home/kushgarg/Desktop/ros2_ws/install/velodyne_msgs/include/velodyne_msgs/velodyne_msgs/msg/detail/velodyne_packet__struct.hpp
[6.035s] -- Installing: /home/kushgarg/Desktop/ros2_ws/install/velodyne_msgs/include/velodyne_msgs/velodyne_msgs/msg/detail/velodyne_packet__builder.hpp
[6.035s] -- Installing: /home/kushgarg/Desktop/ros2_ws/install/velodyne_msgs/include/velodyne_msgs/velodyne_msgs/msg/detail/velodyne_packet__type_support.hpp
[6.035s] -- Installing: /home/kushgarg/Desktop/ros2_ws/install/velodyne_msgs/include/velodyne_msgs/velodyne_msgs/msg/detail/velodyne_packet__traits.hpp
[6.035s] -- Up-to-date: /home/kushgarg/Desktop/ros2_ws/install/velodyne_msgs/include/velodyne_msgs/velodyne_msgs
[6.035s] -- Up-to-date: /home/kushgarg/Desktop/ros2_ws/install/velodyne_msgs/include/velodyne_msgs/velodyne_msgs/msg
[6.035s] -- Up-to-date: /home/kushgarg/Desktop/ros2_ws/install/velodyne_msgs/include/velodyne_msgs/velodyne_msgs/msg/detail
[6.035s] -- Installing: /home/kushgarg/Desktop/ros2_ws/install/velodyne_msgs/include/velodyne_msgs/velodyne_msgs/msg/detail/velodyne_packet__rosidl_typesupport_fastrtps_cpp.hpp
[6.035s] -- Installing: /home/kushgarg/Desktop/ros2_ws/install/velodyne_msgs/include/velodyne_msgs/velodyne_msgs/msg/detail/dds_fastrtps
[6.036s] -- Installing: /home/kushgarg/Desktop/ros2_ws/install/velodyne_msgs/include/velodyne_msgs/velodyne_msgs/msg/detail/velodyne_scan__rosidl_typesupport_fastrtps_cpp.hpp
[6.036s] -- Installing: /home/kushgarg/Desktop/ros2_ws/install/velodyne_msgs/include/velodyne_msgs/velodyne_msgs/msg/rosidl_typesupport_fastrtps_cpp__visibility_control.h
[6.036s] -- Installing: /home/kushgarg/Desktop/ros2_ws/install/velodyne_msgs/lib/libvelodyne_msgs__rosidl_typesupport_fastrtps_cpp.so
[6.036s] -- Set runtime path of "/home/kushgarg/Desktop/ros2_ws/install/velodyne_msgs/lib/libvelodyne_msgs__rosidl_typesupport_fastrtps_cpp.so" to ""
[6.036s] -- Up-to-date: /home/kushgarg/Desktop/ros2_ws/install/velodyne_msgs/include/velodyne_msgs/velodyne_msgs
[6.036s] -- Up-to-date: /home/kushgarg/Desktop/ros2_ws/install/velodyne_msgs/include/velodyne_msgs/velodyne_msgs/msg
[6.036s] -- Up-to-date: /home/kushgarg/Desktop/ros2_ws/install/velodyne_msgs/include/velodyne_msgs/velodyne_msgs/msg/detail
[6.036s] -- Installing: /home/kushgarg/Desktop/ros2_ws/install/velodyne_msgs/include/velodyne_msgs/velodyne_msgs/msg/detail/velodyne_scan__type_support.c
[6.036s] -- Installing: /home/kushgarg/Desktop/ros2_ws/install/velodyne_msgs/include/velodyne_msgs/velodyne_msgs/msg/detail/velodyne_packet__type_support.c
[6.037s] -- Installing: /home/kushgarg/Desktop/ros2_ws/install/velodyne_msgs/include/velodyne_msgs/velodyne_msgs/msg/detail/velodyne_packet__rosidl_typesupport_introspection_c.h
[6.037s] -- Installing: /home/kushgarg/Desktop/ros2_ws/install/velodyne_msgs/include/velodyne_msgs/velodyne_msgs/msg/detail/velodyne_scan__rosidl_typesupport_introspection_c.h
[6.037s] -- Installing: /home/kushgarg/Desktop/ros2_ws/install/velodyne_msgs/include/velodyne_msgs/velodyne_msgs/msg/rosidl_typesupport_introspection_c__visibility_control.h
[6.037s] -- Installing: /home/kushgarg/Desktop/ros2_ws/install/velodyne_msgs/lib/libvelodyne_msgs__rosidl_typesupport_introspection_c.so
[6.038s] -- Set runtime path of "/home/kushgarg/Desktop/ros2_ws/install/velodyne_msgs/lib/libvelodyne_msgs__rosidl_typesupport_introspection_c.so" to ""
[6.038s] -- Installing: /home/kushgarg/Desktop/ros2_ws/install/velodyne_msgs/lib/libvelodyne_msgs__rosidl_typesupport_c.so
[6.038s] -- Set runtime path of "/home/kushgarg/Desktop/ros2_ws/install/velodyne_msgs/lib/libvelodyne_msgs__rosidl_typesupport_c.so" to ""
[6.038s] -- Up-to-date: /home/kushgarg/Desktop/ros2_ws/install/velodyne_msgs/include/velodyne_msgs/velodyne_msgs
[6.039s] -- Up-to-date: /home/kushgarg/Desktop/ros2_ws/install/velodyne_msgs/include/velodyne_msgs/velodyne_msgs/msg
[6.039s] -- Up-to-date: /home/kushgarg/Desktop/ros2_ws/install/velodyne_msgs/include/velodyne_msgs/velodyne_msgs/msg/detail
[6.039s] -- Installing: /home/kushgarg/Desktop/ros2_ws/install/velodyne_msgs/include/velodyne_msgs/velodyne_msgs/msg/detail/velodyne_packet__type_support.cpp
[6.039s] -- Installing: /home/kushgarg/Desktop/ros2_ws/install/velodyne_msgs/include/velodyne_msgs/velodyne_msgs/msg/detail/velodyne_scan__type_support.cpp
[6.039s] -- Installing: /home/kushgarg/Desktop/ros2_ws/install/velodyne_msgs/include/velodyne_msgs/velodyne_msgs/msg/detail/velodyne_scan__rosidl_typesupport_introspection_cpp.hpp
[6.039s] -- Installing: /home/kushgarg/Desktop/ros2_ws/install/velodyne_msgs/include/velodyne_msgs/velodyne_msgs/msg/detail/velodyne_packet__rosidl_typesupport_introspection_cpp.hpp
[6.039s] -- Installing: /home/kushgarg/Desktop/ros2_ws/install/velodyne_msgs/lib/libvelodyne_msgs__rosidl_typesupport_introspection_cpp.so
[6.039s] -- Set runtime path of "/home/kushgarg/Desktop/ros2_ws/install/velodyne_msgs/lib/libvelodyne_msgs__rosidl_typesupport_introspection_cpp.so" to ""
[6.040s] -- Installing: /home/kushgarg/Desktop/ros2_ws/install/velodyne_msgs/lib/libvelodyne_msgs__rosidl_typesupport_cpp.so
[6.040s] -- Set runtime path of "/home/kushgarg/Desktop/ros2_ws/install/velodyne_msgs/lib/libvelodyne_msgs__rosidl_typesupport_cpp.so" to ""
[6.040s] -- Installing: /home/kushgarg/Desktop/ros2_ws/install/velodyne_msgs/share/velodyne_msgs/environment/pythonpath.sh
[6.040s] -- Installing: /home/kushgarg/Desktop/ros2_ws/install/velodyne_msgs/share/velodyne_msgs/environment/pythonpath.dsv
[6.040s] -- Installing: /home/kushgarg/Desktop/ros2_ws/install/velodyne_msgs/local/lib/python3.10/dist-packages/velodyne_msgs-2.5.1-py3.10.egg-info
[6.040s] -- Installing: /home/kushgarg/Desktop/ros2_ws/install/velodyne_msgs/local/lib/python3.10/dist-packages/velodyne_msgs-2.5.1-py3.10.egg-info/SOURCES.txt
[6.042s] -- Installing: /home/kushgarg/Desktop/ros2_ws/install/velodyne_msgs/local/lib/python3.10/dist-packages/velodyne_msgs-2.5.1-py3.10.egg-info/PKG-INFO
[6.042s] -- Installing: /home/kushgarg/Desktop/ros2_ws/install/velodyne_msgs/local/lib/python3.10/dist-packages/velodyne_msgs-2.5.1-py3.10.egg-info/top_level.txt
[6.042s] -- Installing: /home/kushgarg/Desktop/ros2_ws/install/velodyne_msgs/local/lib/python3.10/dist-packages/velodyne_msgs-2.5.1-py3.10.egg-info/dependency_links.txt
[6.042s] -- Installing: /home/kushgarg/Desktop/ros2_ws/install/velodyne_msgs/local/lib/python3.10/dist-packages/velodyne_msgs
[6.042s] -- Installing: /home/kushgarg/Desktop/ros2_ws/install/velodyne_msgs/local/lib/python3.10/dist-packages/velodyne_msgs/libvelodyne_msgs__rosidl_generator_py.so
[6.042s] -- Installing: /home/kushgarg/Desktop/ros2_ws/install/velodyne_msgs/local/lib/python3.10/dist-packages/velodyne_msgs/__init__.py
[6.043s] -- Installing: /home/kushgarg/Desktop/ros2_ws/install/velodyne_msgs/local/lib/python3.10/dist-packages/velodyne_msgs/_velodyne_msgs_s.ep.rosidl_typesupport_fastrtps_c.c
[6.043s] -- Installing: /home/kushgarg/Desktop/ros2_ws/install/velodyne_msgs/local/lib/python3.10/dist-packages/velodyne_msgs/_velodyne_msgs_s.ep.rosidl_typesupport_c.c
[6.043s] -- Installing: /home/kushgarg/Desktop/ros2_ws/install/velodyne_msgs/local/lib/python3.10/dist-packages/velodyne_msgs/velodyne_msgs_s__rosidl_typesupport_fastrtps_c.cpython-310-x86_64-linux-gnu.so
[6.043s] -- Installing: /home/kushgarg/Desktop/ros2_ws/install/velodyne_msgs/local/lib/python3.10/dist-packages/velodyne_msgs/velodyne_msgs_s__rosidl_typesupport_introspection_c.cpython-310-x86_64-linux-gnu.so
[6.043s] -- Installing: /home/kushgarg/Desktop/ros2_ws/install/velodyne_msgs/local/lib/python3.10/dist-packages/velodyne_msgs/velodyne_msgs_s__rosidl_typesupport_c.cpython-310-x86_64-linux-gnu.so
[6.043s] -- Installing: /home/kushgarg/Desktop/ros2_ws/install/velodyne_msgs/local/lib/python3.10/dist-packages/velodyne_msgs/_velodyne_msgs_s.ep.rosidl_typesupport_introspection_c.c
[6.043s] -- Installing: /home/kushgarg/Desktop/ros2_ws/install/velodyne_msgs/local/lib/python3.10/dist-packages/velodyne_msgs/msg
[6.043s] -- Installing: /home/kushgarg/Desktop/ros2_ws/install/velodyne_msgs/local/lib/python3.10/dist-packages/velodyne_msgs/msg/_velodyne_scan_s.c
[6.043s] -- Installing: /home/kushgarg/Desktop/ros2_ws/install/velodyne_msgs/local/lib/python3.10/dist-packages/velodyne_msgs/msg/_velodyne_packet_s.c
[6.044s] -- Installing: /home/kushgarg/Desktop/ros2_ws/install/velodyne_msgs/local/lib/python3.10/dist-packages/velodyne_msgs/msg/_velodyne_packet.py
[6.044s] -- Installing: /home/kushgarg/Desktop/ros2_ws/install/velodyne_msgs/local/lib/python3.10/dist-packages/velodyne_msgs/msg/__init__.py
[6.044s] -- Installing: /home/kushgarg/Desktop/ros2_ws/install/velodyne_msgs/local/lib/python3.10/dist-packages/velodyne_msgs/msg/_velodyne_scan.py
[6.085s] Listing '/home/kushgarg/Desktop/ros2_ws/install/velodyne_msgs/local/lib/python3.10/dist-packages/velodyne_msgs'...
[6.085s] Compiling '/home/kushgarg/Desktop/ros2_ws/install/velodyne_msgs/local/lib/python3.10/dist-packages/velodyne_msgs/__init__.py'...
[6.085s] Listing '/home/kushgarg/Desktop/ros2_ws/install/velodyne_msgs/local/lib/python3.10/dist-packages/velodyne_msgs/msg'...
[6.085s] Compiling '/home/kushgarg/Desktop/ros2_ws/install/velodyne_msgs/local/lib/python3.10/dist-packages/velodyne_msgs/msg/__init__.py'...
[6.085s] Compiling '/home/kushgarg/Desktop/ros2_ws/install/velodyne_msgs/local/lib/python3.10/dist-packages/velodyne_msgs/msg/_velodyne_packet.py'...
[6.086s] Compiling '/home/kushgarg/Desktop/ros2_ws/install/velodyne_msgs/local/lib/python3.10/dist-packages/velodyne_msgs/msg/_velodyne_scan.py'...
[6.090s] -- Installing: /home/kushgarg/Desktop/ros2_ws/install/velodyne_msgs/local/lib/python3.10/dist-packages/velodyne_msgs/velodyne_msgs_s__rosidl_typesupport_fastrtps_c.cpython-310-x86_64-linux-gnu.so
[6.091s] -- Set runtime path of "/home/kushgarg/Desktop/ros2_ws/install/velodyne_msgs/local/lib/python3.10/dist-packages/velodyne_msgs/velodyne_msgs_s__rosidl_typesupport_fastrtps_c.cpython-310-x86_64-linux-gnu.so" to ""
[6.091s] -- Installing: /home/kushgarg/Desktop/ros2_ws/install/velodyne_msgs/local/lib/python3.10/dist-packages/velodyne_msgs/velodyne_msgs_s__rosidl_typesupport_introspection_c.cpython-310-x86_64-linux-gnu.so
[6.091s] -- Set runtime path of "/home/kushgarg/Desktop/ros2_ws/install/velodyne_msgs/local/lib/python3.10/dist-packages/velodyne_msgs/velodyne_msgs_s__rosidl_typesupport_introspection_c.cpython-310-x86_64-linux-gnu.so" to ""
[6.092s] -- Installing: /home/kushgarg/Desktop/ros2_ws/install/velodyne_msgs/local/lib/python3.10/dist-packages/velodyne_msgs/velodyne_msgs_s__rosidl_typesupport_c.cpython-310-x86_64-linux-gnu.so
[6.092s] -- Set runtime path of "/home/kushgarg/Desktop/ros2_ws/install/velodyne_msgs/local/lib/python3.10/dist-packages/velodyne_msgs/velodyne_msgs_s__rosidl_typesupport_c.cpython-310-x86_64-linux-gnu.so" to ""
[6.092s] -- Installing: /home/kushgarg/Desktop/ros2_ws/install/velodyne_msgs/lib/libvelodyne_msgs__rosidl_generator_py.so
[6.092s] -- Set runtime path of "/home/kushgarg/Desktop/ros2_ws/install/velodyne_msgs/lib/libvelodyne_msgs__rosidl_generator_py.so" to ""
[6.093s] -- Installing: /home/kushgarg/Desktop/ros2_ws/install/velodyne_msgs/share/velodyne_msgs/msg/VelodynePacket.idl
[6.093s] -- Installing: /home/kushgarg/Desktop/ros2_ws/install/velodyne_msgs/share/velodyne_msgs/msg/VelodyneScan.idl
[6.093s] -- Installing: /home/kushgarg/Desktop/ros2_ws/install/velodyne_msgs/share/velodyne_msgs/msg/VelodynePacket.msg
[6.093s] -- Installing: /home/kushgarg/Desktop/ros2_ws/install/velodyne_msgs/share/velodyne_msgs/msg/VelodyneScan.msg
[6.093s] -- Installing: /home/kushgarg/Desktop/ros2_ws/install/velodyne_msgs/share/ament_index/resource_index/package_run_dependencies/velodyne_msgs
[6.093s] -- Installing: /home/kushgarg/Desktop/ros2_ws/install/velodyne_msgs/share/ament_index/resource_index/parent_prefix_path/velodyne_msgs
[6.093s] -- Installing: /home/kushgarg/Desktop/ros2_ws/install/velodyne_msgs/share/velodyne_msgs/environment/ament_prefix_path.sh
[6.094s] -- Installing: /home/kushgarg/Desktop/ros2_ws/install/velodyne_msgs/share/velodyne_msgs/environment/ament_prefix_path.dsv
[6.094s] -- Installing: /home/kushgarg/Desktop/ros2_ws/install/velodyne_msgs/share/velodyne_msgs/environment/path.sh
[6.094s] -- Installing: /home/kushgarg/Desktop/ros2_ws/install/velodyne_msgs/share/velodyne_msgs/environment/path.dsv
[6.094s] -- Installing: /home/kushgarg/Desktop/ros2_ws/install/velodyne_msgs/share/velodyne_msgs/local_setup.bash
[6.094s] -- Installing: /home/kushgarg/Desktop/ros2_ws/install/velodyne_msgs/share/velodyne_msgs/local_setup.sh
[6.094s] -- Installing: /home/kushgarg/Desktop/ros2_ws/install/velodyne_msgs/share/velodyne_msgs/local_setup.zsh
[6.094s] -- Installing: /home/kushgarg/Desktop/ros2_ws/install/velodyne_msgs/share/velodyne_msgs/local_setup.dsv
[6.095s] -- Installing: /home/kushgarg/Desktop/ros2_ws/install/velodyne_msgs/share/velodyne_msgs/package.dsv
[6.095s] -- Installing: /home/kushgarg/Desktop/ros2_ws/install/velodyne_msgs/share/ament_index/resource_index/packages/velodyne_msgs
[6.095s] -- Installing: /home/kushgarg/Desktop/ros2_ws/install/velodyne_msgs/share/velodyne_msgs/cmake/export_velodyne_msgs__rosidl_generator_cExport.cmake
[6.095s] -- Installing: /home/kushgarg/Desktop/ros2_ws/install/velodyne_msgs/share/velodyne_msgs/cmake/export_velodyne_msgs__rosidl_generator_cExport-noconfig.cmake
[6.095s] -- Installing: /home/kushgarg/Desktop/ros2_ws/install/velodyne_msgs/share/velodyne_msgs/cmake/export_velodyne_msgs__rosidl_typesupport_fastrtps_cExport.cmake
[6.095s] -- Installing: /home/kushgarg/Desktop/ros2_ws/install/velodyne_msgs/share/velodyne_msgs/cmake/export_velodyne_msgs__rosidl_typesupport_fastrtps_cExport-noconfig.cmake
[6.095s] -- Installing: /home/kushgarg/Desktop/ros2_ws/install/velodyne_msgs/share/velodyne_msgs/cmake/export_velodyne_msgs__rosidl_generator_cppExport.cmake
[6.096s] -- Installing: /home/kushgarg/Desktop/ros2_ws/install/velodyne_msgs/share/velodyne_msgs/cmake/export_velodyne_msgs__rosidl_typesupport_fastrtps_cppExport.cmake
[6.096s] -- Installing: /home/kushgarg/Desktop/ros2_ws/install/velodyne_msgs/share/velodyne_msgs/cmake/export_velodyne_msgs__rosidl_typesupport_fastrtps_cppExport-noconfig.cmake
[6.096s] -- Installing: /home/kushgarg/Desktop/ros2_ws/install/velodyne_msgs/share/velodyne_msgs/cmake/velodyne_msgs__rosidl_typesupport_introspection_cExport.cmake
[6.096s] -- Installing: /home/kushgarg/Desktop/ros2_ws/install/velodyne_msgs/share/velodyne_msgs/cmake/velodyne_msgs__rosidl_typesupport_introspection_cExport-noconfig.cmake
[6.096s] -- Installing: /home/kushgarg/Desktop/ros2_ws/install/velodyne_msgs/share/velodyne_msgs/cmake/velodyne_msgs__rosidl_typesupport_cExport.cmake
[6.096s] -- Installing: /home/kushgarg/Desktop/ros2_ws/install/velodyne_msgs/share/velodyne_msgs/cmake/velodyne_msgs__rosidl_typesupport_cExport-noconfig.cmake
[6.096s] -- Installing: /home/kushgarg/Desktop/ros2_ws/install/velodyne_msgs/share/velodyne_msgs/cmake/velodyne_msgs__rosidl_typesupport_introspection_cppExport.cmake
[6.097s] -- Installing: /home/kushgarg/Desktop/ros2_ws/install/velodyne_msgs/share/velodyne_msgs/cmake/velodyne_msgs__rosidl_typesupport_introspection_cppExport-noconfig.cmake
[6.097s] -- Installing: /home/kushgarg/Desktop/ros2_ws/install/velodyne_msgs/share/velodyne_msgs/cmake/velodyne_msgs__rosidl_typesupport_cppExport.cmake
[6.098s] -- Installing: /home/kushgarg/Desktop/ros2_ws/install/velodyne_msgs/share/velodyne_msgs/cmake/velodyne_msgs__rosidl_typesupport_cppExport-noconfig.cmake
[6.098s] -- Installing: /home/kushgarg/Desktop/ros2_ws/install/velodyne_msgs/share/velodyne_msgs/cmake/export_velodyne_msgs__rosidl_generator_pyExport.cmake
[6.098s] -- Installing: /home/kushgarg/Desktop/ros2_ws/install/velodyne_msgs/share/velodyne_msgs/cmake/export_velodyne_msgs__rosidl_generator_pyExport-noconfig.cmake
[6.098s] -- Installing: /home/kushgarg/Desktop/ros2_ws/install/velodyne_msgs/share/velodyne_msgs/cmake/rosidl_cmake-extras.cmake
[6.098s] -- Installing: /home/kushgarg/Desktop/ros2_ws/install/velodyne_msgs/share/velodyne_msgs/cmake/ament_cmake_export_dependencies-extras.cmake
[6.098s] -- Installing: /home/kushgarg/Desktop/ros2_ws/install/velodyne_msgs/share/velodyne_msgs/cmake/ament_cmake_export_include_directories-extras.cmake
[6.099s] -- Installing: /home/kushgarg/Desktop/ros2_ws/install/velodyne_msgs/share/velodyne_msgs/cmake/ament_cmake_export_libraries-extras.cmake
[6.099s] -- Installing: /home/kushgarg/Desktop/ros2_ws/install/velodyne_msgs/share/velodyne_msgs/cmake/ament_cmake_export_targets-extras.cmake
[6.099s] -- Installing: /home/kushgarg/Desktop/ros2_ws/install/velodyne_msgs/share/velodyne_msgs/cmake/rosidl_cmake_export_typesupport_targets-extras.cmake
[6.099s] -- Installing: /home/kushgarg/Desktop/ros2_ws/install/velodyne_msgs/share/velodyne_msgs/cmake/rosidl_cmake_export_typesupport_libraries-extras.cmake
[6.099s] -- Installing: /home/kushgarg/Desktop/ros2_ws/install/velodyne_msgs/share/velodyne_msgs/cmake/velodyne_msgsConfig.cmake
[6.099s] -- Installing: /home/kushgarg/Desktop/ros2_ws/install/velodyne_msgs/share/velodyne_msgs/cmake/velodyne_msgsConfig-version.cmake
[6.099s] -- Installing: /home/kushgarg/Desktop/ros2_ws/install/velodyne_msgs/share/velodyne_msgs/package.xml
[6.102s] Invoked command in '/home/kushgarg/Desktop/ros2_ws/build/velodyne_msgs' returned '0': CMAKE_PREFIX_PATH=${CMAKE_PREFIX_PATH}:/opt/ros/humble /usr/bin/cmake --install /home/kushgarg/Desktop/ros2_ws/build/velodyne_msgs
