[0.055s] Invoking command in '/home/kushgarg/Desktop/ros2_ws/build/velodyne': CMAKE_PREFIX_PATH=/home/kushgarg/Desktop/ros2_ws/install/velodyne_pointcloud:/home/kushgarg/Desktop/ros2_ws/install/velodyne_driver:/home/kushgarg/Desktop/ros2_ws/install/velodyne_msgs:/home/kushgarg/Desktop/ros2_ws/install/velodyne_laserscan:/home/kushgarg/Desktop/ros2_ws/install/mobile_robot2:/home/kushgarg/Desktop/ros2_ws/install/velodyne_simulator:/home/kushgarg/Desktop/ros2_ws/install/velodyne:/home/kushgarg/Desktop/ros2_ws/install/velodyne_gazebo_plugins:/home/kushgarg/Desktop/ros2_ws/install/mobile_robot:/home/kushgarg/Desktop/ros2_ws/install/velodyne_description:/opt/ros/humble /usr/bin/cmake /home/kushgarg/Desktop/ros2_ws/src/velodyne/velodyne -DCMAKE_INSTALL_PREFIX=/home/kushgarg/Desktop/ros2_ws/install/velodyne
[0.262s] -- The C compiler identification is GNU 11.4.0
[0.490s] -- The CXX compiler identification is GNU 11.4.0
[0.522s] -- Detecting C compiler ABI info
[0.788s] -- Detecting C compiler ABI info - done
[0.841s] -- Check for working C compiler: /usr/bin/cc - skipped
[0.843s] -- Detecting C compile features
[0.845s] -- Detecting C compile features - done
[0.861s] -- Detecting CXX compiler ABI info
[1.152s] -- Detecting CXX compiler ABI info - done
[1.203s] -- Check for working CXX compiler: /usr/bin/c++ - skipped
[1.204s] -- Detecting CXX compile features
[1.206s] -- Detecting CXX compile features - done
[1.216s] -- Found ament_cmake: 1.3.11 (/opt/ros/humble/share/ament_cmake/cmake)
[2.273s] -- Found Python3: /usr/bin/python3 (found version "3.10.12") found components: Interpreter 
[2.574s] -- Configuring done
[2.582s] -- Generating done
[2.589s] -- Build files have been written to: /home/kushgarg/Desktop/ros2_ws/build/velodyne
[2.602s] Invoked command in '/home/kushgarg/Desktop/ros2_ws/build/velodyne' returned '0': CMAKE_PREFIX_PATH=/home/kushgarg/Desktop/ros2_ws/install/velodyne_pointcloud:/home/kushgarg/Desktop/ros2_ws/install/velodyne_driver:/home/kushgarg/Desktop/ros2_ws/install/velodyne_msgs:/home/kushgarg/Desktop/ros2_ws/install/velodyne_laserscan:/home/kushgarg/Desktop/ros2_ws/install/mobile_robot2:/home/kushgarg/Desktop/ros2_ws/install/velodyne_simulator:/home/kushgarg/Desktop/ros2_ws/install/velodyne:/home/kushgarg/Desktop/ros2_ws/install/velodyne_gazebo_plugins:/home/kushgarg/Desktop/ros2_ws/install/mobile_robot:/home/kushgarg/Desktop/ros2_ws/install/velodyne_description:/opt/ros/humble /usr/bin/cmake /home/kushgarg/Desktop/ros2_ws/src/velodyne/velodyne -DCMAKE_INSTALL_PREFIX=/home/kushgarg/Desktop/ros2_ws/install/velodyne
[2.607s] Invoking command in '/home/kushgarg/Desktop/ros2_ws/build/velodyne': CMAKE_PREFIX_PATH=/home/kushgarg/Desktop/ros2_ws/install/velodyne_pointcloud:/home/kushgarg/Desktop/ros2_ws/install/velodyne_driver:/home/kushgarg/Desktop/ros2_ws/install/velodyne_msgs:/home/kushgarg/Desktop/ros2_ws/install/velodyne_laserscan:/home/kushgarg/Desktop/ros2_ws/install/mobile_robot2:/home/kushgarg/Desktop/ros2_ws/install/velodyne_simulator:/home/kushgarg/Desktop/ros2_ws/install/velodyne:/home/kushgarg/Desktop/ros2_ws/install/velodyne_gazebo_plugins:/home/kushgarg/Desktop/ros2_ws/install/mobile_robot:/home/kushgarg/Desktop/ros2_ws/install/velodyne_description:/opt/ros/humble /usr/bin/cmake --build /home/kushgarg/Desktop/ros2_ws/build/velodyne -- -j12 -l12
[2.727s] Invoked command in '/home/kushgarg/Desktop/ros2_ws/build/velodyne' returned '0': CMAKE_PREFIX_PATH=/home/kushgarg/Desktop/ros2_ws/install/velodyne_pointcloud:/home/kushgarg/Desktop/ros2_ws/install/velodyne_driver:/home/kushgarg/Desktop/ros2_ws/install/velodyne_msgs:/home/kushgarg/Desktop/ros2_ws/install/velodyne_laserscan:/home/kushgarg/Desktop/ros2_ws/install/mobile_robot2:/home/kushgarg/Desktop/ros2_ws/install/velodyne_simulator:/home/kushgarg/Desktop/ros2_ws/install/velodyne:/home/kushgarg/Desktop/ros2_ws/install/velodyne_gazebo_plugins:/home/kushgarg/Desktop/ros2_ws/install/mobile_robot:/home/kushgarg/Desktop/ros2_ws/install/velodyne_description:/opt/ros/humble /usr/bin/cmake --build /home/kushgarg/Desktop/ros2_ws/build/velodyne -- -j12 -l12
[2.731s] Invoking command in '/home/kushgarg/Desktop/ros2_ws/build/velodyne': CMAKE_PREFIX_PATH=/home/kushgarg/Desktop/ros2_ws/install/velodyne_pointcloud:/home/kushgarg/Desktop/ros2_ws/install/velodyne_driver:/home/kushgarg/Desktop/ros2_ws/install/velodyne_msgs:/home/kushgarg/Desktop/ros2_ws/install/velodyne_laserscan:/home/kushgarg/Desktop/ros2_ws/install/mobile_robot2:/home/kushgarg/Desktop/ros2_ws/install/velodyne_simulator:/home/kushgarg/Desktop/ros2_ws/install/velodyne:/home/kushgarg/Desktop/ros2_ws/install/velodyne_gazebo_plugins:/home/kushgarg/Desktop/ros2_ws/install/mobile_robot:/home/kushgarg/Desktop/ros2_ws/install/velodyne_description:/opt/ros/humble /usr/bin/cmake --install /home/kushgarg/Desktop/ros2_ws/build/velodyne
[2.755s] -- Install configuration: ""
[2.755s] -- Installing: /home/kushgarg/Desktop/ros2_ws/install/velodyne/share/velodyne/launch
[2.756s] -- Installing: /home/kushgarg/Desktop/ros2_ws/install/velodyne/share/velodyne/launch/velodyne-all-nodes-VLS128-launch.py
[2.756s] -- Installing: /home/kushgarg/Desktop/ros2_ws/install/velodyne/share/velodyne/launch/velodyne-all-nodes-VLP16-launch.py
[2.757s] -- Installing: /home/kushgarg/Desktop/ros2_ws/install/velodyne/share/velodyne/launch/velodyne-all-nodes-VLS128-composed-launch.py
[2.757s] -- Installing: /home/kushgarg/Desktop/ros2_ws/install/velodyne/share/velodyne/launch/velodyne-all-nodes-VLP32C-launch.py
[2.757s] -- Installing: /home/kushgarg/Desktop/ros2_ws/install/velodyne/share/velodyne/launch/velodyne-all-nodes-VLP32C-composed-launch.py
[2.758s] -- Installing: /home/kushgarg/Desktop/ros2_ws/install/velodyne/share/velodyne/launch/velodyne-all-nodes-VLP16-composed-launch.py
[2.758s] -- Installing: /home/kushgarg/Desktop/ros2_ws/install/velodyne/share/ament_index/resource_index/package_run_dependencies/velodyne
[2.759s] -- Installing: /home/kushgarg/Desktop/ros2_ws/install/velodyne/share/ament_index/resource_index/parent_prefix_path/velodyne
[2.760s] -- Installing: /home/kushgarg/Desktop/ros2_ws/install/velodyne/share/velodyne/environment/ament_prefix_path.sh
[2.760s] -- Installing: /home/kushgarg/Desktop/ros2_ws/install/velodyne/share/velodyne/environment/ament_prefix_path.dsv
[2.761s] -- Installing: /home/kushgarg/Desktop/ros2_ws/install/velodyne/share/velodyne/environment/path.sh
[2.761s] -- Installing: /home/kushgarg/Desktop/ros2_ws/install/velodyne/share/velodyne/environment/path.dsv
[2.762s] -- Installing: /home/kushgarg/Desktop/ros2_ws/install/velodyne/share/velodyne/local_setup.bash
[2.762s] -- Installing: /home/kushgarg/Desktop/ros2_ws/install/velodyne/share/velodyne/local_setup.sh
[2.763s] -- Installing: /home/kushgarg/Desktop/ros2_ws/install/velodyne/share/velodyne/local_setup.zsh
[2.763s] -- Installing: /home/kushgarg/Desktop/ros2_ws/install/velodyne/share/velodyne/local_setup.dsv
[2.764s] -- Installing: /home/kushgarg/Desktop/ros2_ws/install/velodyne/share/velodyne/package.dsv
[2.764s] -- Installing: /home/kushgarg/Desktop/ros2_ws/install/velodyne/share/ament_index/resource_index/packages/velodyne
[2.765s] -- Installing: /home/kushgarg/Desktop/ros2_ws/install/velodyne/share/velodyne/cmake/velodyneConfig.cmake
[2.765s] -- Installing: /home/kushgarg/Desktop/ros2_ws/install/velodyne/share/velodyne/cmake/velodyneConfig-version.cmake
[2.766s] -- Installing: /home/kushgarg/Desktop/ros2_ws/install/velodyne/share/velodyne/package.xml
[2.774s] Invoked command in '/home/kushgarg/Desktop/ros2_ws/build/velodyne' returned '0': CMAKE_PREFIX_PATH=/home/kushgarg/Desktop/ros2_ws/install/velodyne_pointcloud:/home/kushgarg/Desktop/ros2_ws/install/velodyne_driver:/home/kushgarg/Desktop/ros2_ws/install/velodyne_msgs:/home/kushgarg/Desktop/ros2_ws/install/velodyne_laserscan:/home/kushgarg/Desktop/ros2_ws/install/mobile_robot2:/home/kushgarg/Desktop/ros2_ws/install/velodyne_simulator:/home/kushgarg/Desktop/ros2_ws/install/velodyne:/home/kushgarg/Desktop/ros2_ws/install/velodyne_gazebo_plugins:/home/kushgarg/Desktop/ros2_ws/install/mobile_robot:/home/kushgarg/Desktop/ros2_ws/install/velodyne_description:/opt/ros/humble /usr/bin/cmake --install /home/kushgarg/Desktop/ros2_ws/build/velodyne
