[0.019s] Invoking command in '/home/kushgarg/Desktop/ros2_ws/build/mobile_robot2': CMAKE_PREFIX_PATH=${CMAKE_PREFIX_PATH}:/opt/ros/humble /usr/bin/cmake /home/kushgarg/Desktop/ros2_ws/src/mobile_robot2 -DCMAKE_INSTALL_PREFIX=/home/kushgarg/Desktop/ros2_ws/install/mobile_robot2
[0.093s] -- The C compiler identification is GNU 11.4.0
[0.177s] -- The CXX compiler identification is GNU 11.4.0
[0.188s] -- Detecting C compiler ABI info
[0.276s] -- Detecting C compiler ABI info - done
[0.293s] -- Check for working C compiler: /usr/bin/cc - skipped
[0.293s] -- Detecting C compile features
[0.294s] -- Detecting C compile features - done
[0.298s] -- Detecting CXX compiler ABI info
[0.385s] -- Detecting CXX compiler ABI info - done
[0.401s] -- Check for working CXX compiler: /usr/bin/c++ - skipped
[0.402s] -- Detecting CXX compile features
[0.402s] -- Detecting CXX compile features - done
[0.405s] -- Found ament_cmake: 1.3.11 (/opt/ros/humble/share/ament_cmake/cmake)
[0.875s] -- Found Python3: /usr/bin/python3 (found version "3.10.12") found components: Interpreter 
[0.978s] -- Found rclcpp: 16.0.11 (/opt/ros/humble/share/rclcpp/cmake)
[1.037s] -- Found rosidl_generator_c: 3.1.6 (/opt/ros/humble/share/rosidl_generator_c/cmake)
[1.044s] -- Found rosidl_adapter: 3.1.6 (/opt/ros/humble/share/rosidl_adapter/cmake)
[1.056s] -- Found rosidl_generator_cpp: 3.1.6 (/opt/ros/humble/share/rosidl_generator_cpp/cmake)
[1.074s] -- Using all available rosidl_typesupport_c: rosidl_typesupport_fastrtps_c;rosidl_typesupport_introspection_c
[1.099s] -- Using all available rosidl_typesupport_cpp: rosidl_typesupport_fastrtps_cpp;rosidl_typesupport_introspection_cpp
[1.169s] -- Found rmw_implementation_cmake: 6.1.2 (/opt/ros/humble/share/rmw_implementation_cmake/cmake)
[1.172s] -- Found rmw_fastrtps_cpp: 6.2.7 (/opt/ros/humble/share/rmw_fastrtps_cpp/cmake)
[1.277s] -- Found OpenSSL: /usr/lib/x86_64-linux-gnu/libcrypto.so (found version "3.0.2")  
[1.314s] -- Found FastRTPS: /opt/ros/humble/include  
[1.366s] -- Using RMW implementation 'rmw_fastrtps_cpp' as default
[1.376s] -- Looking for pthread.h
[1.456s] -- Looking for pthread.h - found
[1.456s] -- Performing Test CMAKE_HAVE_LIBC_PTHREAD
[1.549s] -- Performing Test CMAKE_HAVE_LIBC_PTHREAD - Success
[1.550s] -- Found Threads: TRUE  
[1.665s] -- Found rclpy: 3.3.15 (/opt/ros/humble/share/rclpy/cmake)
[1.666s] -- Found xacro: 2.0.8 (/opt/ros/humble/share/xacro/cmake)
[1.669s] -- Found gazebo_ros: 3.7.0 (/opt/ros/humble/share/gazebo_ros/cmake)
[1.681s] -- Found PkgConfig: /usr/bin/pkg-config (found version "0.29.2") 
[1.683s] -- Checking for module 'bullet>=2.82'
[1.696s] --   Found bullet, version 3.05
[1.800s] -- Found fcl: /usr/include (found suitable version "0.7.0", minimum required is "0.5.0") 
[1.867s] -- Found assimp: /usr/include (found version "5.2.0") 
[1.917s] -- Found DART: /usr/include (Required is at least version "6.6") found components: dart 
[2.010s] -- Found Boost: /usr/lib/x86_64-linux-gnu/cmake/Boost-1.74.0/BoostConfig.cmake (found suitable version "1.74.0", minimum required is "1.40.0") found components: thread system filesystem program_options regex iostreams date_time 
[2.070s] -- Found Protobuf: /usr/lib/x86_64-linux-gnu/libprotobuf.so (found version "3.12.4") 
[2.083s] -- Looking for ignition-math6 -- found version 6.15.1
[2.101s] -- Searching for dependencies of ignition-math6
[2.106s] -- Looking for OGRE...
[2.107s] -- OGRE_PREFIX_WATCH changed.
[2.122s] -- Checking for module 'OGRE'
[2.155s] --   Found OGRE, version 1.9.0
[2.243s] -- Found Ogre Ghadamon (1.9.0)
[2.277s] -- Found OGRE: optimized;/usr/lib/x86_64-linux-gnu/libOgreMain.so;debug;/usr/lib/x86_64-linux-gnu/libOgreMain.so
[2.312s] -- Looking for OGRE_Paging...
[2.342s] -- Found OGRE_Paging: optimized;/usr/lib/x86_64-linux-gnu/libOgrePaging.so;debug;/usr/lib/x86_64-linux-gnu/libOgrePaging.so
[2.343s] -- Looking for OGRE_Terrain...
[2.367s] -- Found OGRE_Terrain: optimized;/usr/lib/x86_64-linux-gnu/libOgreTerrain.so;debug;/usr/lib/x86_64-linux-gnu/libOgreTerrain.so
[2.368s] -- Looking for OGRE_Property...
[2.384s] -- Found OGRE_Property: optimized;/usr/lib/x86_64-linux-gnu/libOgreProperty.so;debug;/usr/lib/x86_64-linux-gnu/libOgreProperty.so
[2.384s] -- Looking for OGRE_RTShaderSystem...
[2.398s] -- Found OGRE_RTShaderSystem: optimized;/usr/lib/x86_64-linux-gnu/libOgreRTShaderSystem.so;debug;/usr/lib/x86_64-linux-gnu/libOgreRTShaderSystem.so
[2.398s] -- Looking for OGRE_Volume...
[2.410s] -- Found OGRE_Volume: optimized;/usr/lib/x86_64-linux-gnu/libOgreVolume.so;debug;/usr/lib/x86_64-linux-gnu/libOgreVolume.so
[2.410s] -- Looking for OGRE_Overlay...
[2.422s] -- Found OGRE_Overlay: optimized;/usr/lib/x86_64-linux-gnu/libOgreOverlay.so;debug;/usr/lib/x86_64-linux-gnu/libOgreOverlay.so
[2.706s] -- Looking for ignition-math6 -- found version 6.15.1
[2.708s] -- Looking for ignition-transport8 -- found version 8.2.1
[2.708s] -- Searching for dependencies of ignition-transport8
[2.728s] -- Found Protobuf: /usr/lib/x86_64-linux-gnu/libprotobuf.so (found suitable version "3.12.4", minimum required is "3") 
[2.740s] -- Config-file not installed for ZeroMQ -- checking for pkg-config
[2.746s] -- Checking for module 'libzmq >= 4'
[2.760s] --   Found libzmq , version 4.3.4
[2.796s] -- Found ZeroMQ: TRUE (Required is at least version "4") 
[2.803s] -- Checking for module 'uuid'
[2.817s] --   Found uuid, version 2.37.2
[2.851s] -- Found UUID: TRUE  
[2.853s] -- Looking for ignition-msgs5 -- found version 5.8.1
[2.854s] -- Searching for dependencies of ignition-msgs5
[2.876s] -- Looking for ignition-math6 -- found version 6.15.1
[2.883s] -- Checking for module 'tinyxml2'
[2.898s] --   Found tinyxml2, version 9.0.0
[2.937s] -- Looking for ignition-msgs5 -- found version 5.8.1
[2.939s] -- Looking for ignition-common3 -- found version 3.14.0
[2.940s] -- Searching for dependencies of ignition-common3
[2.940s] -- Looking for dlfcn.h - found
[2.942s] -- Looking for libdl - found
[2.944s] -- Found DL: TRUE  
[2.958s] -- Found tinyobjloader: /usr/lib/x86_64-linux-gnu/cmake/tinyobjloader/tinyobjloader-config.cmake (found version "2.0.0") 
[2.959s] -- Searching for <ignition-common3> component [graphics]
[2.961s] -- Looking for ignition-common3-graphics -- found version 3.14.0
[2.961s] -- Searching for dependencies of ignition-common3-graphics
[2.962s] -- Looking for ignition-math6 -- found version 6.15.1
[2.965s] -- Looking for ignition-fuel_tools4 -- found version 4.4.0
[2.965s] -- Searching for dependencies of ignition-fuel_tools4
[3.055s] -- Found CURL: /usr/lib/x86_64-linux-gnu/libcurl.so (found version "7.81.0")  
[3.065s] -- Checking for module 'jsoncpp'
[3.079s] --   Found jsoncpp, version 1.9.5
[3.112s] -- Found JSONCPP: TRUE  
[3.120s] -- Checking for module 'libzip'
[3.134s] --   Found libzip, version 1.7.3
[3.166s] -- Found ZIP: TRUE  
[3.167s] -- Looking for ignition-common3 -- found version 3.14.0
[3.168s] -- Looking for ignition-math6 -- found version 6.15.1
[3.168s] -- Looking for ignition-msgs5 -- found version 5.8.1
[3.171s] -- Gazebo version: 11.10
[3.172s] -- Checking for module 'tbb'
[3.187s] --   Found tbb, version 2021.5.0
[3.221s] -- Found robot_state_publisher: 3.0.3 (/opt/ros/humble/share/robot_state_publisher/cmake)
[3.259s] -- Found eigen3_cmake_module: 0.1.1 (/opt/ros/humble/share/eigen3_cmake_module/cmake)
[3.261s] -- Found Eigen3: TRUE (found version "3.4.0") 
[3.261s] -- Ensuring Eigen3 include directory is part of orocos-kdl CMake target
[3.607s] -- Configuring done
[3.616s] -- Generating done
[3.622s] -- Build files have been written to: /home/kushgarg/Desktop/ros2_ws/build/mobile_robot2
[3.640s] Invoked command in '/home/kushgarg/Desktop/ros2_ws/build/mobile_robot2' returned '0': CMAKE_PREFIX_PATH=${CMAKE_PREFIX_PATH}:/opt/ros/humble /usr/bin/cmake /home/kushgarg/Desktop/ros2_ws/src/mobile_robot2 -DCMAKE_INSTALL_PREFIX=/home/kushgarg/Desktop/ros2_ws/install/mobile_robot2
[3.642s] Invoking command in '/home/kushgarg/Desktop/ros2_ws/build/mobile_robot2': CMAKE_PREFIX_PATH=${CMAKE_PREFIX_PATH}:/opt/ros/humble /usr/bin/cmake --build /home/kushgarg/Desktop/ros2_ws/build/mobile_robot2 -- -j12 -l12
[3.690s] Invoked command in '/home/kushgarg/Desktop/ros2_ws/build/mobile_robot2' returned '0': CMAKE_PREFIX_PATH=${CMAKE_PREFIX_PATH}:/opt/ros/humble /usr/bin/cmake --build /home/kushgarg/Desktop/ros2_ws/build/mobile_robot2 -- -j12 -l12
[3.700s] Invoking command in '/home/kushgarg/Desktop/ros2_ws/build/mobile_robot2': CMAKE_PREFIX_PATH=${CMAKE_PREFIX_PATH}:/opt/ros/humble /usr/bin/cmake --install /home/kushgarg/Desktop/ros2_ws/build/mobile_robot2
[3.707s] -- Install configuration: ""
[3.707s] -- Installing: /home/kushgarg/Desktop/ros2_ws/install/mobile_robot2/share/mobile_robot2/launch
[3.708s] -- Installing: /home/kushgarg/Desktop/ros2_ws/install/mobile_robot2/share/mobile_robot2/launch/gazebo_model.launch.py
[3.708s] -- Installing: /home/kushgarg/Desktop/ros2_ws/install/mobile_robot2/share/mobile_robot2/model
[3.708s] -- Installing: /home/kushgarg/Desktop/ros2_ws/install/mobile_robot2/share/mobile_robot2/model/package.xml
[3.708s] -- Installing: /home/kushgarg/Desktop/ros2_ws/install/mobile_robot2/share/mobile_robot2/model/robot2.gazebo
[3.708s] -- Installing: /home/kushgarg/Desktop/ros2_ws/install/mobile_robot2/share/mobile_robot2/model/velo.gazebo
[3.708s] -- Installing: /home/kushgarg/Desktop/ros2_ws/install/mobile_robot2/share/mobile_robot2/model/robot2.xacro
[3.708s] -- Installing: /home/kushgarg/Desktop/ros2_ws/install/mobile_robot2/share/mobile_robot2/model/vlp.urdf.xacro
[3.708s] -- Installing: /home/kushgarg/Desktop/ros2_ws/install/mobile_robot2/share/ament_index/resource_index/package_run_dependencies/mobile_robot2
[3.708s] -- Installing: /home/kushgarg/Desktop/ros2_ws/install/mobile_robot2/share/ament_index/resource_index/parent_prefix_path/mobile_robot2
[3.709s] -- Installing: /home/kushgarg/Desktop/ros2_ws/install/mobile_robot2/share/mobile_robot2/environment/ament_prefix_path.sh
[3.709s] -- Installing: /home/kushgarg/Desktop/ros2_ws/install/mobile_robot2/share/mobile_robot2/environment/ament_prefix_path.dsv
[3.709s] -- Installing: /home/kushgarg/Desktop/ros2_ws/install/mobile_robot2/share/mobile_robot2/environment/path.sh
[3.709s] -- Installing: /home/kushgarg/Desktop/ros2_ws/install/mobile_robot2/share/mobile_robot2/environment/path.dsv
[3.709s] -- Installing: /home/kushgarg/Desktop/ros2_ws/install/mobile_robot2/share/mobile_robot2/local_setup.bash
[3.709s] -- Installing: /home/kushgarg/Desktop/ros2_ws/install/mobile_robot2/share/mobile_robot2/local_setup.sh
[3.709s] -- Installing: /home/kushgarg/Desktop/ros2_ws/install/mobile_robot2/share/mobile_robot2/local_setup.zsh
[3.710s] -- Installing: /home/kushgarg/Desktop/ros2_ws/install/mobile_robot2/share/mobile_robot2/local_setup.dsv
[3.710s] -- Installing: /home/kushgarg/Desktop/ros2_ws/install/mobile_robot2/share/mobile_robot2/package.dsv
[3.710s] -- Installing: /home/kushgarg/Desktop/ros2_ws/install/mobile_robot2/share/ament_index/resource_index/packages/mobile_robot2
[3.710s] -- Installing: /home/kushgarg/Desktop/ros2_ws/install/mobile_robot2/share/mobile_robot2/cmake/mobile_robot2Config.cmake
[3.710s] -- Installing: /home/kushgarg/Desktop/ros2_ws/install/mobile_robot2/share/mobile_robot2/cmake/mobile_robot2Config-version.cmake
[3.710s] -- Installing: /home/kushgarg/Desktop/ros2_ws/install/mobile_robot2/share/mobile_robot2/package.xml
[3.712s] Invoked command in '/home/kushgarg/Desktop/ros2_ws/build/mobile_robot2' returned '0': CMAKE_PREFIX_PATH=${CMAKE_PREFIX_PATH}:/opt/ros/humble /usr/bin/cmake --install /home/kushgarg/Desktop/ros2_ws/build/mobile_robot2
