[0.016s] Invoking command in '/home/kushgarg/Desktop/ros2_ws/build/velodyne_driver': CMAKE_PREFIX_PATH=/home/kushgarg/Desktop/ros2_ws/install/velodyne_msgs:/home/kushgarg/Desktop/ros2_ws/install/mobile_robot2:/home/kushgarg/Desktop/ros2_ws/install/velodyne_simulator:/home/kushgarg/Desktop/ros2_ws/install/velodyne:/home/kushgarg/Desktop/ros2_ws/install/velodyne_pointcloud:/home/kushgarg/Desktop/ros2_ws/install/velodyne_driver:/home/kushgarg/Desktop/ros2_ws/install/velodyne_laserscan:/home/kushgarg/Desktop/ros2_ws/install/velodyne_gazebo_plugins:/home/kushgarg/Desktop/ros2_ws/install/mobile_robot:/home/kushgarg/Desktop/ros2_ws/install/velodyne_description:/opt/ros/humble LD_LIBRARY_PATH=/home/kushgarg/Desktop/ros2_ws/install/velodyne_msgs/lib:/home/kushgarg/Desktop/ros2_ws/install/velodyne_pointcloud/lib:/home/kushgarg/Desktop/ros2_ws/install/velodyne_driver/lib:/home/kushgarg/Desktop/ros2_ws/install/velodyne_laserscan/lib:/home/kushgarg/Desktop/ros2_ws/install/velodyne_gazebo_plugins/lib:/usr/lib/x86_64-linux-gnu/gazebo-11/plugins:/opt/ros/humble/opt/rviz_ogre_vendor/lib:/opt/ros/humble/lib/x86_64-linux-gnu:/opt/ros/humble/opt/openvdb_vendor/lib:/opt/ros/humble/lib /usr/bin/cmake --build /home/kushgarg/Desktop/ros2_ws/build/velodyne_driver -- -j12 -l12
[0.057s] [35m[1mConsolidate compiler generated dependencies of target gtest_main[0m
[0.058s] [35m[1mConsolidate compiler generated dependencies of target gtest[0m
[0.058s] [35m[1mConsolidate compiler generated dependencies of target velodyne_input[0m
[0.073s] [ 16%] Built target gtest_main
[0.082s] [ 33%] Built target gtest
[0.088s] [ 50%] Built target velodyne_input
[0.101s] [35m[1mConsolidate compiler generated dependencies of target velodyne_driver[0m
[0.103s] [35m[1mConsolidate compiler generated dependencies of target time_test[0m
[0.127s] [ 66%] Built target time_test
[0.129s] [ 83%] Built target velodyne_driver
[0.141s] [35m[1mConsolidate compiler generated dependencies of target velodyne_driver_node[0m
[0.162s] [100%] Built target velodyne_driver_node
[0.172s] Invoked command in '/home/kushgarg/Desktop/ros2_ws/build/velodyne_driver' returned '0': CMAKE_PREFIX_PATH=/home/kushgarg/Desktop/ros2_ws/install/velodyne_msgs:/home/kushgarg/Desktop/ros2_ws/install/mobile_robot2:/home/kushgarg/Desktop/ros2_ws/install/velodyne_simulator:/home/kushgarg/Desktop/ros2_ws/install/velodyne:/home/kushgarg/Desktop/ros2_ws/install/velodyne_pointcloud:/home/kushgarg/Desktop/ros2_ws/install/velodyne_driver:/home/kushgarg/Desktop/ros2_ws/install/velodyne_laserscan:/home/kushgarg/Desktop/ros2_ws/install/velodyne_gazebo_plugins:/home/kushgarg/Desktop/ros2_ws/install/mobile_robot:/home/kushgarg/Desktop/ros2_ws/install/velodyne_description:/opt/ros/humble LD_LIBRARY_PATH=/home/kushgarg/Desktop/ros2_ws/install/velodyne_msgs/lib:/home/kushgarg/Desktop/ros2_ws/install/velodyne_pointcloud/lib:/home/kushgarg/Desktop/ros2_ws/install/velodyne_driver/lib:/home/kushgarg/Desktop/ros2_ws/install/velodyne_laserscan/lib:/home/kushgarg/Desktop/ros2_ws/install/velodyne_gazebo_plugins/lib:/usr/lib/x86_64-linux-gnu/gazebo-11/plugins:/opt/ros/humble/opt/rviz_ogre_vendor/lib:/opt/ros/humble/lib/x86_64-linux-gnu:/opt/ros/humble/opt/openvdb_vendor/lib:/opt/ros/humble/lib /usr/bin/cmake --build /home/kushgarg/Desktop/ros2_ws/build/velodyne_driver -- -j12 -l12
[0.174s] Invoking command in '/home/kushgarg/Desktop/ros2_ws/build/velodyne_driver': CMAKE_PREFIX_PATH=/home/kushgarg/Desktop/ros2_ws/install/velodyne_msgs:/home/kushgarg/Desktop/ros2_ws/install/mobile_robot2:/home/kushgarg/Desktop/ros2_ws/install/velodyne_simulator:/home/kushgarg/Desktop/ros2_ws/install/velodyne:/home/kushgarg/Desktop/ros2_ws/install/velodyne_pointcloud:/home/kushgarg/Desktop/ros2_ws/install/velodyne_driver:/home/kushgarg/Desktop/ros2_ws/install/velodyne_laserscan:/home/kushgarg/Desktop/ros2_ws/install/velodyne_gazebo_plugins:/home/kushgarg/Desktop/ros2_ws/install/mobile_robot:/home/kushgarg/Desktop/ros2_ws/install/velodyne_description:/opt/ros/humble LD_LIBRARY_PATH=/home/kushgarg/Desktop/ros2_ws/install/velodyne_msgs/lib:/home/kushgarg/Desktop/ros2_ws/install/velodyne_pointcloud/lib:/home/kushgarg/Desktop/ros2_ws/install/velodyne_driver/lib:/home/kushgarg/Desktop/ros2_ws/install/velodyne_laserscan/lib:/home/kushgarg/Desktop/ros2_ws/install/velodyne_gazebo_plugins/lib:/usr/lib/x86_64-linux-gnu/gazebo-11/plugins:/opt/ros/humble/opt/rviz_ogre_vendor/lib:/opt/ros/humble/lib/x86_64-linux-gnu:/opt/ros/humble/opt/openvdb_vendor/lib:/opt/ros/humble/lib /usr/bin/cmake --install /home/kushgarg/Desktop/ros2_ws/build/velodyne_driver
[0.181s] -- Install configuration: ""
[0.181s] -- Up-to-date: /home/kushgarg/Desktop/ros2_ws/install/velodyne_driver/lib/libvelodyne_input.so
[0.182s] -- Up-to-date: /home/kushgarg/Desktop/ros2_ws/install/velodyne_driver/lib/libvelodyne_driver.so
[0.182s] -- Up-to-date: /home/kushgarg/Desktop/ros2_ws/install/velodyne_driver/lib/velodyne_driver/velodyne_driver_node
[0.182s] -- Up-to-date: /home/kushgarg/Desktop/ros2_ws/install/velodyne_driver/include/velodyne_driver
[0.182s] -- Up-to-date: /home/kushgarg/Desktop/ros2_ws/install/velodyne_driver/include/velodyne_driver/driver.hpp
[0.182s] -- Up-to-date: /home/kushgarg/Desktop/ros2_ws/install/velodyne_driver/include/velodyne_driver/input.hpp
[0.183s] -- Up-to-date: /home/kushgarg/Desktop/ros2_ws/install/velodyne_driver/include/velodyne_driver/time_conversion.hpp
[0.183s] -- Up-to-date: /home/kushgarg/Desktop/ros2_ws/install/velodyne_driver/share/velodyne_driver/config
[0.183s] -- Up-to-date: /home/kushgarg/Desktop/ros2_ws/install/velodyne_driver/share/velodyne_driver/config/VLS128-velodyne_driver_node-params.yaml
[0.183s] -- Up-to-date: /home/kushgarg/Desktop/ros2_ws/install/velodyne_driver/share/velodyne_driver/config/VLP32C-velodyne_driver_node-params.yaml
[0.183s] -- Up-to-date: /home/kushgarg/Desktop/ros2_ws/install/velodyne_driver/share/velodyne_driver/config/VLP16-velodyne_driver_node-params.yaml
[0.183s] -- Up-to-date: /home/kushgarg/Desktop/ros2_ws/install/velodyne_driver/share/velodyne_driver/launch
[0.183s] -- Up-to-date: /home/kushgarg/Desktop/ros2_ws/install/velodyne_driver/share/velodyne_driver/launch/velodyne_driver_node-VLP16-launch.py
[0.183s] -- Up-to-date: /home/kushgarg/Desktop/ros2_ws/install/velodyne_driver/share/velodyne_driver/launch/velodyne_driver_node-VLP16-composed-launch.py
[0.184s] -- Up-to-date: /home/kushgarg/Desktop/ros2_ws/install/velodyne_driver/share/velodyne_driver/launch/velodyne_driver_node-VLS128-composed-launch.py
[0.184s] -- Up-to-date: /home/kushgarg/Desktop/ros2_ws/install/velodyne_driver/share/velodyne_driver/launch/velodyne_driver_node-VLP32C-composed-launch.py
[0.184s] -- Up-to-date: /home/kushgarg/Desktop/ros2_ws/install/velodyne_driver/share/velodyne_driver/launch/velodyne_driver_node-VLP32C-launch.py
[0.184s] -- Up-to-date: /home/kushgarg/Desktop/ros2_ws/install/velodyne_driver/share/velodyne_driver/launch/velodyne_driver_node-VLS128-launch.py
[0.184s] -- Up-to-date: /home/kushgarg/Desktop/ros2_ws/install/velodyne_driver/lib/velodyne_driver/vdump
[0.184s] -- Up-to-date: /home/kushgarg/Desktop/ros2_ws/install/velodyne_driver/share/ament_index/resource_index/package_run_dependencies/velodyne_driver
[0.184s] -- Up-to-date: /home/kushgarg/Desktop/ros2_ws/install/velodyne_driver/share/ament_index/resource_index/parent_prefix_path/velodyne_driver
[0.184s] -- Up-to-date: /home/kushgarg/Desktop/ros2_ws/install/velodyne_driver/share/velodyne_driver/environment/ament_prefix_path.sh
[0.184s] -- Up-to-date: /home/kushgarg/Desktop/ros2_ws/install/velodyne_driver/share/velodyne_driver/environment/ament_prefix_path.dsv
[0.185s] -- Up-to-date: /home/kushgarg/Desktop/ros2_ws/install/velodyne_driver/share/velodyne_driver/environment/path.sh
[0.185s] -- Up-to-date: /home/kushgarg/Desktop/ros2_ws/install/velodyne_driver/share/velodyne_driver/environment/path.dsv
[0.185s] -- Up-to-date: /home/kushgarg/Desktop/ros2_ws/install/velodyne_driver/share/velodyne_driver/local_setup.bash
[0.186s] -- Up-to-date: /home/kushgarg/Desktop/ros2_ws/install/velodyne_driver/share/velodyne_driver/local_setup.sh
[0.186s] -- Up-to-date: /home/kushgarg/Desktop/ros2_ws/install/velodyne_driver/share/velodyne_driver/local_setup.zsh
[0.187s] -- Up-to-date: /home/kushgarg/Desktop/ros2_ws/install/velodyne_driver/share/velodyne_driver/local_setup.dsv
[0.187s] -- Installing: /home/kushgarg/Desktop/ros2_ws/install/velodyne_driver/share/velodyne_driver/package.dsv
[0.187s] -- Up-to-date: /home/kushgarg/Desktop/ros2_ws/install/velodyne_driver/share/ament_index/resource_index/packages/velodyne_driver
[0.187s] -- Up-to-date: /home/kushgarg/Desktop/ros2_ws/install/velodyne_driver/share/ament_index/resource_index/rclcpp_components/velodyne_driver
[0.188s] -- Up-to-date: /home/kushgarg/Desktop/ros2_ws/install/velodyne_driver/share/velodyne_driver/cmake/velodyne_driverExport.cmake
[0.188s] -- Up-to-date: /home/kushgarg/Desktop/ros2_ws/install/velodyne_driver/share/velodyne_driver/cmake/velodyne_driverExport-noconfig.cmake
[0.188s] -- Up-to-date: /home/kushgarg/Desktop/ros2_ws/install/velodyne_driver/share/velodyne_driver/cmake/ament_cmake_export_include_directories-extras.cmake
[0.188s] -- Up-to-date: /home/kushgarg/Desktop/ros2_ws/install/velodyne_driver/share/velodyne_driver/cmake/ament_cmake_export_targets-extras.cmake
[0.188s] -- Up-to-date: /home/kushgarg/Desktop/ros2_ws/install/velodyne_driver/share/velodyne_driver/cmake/ament_cmake_export_dependencies-extras.cmake
[0.188s] -- Up-to-date: /home/kushgarg/Desktop/ros2_ws/install/velodyne_driver/share/velodyne_driver/cmake/velodyne_driverConfig.cmake
[0.189s] -- Up-to-date: /home/kushgarg/Desktop/ros2_ws/install/velodyne_driver/share/velodyne_driver/cmake/velodyne_driverConfig-version.cmake
[0.189s] -- Up-to-date: /home/kushgarg/Desktop/ros2_ws/install/velodyne_driver/share/velodyne_driver/package.xml
[0.189s] Invoked command in '/home/kushgarg/Desktop/ros2_ws/build/velodyne_driver' returned '0': CMAKE_PREFIX_PATH=/home/kushgarg/Desktop/ros2_ws/install/velodyne_msgs:/home/kushgarg/Desktop/ros2_ws/install/mobile_robot2:/home/kushgarg/Desktop/ros2_ws/install/velodyne_simulator:/home/kushgarg/Desktop/ros2_ws/install/velodyne:/home/kushgarg/Desktop/ros2_ws/install/velodyne_pointcloud:/home/kushgarg/Desktop/ros2_ws/install/velodyne_driver:/home/kushgarg/Desktop/ros2_ws/install/velodyne_laserscan:/home/kushgarg/Desktop/ros2_ws/install/velodyne_gazebo_plugins:/home/kushgarg/Desktop/ros2_ws/install/mobile_robot:/home/kushgarg/Desktop/ros2_ws/install/velodyne_description:/opt/ros/humble LD_LIBRARY_PATH=/home/kushgarg/Desktop/ros2_ws/install/velodyne_msgs/lib:/home/kushgarg/Desktop/ros2_ws/install/velodyne_pointcloud/lib:/home/kushgarg/Desktop/ros2_ws/install/velodyne_driver/lib:/home/kushgarg/Desktop/ros2_ws/install/velodyne_laserscan/lib:/home/kushgarg/Desktop/ros2_ws/install/velodyne_gazebo_plugins/lib:/usr/lib/x86_64-linux-gnu/gazebo-11/plugins:/opt/ros/humble/opt/rviz_ogre_vendor/lib:/opt/ros/humble/lib/x86_64-linux-gnu:/opt/ros/humble/opt/openvdb_vendor/lib:/opt/ros/humble/lib /usr/bin/cmake --install /home/kushgarg/Desktop/ros2_ws/build/velodyne_driver
