[0.021s] Invoking command in '/home/kushgarg/Desktop/ros2_ws/build/velodyne_laserscan': CMAKE_PREFIX_PATH=${CMAKE_PREFIX_PATH}:/opt/ros/humble /usr/bin/cmake /home/kushgarg/Desktop/ros2_ws/src/velodyne/velodyne_laserscan -DCMAKE_INSTALL_PREFIX=/home/kushgarg/Desktop/ros2_ws/install/velodyne_laserscan
[0.093s] -- The C compiler identification is GNU 11.4.0
[0.173s] -- The CXX compiler identification is GNU 11.4.0
[0.184s] -- Detecting C compiler ABI info
[0.270s] -- Detecting C compiler ABI info - done
[0.287s] -- Check for working C compiler: /usr/bin/cc - skipped
[0.288s] -- Detecting C compile features
[0.288s] -- Detecting C compile features - done
[0.293s] -- Detecting CXX compiler ABI info
[0.380s] -- Detecting CXX compiler ABI info - done
[0.396s] -- Check for working CXX compiler: /usr/bin/c++ - skipped
[0.396s] -- Detecting CXX compile features
[0.397s] -- Detecting CXX compile features - done
[0.399s] -- Found ament_cmake_ros: 0.10.0 (/opt/ros/humble/share/ament_cmake_ros/cmake)
[0.881s] -- Found Python3: /usr/bin/python3 (found version "3.10.12") found components: Interpreter 
[0.990s] -- Found rclcpp: 16.0.11 (/opt/ros/humble/share/rclcpp/cmake)
[1.047s] -- Found rosidl_generator_c: 3.1.6 (/opt/ros/humble/share/rosidl_generator_c/cmake)
[1.053s] -- Found rosidl_adapter: 3.1.6 (/opt/ros/humble/share/rosidl_adapter/cmake)
[1.065s] -- Found rosidl_generator_cpp: 3.1.6 (/opt/ros/humble/share/rosidl_generator_cpp/cmake)
[1.084s] -- Using all available rosidl_typesupport_c: rosidl_typesupport_fastrtps_c;rosidl_typesupport_introspection_c
[1.109s] -- Using all available rosidl_typesupport_cpp: rosidl_typesupport_fastrtps_cpp;rosidl_typesupport_introspection_cpp
[1.178s] -- Found rmw_implementation_cmake: 6.1.2 (/opt/ros/humble/share/rmw_implementation_cmake/cmake)
[1.182s] -- Found rmw_fastrtps_cpp: 6.2.7 (/opt/ros/humble/share/rmw_fastrtps_cpp/cmake)
[1.284s] -- Found OpenSSL: /usr/lib/x86_64-linux-gnu/libcrypto.so (found version "3.0.2")  
[1.323s] -- Found FastRTPS: /opt/ros/humble/include  
[1.375s] -- Using RMW implementation 'rmw_fastrtps_cpp' as default
[1.385s] -- Looking for pthread.h
[1.462s] -- Looking for pthread.h - found
[1.462s] -- Performing Test CMAKE_HAVE_LIBC_PTHREAD
[1.552s] -- Performing Test CMAKE_HAVE_LIBC_PTHREAD - Success
[1.554s] -- Found Threads: TRUE  
[1.665s] -- Found rclcpp_components: 16.0.11 (/opt/ros/humble/share/rclcpp_components/cmake)
[1.712s] -- Found sensor_msgs: 4.2.4 (/opt/ros/humble/share/sensor_msgs/cmake)
[1.776s] -- Found ament_lint_auto: 0.12.11 (/opt/ros/humble/share/ament_lint_auto/cmake)
[1.922s] -- Added test 'copyright' to check source files copyright and LICENSE
[1.928s] -- Added test 'cppcheck' to perform static code analysis on C / C++ code
[1.929s] -- Configured cppcheck include dirs: $<BUILD_INTERFACE:/home/kushgarg/Desktop/ros2_ws/src/velodyne/velodyne_laserscan/include>
[1.929s] -- Configured cppcheck exclude dirs and/or files: 
[1.934s] -- Added test 'cpplint' to check C / C++ code against the Google style
[1.934s] -- Configured cpplint exclude dirs and/or files: 
[1.936s] -- Added test 'flake8' to check Python code syntax and style conventions
[1.939s] -- Added test 'lint_cmake' to check CMake code style
[1.941s] -- Added test 'pep257' to check Python code against some of the docstring style conventions in PEP 257
[1.946s] -- Added test 'uncrustify' to check C / C++ code style
[1.946s] -- Configured uncrustify additional arguments: 
[1.949s] -- Added test 'xmllint' to check XML markup files
[1.959s] -- Configuring done
[2.006s] -- Generating done
[2.028s] -- Build files have been written to: /home/kushgarg/Desktop/ros2_ws/build/velodyne_laserscan
[2.054s] Invoked command in '/home/kushgarg/Desktop/ros2_ws/build/velodyne_laserscan' returned '0': CMAKE_PREFIX_PATH=${CMAKE_PREFIX_PATH}:/opt/ros/humble /usr/bin/cmake /home/kushgarg/Desktop/ros2_ws/src/velodyne/velodyne_laserscan -DCMAKE_INSTALL_PREFIX=/home/kushgarg/Desktop/ros2_ws/install/velodyne_laserscan
[2.059s] Invoking command in '/home/kushgarg/Desktop/ros2_ws/build/velodyne_laserscan': CMAKE_PREFIX_PATH=${CMAKE_PREFIX_PATH}:/opt/ros/humble /usr/bin/cmake --build /home/kushgarg/Desktop/ros2_ws/build/velodyne_laserscan -- -j12 -l12
[2.179s] [ 25%] [32mBuilding CXX object CMakeFiles/velodyne_laserscan.dir/src/velodyne_laserscan.cpp.o[0m
[13.438s] [ 50%] [32m[1mLinking CXX shared library libvelodyne_laserscan.so[0m
[14.123s] [ 50%] Built target velodyne_laserscan
[14.150s] [ 75%] [32mBuilding CXX object CMakeFiles/velodyne_laserscan_node.dir/src/node.cpp.o[0m
[17.790s] [100%] [32m[1mLinking CXX executable velodyne_laserscan_node[0m
[18.002s] [100%] Built target velodyne_laserscan_node
[18.012s] Invoked command in '/home/kushgarg/Desktop/ros2_ws/build/velodyne_laserscan' returned '0': CMAKE_PREFIX_PATH=${CMAKE_PREFIX_PATH}:/opt/ros/humble /usr/bin/cmake --build /home/kushgarg/Desktop/ros2_ws/build/velodyne_laserscan -- -j12 -l12
[18.013s] Invoking command in '/home/kushgarg/Desktop/ros2_ws/build/velodyne_laserscan': CMAKE_PREFIX_PATH=${CMAKE_PREFIX_PATH}:/opt/ros/humble /usr/bin/cmake --install /home/kushgarg/Desktop/ros2_ws/build/velodyne_laserscan
[18.021s] -- Install configuration: ""
[18.022s] -- Installing: /home/kushgarg/Desktop/ros2_ws/install/velodyne_laserscan/lib/libvelodyne_laserscan.so
[18.027s] -- Set runtime path of "/home/kushgarg/Desktop/ros2_ws/install/velodyne_laserscan/lib/libvelodyne_laserscan.so" to ""
[18.027s] -- Installing: /home/kushgarg/Desktop/ros2_ws/install/velodyne_laserscan/lib/velodyne_laserscan/velodyne_laserscan_node
[18.028s] -- Set runtime path of "/home/kushgarg/Desktop/ros2_ws/install/velodyne_laserscan/lib/velodyne_laserscan/velodyne_laserscan_node" to ""
[18.028s] -- Installing: /home/kushgarg/Desktop/ros2_ws/install/velodyne_laserscan/include/velodyne_laserscan
[18.028s] -- Installing: /home/kushgarg/Desktop/ros2_ws/install/velodyne_laserscan/include/velodyne_laserscan/velodyne_laserscan.hpp
[18.028s] -- Installing: /home/kushgarg/Desktop/ros2_ws/install/velodyne_laserscan/share/velodyne_laserscan/config
[18.028s] -- Installing: /home/kushgarg/Desktop/ros2_ws/install/velodyne_laserscan/share/velodyne_laserscan/config/default-velodyne_laserscan_node-params.yaml
[18.028s] -- Installing: /home/kushgarg/Desktop/ros2_ws/install/velodyne_laserscan/share/velodyne_laserscan/launch
[18.028s] -- Installing: /home/kushgarg/Desktop/ros2_ws/install/velodyne_laserscan/share/velodyne_laserscan/launch/velodyne_laserscan_node-launch.py
[18.029s] -- Installing: /home/kushgarg/Desktop/ros2_ws/install/velodyne_laserscan/share/velodyne_laserscan/launch/velodyne_laserscan_node-composed-launch.py
[18.029s] -- Installing: /home/kushgarg/Desktop/ros2_ws/install/velodyne_laserscan/share/ament_index/resource_index/package_run_dependencies/velodyne_laserscan
[18.029s] -- Installing: /home/kushgarg/Desktop/ros2_ws/install/velodyne_laserscan/share/ament_index/resource_index/parent_prefix_path/velodyne_laserscan
[18.029s] -- Installing: /home/kushgarg/Desktop/ros2_ws/install/velodyne_laserscan/share/velodyne_laserscan/environment/ament_prefix_path.sh
[18.029s] -- Installing: /home/kushgarg/Desktop/ros2_ws/install/velodyne_laserscan/share/velodyne_laserscan/environment/ament_prefix_path.dsv
[18.029s] -- Installing: /home/kushgarg/Desktop/ros2_ws/install/velodyne_laserscan/share/velodyne_laserscan/environment/path.sh
[18.030s] -- Installing: /home/kushgarg/Desktop/ros2_ws/install/velodyne_laserscan/share/velodyne_laserscan/environment/path.dsv
[18.030s] -- Installing: /home/kushgarg/Desktop/ros2_ws/install/velodyne_laserscan/share/velodyne_laserscan/local_setup.bash
[18.030s] -- Installing: /home/kushgarg/Desktop/ros2_ws/install/velodyne_laserscan/share/velodyne_laserscan/local_setup.sh
[18.030s] -- Installing: /home/kushgarg/Desktop/ros2_ws/install/velodyne_laserscan/share/velodyne_laserscan/local_setup.zsh
[18.030s] -- Installing: /home/kushgarg/Desktop/ros2_ws/install/velodyne_laserscan/share/velodyne_laserscan/local_setup.dsv
[18.030s] -- Installing: /home/kushgarg/Desktop/ros2_ws/install/velodyne_laserscan/share/velodyne_laserscan/package.dsv
[18.030s] -- Installing: /home/kushgarg/Desktop/ros2_ws/install/velodyne_laserscan/share/ament_index/resource_index/packages/velodyne_laserscan
[18.030s] -- Installing: /home/kushgarg/Desktop/ros2_ws/install/velodyne_laserscan/share/ament_index/resource_index/rclcpp_components/velodyne_laserscan
[18.031s] -- Installing: /home/kushgarg/Desktop/ros2_ws/install/velodyne_laserscan/share/velodyne_laserscan/cmake/velodyne_laserscanExport.cmake
[18.031s] -- Installing: /home/kushgarg/Desktop/ros2_ws/install/velodyne_laserscan/share/velodyne_laserscan/cmake/velodyne_laserscanExport-noconfig.cmake
[18.031s] -- Installing: /home/kushgarg/Desktop/ros2_ws/install/velodyne_laserscan/share/velodyne_laserscan/cmake/ament_cmake_export_include_directories-extras.cmake
[18.031s] -- Installing: /home/kushgarg/Desktop/ros2_ws/install/velodyne_laserscan/share/velodyne_laserscan/cmake/ament_cmake_export_targets-extras.cmake
[18.031s] -- Installing: /home/kushgarg/Desktop/ros2_ws/install/velodyne_laserscan/share/velodyne_laserscan/cmake/ament_cmake_export_dependencies-extras.cmake
[18.031s] -- Installing: /home/kushgarg/Desktop/ros2_ws/install/velodyne_laserscan/share/velodyne_laserscan/cmake/velodyne_laserscanConfig.cmake
[18.031s] -- Installing: /home/kushgarg/Desktop/ros2_ws/install/velodyne_laserscan/share/velodyne_laserscan/cmake/velodyne_laserscanConfig-version.cmake
[18.032s] -- Installing: /home/kushgarg/Desktop/ros2_ws/install/velodyne_laserscan/share/velodyne_laserscan/package.xml
[18.034s] Invoked command in '/home/kushgarg/Desktop/ros2_ws/build/velodyne_laserscan' returned '0': CMAKE_PREFIX_PATH=${CMAKE_PREFIX_PATH}:/opt/ros/humble /usr/bin/cmake --install /home/kushgarg/Desktop/ros2_ws/build/velodyne_laserscan
