-- Install configuration: ""
-- Up-to-date: /home/kushgarg/Desktop/ros2_ws/install/mobile_robot2/share/mobile_robot2/launch
-- Up-to-date: /home/kushgarg/Desktop/ros2_ws/install/mobile_robot2/share/mobile_robot2/launch/gazebo_model.launch.py
-- Up-to-date: /home/kushgarg/Desktop/ros2_ws/install/mobile_robot2/share/mobile_robot2/model
-- Up-to-date: /home/kushgarg/Desktop/ros2_ws/install/mobile_robot2/share/mobile_robot2/model/package.xml
-- Up-to-date: /home/kushgarg/Desktop/ros2_ws/install/mobile_robot2/share/mobile_robot2/model/robot2.gazebo
-- Up-to-date: /home/kushgarg/Desktop/ros2_ws/install/mobile_robot2/share/mobile_robot2/model/velo.gazebo
-- Installing: /home/kushgarg/Desktop/ros2_ws/install/mobile_robot2/share/mobile_robot2/model/robot2.xacro
-- Up-to-date: /home/kushgarg/Desktop/ros2_ws/install/mobile_robot2/share/mobile_robot2/model/vlp.urdf.xacro
-- Up-to-date: /home/kushgarg/Desktop/ros2_ws/install/mobile_robot2/share/ament_index/resource_index/package_run_dependencies/mobile_robot2
-- Up-to-date: /home/kushgarg/Desktop/ros2_ws/install/mobile_robot2/share/ament_index/resource_index/parent_prefix_path/mobile_robot2
-- Up-to-date: /home/kushgarg/Desktop/ros2_ws/install/mobile_robot2/share/mobile_robot2/environment/ament_prefix_path.sh
-- Up-to-date: /home/kushgarg/Desktop/ros2_ws/install/mobile_robot2/share/mobile_robot2/environment/ament_prefix_path.dsv
-- Up-to-date: /home/kushgarg/Desktop/ros2_ws/install/mobile_robot2/share/mobile_robot2/environment/path.sh
-- Up-to-date: /home/kushgarg/Desktop/ros2_ws/install/mobile_robot2/share/mobile_robot2/environment/path.dsv
-- Up-to-date: /home/kushgarg/Desktop/ros2_ws/install/mobile_robot2/share/mobile_robot2/local_setup.bash
-- Up-to-date: /home/kushgarg/Desktop/ros2_ws/install/mobile_robot2/share/mobile_robot2/local_setup.sh
-- Up-to-date: /home/kushgarg/Desktop/ros2_ws/install/mobile_robot2/share/mobile_robot2/local_setup.zsh
-- Up-to-date: /home/kushgarg/Desktop/ros2_ws/install/mobile_robot2/share/mobile_robot2/local_setup.dsv
-- Up-to-date: /home/kushgarg/Desktop/ros2_ws/install/mobile_robot2/share/mobile_robot2/package.dsv
-- Up-to-date: /home/kushgarg/Desktop/ros2_ws/install/mobile_robot2/share/ament_index/resource_index/packages/mobile_robot2
-- Up-to-date: /home/kushgarg/Desktop/ros2_ws/install/mobile_robot2/share/mobile_robot2/cmake/mobile_robot2Config.cmake
-- Up-to-date: /home/kushgarg/Desktop/ros2_ws/install/mobile_robot2/share/mobile_robot2/cmake/mobile_robot2Config-version.cmake
-- Up-to-date: /home/kushgarg/Desktop/ros2_ws/install/mobile_robot2/share/mobile_robot2/package.xml
