[0.019s] Invoking command in '/home/kushgarg/Desktop/ros2_ws/build/mobile_robot2': CMAKE_PREFIX_PATH=${CMAKE_PREFIX_PATH}:/opt/ros/humble /usr/bin/cmake --build /home/kushgarg/Desktop/ros2_ws/build/mobile_robot2 -- -j12 -l12
[0.072s] Invoked command in '/home/kushgarg/Desktop/ros2_ws/build/mobile_robot2' returned '0': CMAKE_PREFIX_PATH=${CMAKE_PREFIX_PATH}:/opt/ros/humble /usr/bin/cmake --build /home/kushgarg/Desktop/ros2_ws/build/mobile_robot2 -- -j12 -l12
[0.085s] Invoking command in '/home/kushgarg/Desktop/ros2_ws/build/mobile_robot2': CMAKE_PREFIX_PATH=${CMAKE_PREFIX_PATH}:/opt/ros/humble /usr/bin/cmake --install /home/kushgarg/Desktop/ros2_ws/build/mobile_robot2
[0.093s] -- Install configuration: ""
[0.093s] -- Up-to-date: /home/kushgarg/Desktop/ros2_ws/install/mobile_robot2/share/mobile_robot2/launch
[0.094s] -- Up-to-date: /home/kushgarg/Desktop/ros2_ws/install/mobile_robot2/share/mobile_robot2/launch/gazebo_model.launch.py
[0.094s] -- Up-to-date: /home/kushgarg/Desktop/ros2_ws/install/mobile_robot2/share/mobile_robot2/model
[0.094s] -- Up-to-date: /home/kushgarg/Desktop/ros2_ws/install/mobile_robot2/share/mobile_robot2/model/package.xml
[0.094s] -- Up-to-date: /home/kushgarg/Desktop/ros2_ws/install/mobile_robot2/share/mobile_robot2/model/robot2.gazebo
[0.094s] -- Up-to-date: /home/kushgarg/Desktop/ros2_ws/install/mobile_robot2/share/mobile_robot2/model/velo.gazebo
[0.095s] -- Installing: /home/kushgarg/Desktop/ros2_ws/install/mobile_robot2/share/mobile_robot2/model/robot2.xacro
[0.095s] -- Up-to-date: /home/kushgarg/Desktop/ros2_ws/install/mobile_robot2/share/mobile_robot2/model/vlp.urdf.xacro
[0.095s] -- Up-to-date: /home/kushgarg/Desktop/ros2_ws/install/mobile_robot2/share/ament_index/resource_index/package_run_dependencies/mobile_robot2
[0.095s] -- Up-to-date: /home/kushgarg/Desktop/ros2_ws/install/mobile_robot2/share/ament_index/resource_index/parent_prefix_path/mobile_robot2
[0.095s] -- Up-to-date: /home/kushgarg/Desktop/ros2_ws/install/mobile_robot2/share/mobile_robot2/environment/ament_prefix_path.sh
[0.095s] -- Up-to-date: /home/kushgarg/Desktop/ros2_ws/install/mobile_robot2/share/mobile_robot2/environment/ament_prefix_path.dsv
[0.095s] -- Up-to-date: /home/kushgarg/Desktop/ros2_ws/install/mobile_robot2/share/mobile_robot2/environment/path.sh
[0.096s] -- Up-to-date: /home/kushgarg/Desktop/ros2_ws/install/mobile_robot2/share/mobile_robot2/environment/path.dsv
[0.096s] -- Up-to-date: /home/kushgarg/Desktop/ros2_ws/install/mobile_robot2/share/mobile_robot2/local_setup.bash
[0.096s] -- Up-to-date: /home/kushgarg/Desktop/ros2_ws/install/mobile_robot2/share/mobile_robot2/local_setup.sh
[0.096s] -- Up-to-date: /home/kushgarg/Desktop/ros2_ws/install/mobile_robot2/share/mobile_robot2/local_setup.zsh
[0.096s] -- Up-to-date: /home/kushgarg/Desktop/ros2_ws/install/mobile_robot2/share/mobile_robot2/local_setup.dsv
[0.099s] -- Up-to-date: /home/kushgarg/Desktop/ros2_ws/install/mobile_robot2/share/mobile_robot2/package.dsv
[0.100s] -- Up-to-date: /home/kushgarg/Desktop/ros2_ws/install/mobile_robot2/share/ament_index/resource_index/packages/mobile_robot2
[0.103s] -- Up-to-date: /home/kushgarg/Desktop/ros2_ws/install/mobile_robot2/share/mobile_robot2/cmake/mobile_robot2Config.cmake
[0.104s] -- Up-to-date: /home/kushgarg/Desktop/ros2_ws/install/mobile_robot2/share/mobile_robot2/cmake/mobile_robot2Config-version.cmake
[0.104s] -- Up-to-date: /home/kushgarg/Desktop/ros2_ws/install/mobile_robot2/share/mobile_robot2/package.xml
[0.104s] Invoked command in '/home/kushgarg/Desktop/ros2_ws/build/mobile_robot2' returned '0': CMAKE_PREFIX_PATH=${CMAKE_PREFIX_PATH}:/opt/ros/humble /usr/bin/cmake --install /home/kushgarg/Desktop/ros2_ws/build/mobile_robot2
