[0.164s] DEBUG:colcon:Command line arguments: ['/usr/bin/colcon', 'build']
[0.164s] DEBUG:colcon:Parsed command line arguments: Namespace(log_base=None, log_level=None, verb_name='build', build_base='build', install_base='install', merge_install=False, symlink_install=False, test_result_base=None, continue_on_error=False, executor='parallel', parallel_workers=12, event_handlers=None, ignore_user_meta=False, metas=['./colcon.meta'], base_paths=['.'], packages_ignore=None, packages_ignore_regex=None, paths=None, packages_up_to=None, packages_up_to_regex=None, packages_above=None, packages_above_and_dependencies=None, packages_above_depth=None, packages_select_by_dep=None, packages_skip_by_dep=None, packages_skip_up_to=None, packages_select_build_failed=False, packages_skip_build_finished=False, packages_select_test_failures=False, packages_skip_test_passed=False, packages_select=None, packages_skip=None, packages_select_regex=None, packages_skip_regex=None, packages_start=None, packages_end=None, allow_overriding=[], cmake_args=None, cmake_target=None, cmake_target_skip_unavailable=False, cmake_clean_cache=False, cmake_clean_first=False, cmake_force_configure=False, ament_cmake_args=None, catkin_cmake_args=None, catkin_skip_building_tests=False, mixin_files=None, mixin=None, verb_parser=<colcon_mixin.mixin.mixin_argument.MixinArgumentDecorator object at 0x725086ad6470>, verb_extension=<colcon_core.verb.build.BuildVerb object at 0x725086bcbd30>, main=<bound method BuildVerb.main of <colcon_core.verb.build.BuildVerb object at 0x725086bcbd30>>, mixin_verb=('build',))
[0.222s] Level 1:colcon.colcon_core.package_discovery:discover_packages(colcon_meta) check parameters
[0.222s] Level 1:colcon.colcon_core.package_discovery:discover_packages(recursive) check parameters
[0.222s] Level 1:colcon.colcon_core.package_discovery:discover_packages(ignore) check parameters
[0.222s] Level 1:colcon.colcon_core.package_discovery:discover_packages(path) check parameters
[0.222s] Level 1:colcon.colcon_core.package_discovery:discover_packages(colcon_meta) discover
[0.222s] Level 1:colcon.colcon_core.package_discovery:discover_packages(recursive) discover
[0.223s] INFO:colcon.colcon_core.package_discovery:Crawling recursively for packages in '/home/kushgarg/Desktop/ros2_ws'
[0.223s] Level 1:colcon.colcon_core.package_identification:_identify(.) by extensions ['ignore', 'ignore_ament_install']
[0.223s] Level 1:colcon.colcon_core.package_identification:_identify(.) by extension 'ignore'
[0.223s] Level 1:colcon.colcon_core.package_identification:_identify(.) by extension 'ignore_ament_install'
[0.223s] Level 1:colcon.colcon_core.package_identification:_identify(.) by extensions ['colcon_pkg']
[0.223s] Level 1:colcon.colcon_core.package_identification:_identify(.) by extension 'colcon_pkg'
[0.223s] Level 1:colcon.colcon_core.package_identification:_identify(.) by extensions ['colcon_meta']
[0.223s] Level 1:colcon.colcon_core.package_identification:_identify(.) by extension 'colcon_meta'
[0.223s] Level 1:colcon.colcon_core.package_identification:_identify(.) by extensions ['ros']
[0.223s] Level 1:colcon.colcon_core.package_identification:_identify(.) by extension 'ros'
[0.244s] Level 1:colcon.colcon_core.package_identification:_identify(.) by extensions ['cmake', 'python']
[0.244s] Level 1:colcon.colcon_core.package_identification:_identify(.) by extension 'cmake'
[0.244s] Level 1:colcon.colcon_core.package_identification:_identify(.) by extension 'python'
[0.244s] Level 1:colcon.colcon_core.package_identification:_identify(.) by extensions ['python_setup_py']
[0.244s] Level 1:colcon.colcon_core.package_identification:_identify(.) by extension 'python_setup_py'
[0.244s] Level 1:colcon.colcon_core.package_identification:_identify(build) by extensions ['ignore', 'ignore_ament_install']
[0.244s] Level 1:colcon.colcon_core.package_identification:_identify(build) by extension 'ignore'
[0.244s] Level 1:colcon.colcon_core.package_identification:_identify(build) ignored
[0.244s] Level 1:colcon.colcon_core.package_identification:_identify(install) by extensions ['ignore', 'ignore_ament_install']
[0.245s] Level 1:colcon.colcon_core.package_identification:_identify(install) by extension 'ignore'
[0.245s] Level 1:colcon.colcon_core.package_identification:_identify(install) ignored
[0.245s] Level 1:colcon.colcon_core.package_identification:_identify(log) by extensions ['ignore', 'ignore_ament_install']
[0.245s] Level 1:colcon.colcon_core.package_identification:_identify(log) by extension 'ignore'
[0.245s] Level 1:colcon.colcon_core.package_identification:_identify(log) ignored
[0.245s] Level 1:colcon.colcon_core.package_identification:_identify(src) by extensions ['ignore', 'ignore_ament_install']
[0.245s] Level 1:colcon.colcon_core.package_identification:_identify(src) by extension 'ignore'
[0.245s] Level 1:colcon.colcon_core.package_identification:_identify(src) by extension 'ignore_ament_install'
[0.245s] Level 1:colcon.colcon_core.package_identification:_identify(src) by extensions ['colcon_pkg']
[0.245s] Level 1:colcon.colcon_core.package_identification:_identify(src) by extension 'colcon_pkg'
[0.245s] Level 1:colcon.colcon_core.package_identification:_identify(src) by extensions ['colcon_meta']
[0.245s] Level 1:colcon.colcon_core.package_identification:_identify(src) by extension 'colcon_meta'
[0.245s] Level 1:colcon.colcon_core.package_identification:_identify(src) by extensions ['ros']
[0.245s] Level 1:colcon.colcon_core.package_identification:_identify(src) by extension 'ros'
[0.246s] Level 1:colcon.colcon_core.package_identification:_identify(src) by extensions ['cmake', 'python']
[0.246s] Level 1:colcon.colcon_core.package_identification:_identify(src) by extension 'cmake'
[0.246s] Level 1:colcon.colcon_core.package_identification:_identify(src) by extension 'python'
[0.246s] Level 1:colcon.colcon_core.package_identification:_identify(src) by extensions ['python_setup_py']
[0.246s] Level 1:colcon.colcon_core.package_identification:_identify(src) by extension 'python_setup_py'
[0.246s] Level 1:colcon.colcon_core.package_identification:_identify(src/mobile_robot2) by extensions ['ignore', 'ignore_ament_install']
[0.246s] Level 1:colcon.colcon_core.package_identification:_identify(src/mobile_robot2) by extension 'ignore'
[0.246s] Level 1:colcon.colcon_core.package_identification:_identify(src/mobile_robot2) by extension 'ignore_ament_install'
[0.246s] Level 1:colcon.colcon_core.package_identification:_identify(src/mobile_robot2) by extensions ['colcon_pkg']
[0.246s] Level 1:colcon.colcon_core.package_identification:_identify(src/mobile_robot2) by extension 'colcon_pkg'
[0.246s] Level 1:colcon.colcon_core.package_identification:_identify(src/mobile_robot2) by extensions ['colcon_meta']
[0.246s] Level 1:colcon.colcon_core.package_identification:_identify(src/mobile_robot2) by extension 'colcon_meta'
[0.246s] Level 1:colcon.colcon_core.package_identification:_identify(src/mobile_robot2) by extensions ['ros']
[0.246s] Level 1:colcon.colcon_core.package_identification:_identify(src/mobile_robot2) by extension 'ros'
[0.251s] DEBUG:colcon.colcon_core.package_identification:Package 'src/mobile_robot2' with type 'ros.ament_cmake' and name 'mobile_robot2'
[0.251s] Level 1:colcon.colcon_core.package_identification:_identify(src/velodyne) by extensions ['ignore', 'ignore_ament_install']
[0.251s] Level 1:colcon.colcon_core.package_identification:_identify(src/velodyne) by extension 'ignore'
[0.251s] Level 1:colcon.colcon_core.package_identification:_identify(src/velodyne) by extension 'ignore_ament_install'
[0.251s] Level 1:colcon.colcon_core.package_identification:_identify(src/velodyne) by extensions ['colcon_pkg']
[0.251s] Level 1:colcon.colcon_core.package_identification:_identify(src/velodyne) by extension 'colcon_pkg'
[0.251s] Level 1:colcon.colcon_core.package_identification:_identify(src/velodyne) by extensions ['colcon_meta']
[0.252s] Level 1:colcon.colcon_core.package_identification:_identify(src/velodyne) by extension 'colcon_meta'
[0.252s] Level 1:colcon.colcon_core.package_identification:_identify(src/velodyne) by extensions ['ros']
[0.252s] Level 1:colcon.colcon_core.package_identification:_identify(src/velodyne) by extension 'ros'
[0.252s] Level 1:colcon.colcon_core.package_identification:_identify(src/velodyne) by extensions ['cmake', 'python']
[0.252s] Level 1:colcon.colcon_core.package_identification:_identify(src/velodyne) by extension 'cmake'
[0.252s] Level 1:colcon.colcon_core.package_identification:_identify(src/velodyne) by extension 'python'
[0.252s] Level 1:colcon.colcon_core.package_identification:_identify(src/velodyne) by extensions ['python_setup_py']
[0.252s] Level 1:colcon.colcon_core.package_identification:_identify(src/velodyne) by extension 'python_setup_py'
[0.252s] Level 1:colcon.colcon_core.package_identification:_identify(src/velodyne/velodyne) by extensions ['ignore', 'ignore_ament_install']
[0.252s] Level 1:colcon.colcon_core.package_identification:_identify(src/velodyne/velodyne) by extension 'ignore'
[0.252s] Level 1:colcon.colcon_core.package_identification:_identify(src/velodyne/velodyne) by extension 'ignore_ament_install'
[0.252s] Level 1:colcon.colcon_core.package_identification:_identify(src/velodyne/velodyne) by extensions ['colcon_pkg']
[0.252s] Level 1:colcon.colcon_core.package_identification:_identify(src/velodyne/velodyne) by extension 'colcon_pkg'
[0.252s] Level 1:colcon.colcon_core.package_identification:_identify(src/velodyne/velodyne) by extensions ['colcon_meta']
[0.252s] Level 1:colcon.colcon_core.package_identification:_identify(src/velodyne/velodyne) by extension 'colcon_meta'
[0.253s] Level 1:colcon.colcon_core.package_identification:_identify(src/velodyne/velodyne) by extensions ['ros']
[0.253s] Level 1:colcon.colcon_core.package_identification:_identify(src/velodyne/velodyne) by extension 'ros'
[0.253s] DEBUG:colcon.colcon_core.package_identification:Package 'src/velodyne/velodyne' with type 'ros.ament_cmake' and name 'velodyne'
[0.254s] Level 1:colcon.colcon_core.package_identification:_identify(src/velodyne/velodyne_driver) by extensions ['ignore', 'ignore_ament_install']
[0.254s] Level 1:colcon.colcon_core.package_identification:_identify(src/velodyne/velodyne_driver) by extension 'ignore'
[0.254s] Level 1:colcon.colcon_core.package_identification:_identify(src/velodyne/velodyne_driver) by extension 'ignore_ament_install'
[0.254s] Level 1:colcon.colcon_core.package_identification:_identify(src/velodyne/velodyne_driver) by extensions ['colcon_pkg']
[0.254s] Level 1:colcon.colcon_core.package_identification:_identify(src/velodyne/velodyne_driver) by extension 'colcon_pkg'
[0.254s] Level 1:colcon.colcon_core.package_identification:_identify(src/velodyne/velodyne_driver) by extensions ['colcon_meta']
[0.254s] Level 1:colcon.colcon_core.package_identification:_identify(src/velodyne/velodyne_driver) by extension 'colcon_meta'
[0.254s] Level 1:colcon.colcon_core.package_identification:_identify(src/velodyne/velodyne_driver) by extensions ['ros']
[0.254s] Level 1:colcon.colcon_core.package_identification:_identify(src/velodyne/velodyne_driver) by extension 'ros'
[0.256s] DEBUG:colcon.colcon_core.package_identification:Package 'src/velodyne/velodyne_driver' with type 'ros.ament_cmake' and name 'velodyne_driver'
[0.256s] Level 1:colcon.colcon_core.package_identification:_identify(src/velodyne/velodyne_laserscan) by extensions ['ignore', 'ignore_ament_install']
[0.256s] Level 1:colcon.colcon_core.package_identification:_identify(src/velodyne/velodyne_laserscan) by extension 'ignore'
[0.256s] Level 1:colcon.colcon_core.package_identification:_identify(src/velodyne/velodyne_laserscan) by extension 'ignore_ament_install'
[0.256s] Level 1:colcon.colcon_core.package_identification:_identify(src/velodyne/velodyne_laserscan) by extensions ['colcon_pkg']
[0.256s] Level 1:colcon.colcon_core.package_identification:_identify(src/velodyne/velodyne_laserscan) by extension 'colcon_pkg'
[0.256s] Level 1:colcon.colcon_core.package_identification:_identify(src/velodyne/velodyne_laserscan) by extensions ['colcon_meta']
[0.256s] Level 1:colcon.colcon_core.package_identification:_identify(src/velodyne/velodyne_laserscan) by extension 'colcon_meta'
[0.256s] Level 1:colcon.colcon_core.package_identification:_identify(src/velodyne/velodyne_laserscan) by extensions ['ros']
[0.256s] Level 1:colcon.colcon_core.package_identification:_identify(src/velodyne/velodyne_laserscan) by extension 'ros'
[0.258s] DEBUG:colcon.colcon_core.package_identification:Package 'src/velodyne/velodyne_laserscan' with type 'ros.ament_cmake' and name 'velodyne_laserscan'
[0.258s] Level 1:colcon.colcon_core.package_identification:_identify(src/velodyne/velodyne_msgs) by extensions ['ignore', 'ignore_ament_install']
[0.258s] Level 1:colcon.colcon_core.package_identification:_identify(src/velodyne/velodyne_msgs) by extension 'ignore'
[0.258s] Level 1:colcon.colcon_core.package_identification:_identify(src/velodyne/velodyne_msgs) by extension 'ignore_ament_install'
[0.258s] Level 1:colcon.colcon_core.package_identification:_identify(src/velodyne/velodyne_msgs) by extensions ['colcon_pkg']
[0.258s] Level 1:colcon.colcon_core.package_identification:_identify(src/velodyne/velodyne_msgs) by extension 'colcon_pkg'
[0.258s] Level 1:colcon.colcon_core.package_identification:_identify(src/velodyne/velodyne_msgs) by extensions ['colcon_meta']
[0.258s] Level 1:colcon.colcon_core.package_identification:_identify(src/velodyne/velodyne_msgs) by extension 'colcon_meta'
[0.258s] Level 1:colcon.colcon_core.package_identification:_identify(src/velodyne/velodyne_msgs) by extensions ['ros']
[0.258s] Level 1:colcon.colcon_core.package_identification:_identify(src/velodyne/velodyne_msgs) by extension 'ros'
[0.259s] DEBUG:colcon.colcon_core.package_identification:Package 'src/velodyne/velodyne_msgs' with type 'ros.ament_cmake' and name 'velodyne_msgs'
[0.260s] Level 1:colcon.colcon_core.package_identification:_identify(src/velodyne/velodyne_pointcloud) by extensions ['ignore', 'ignore_ament_install']
[0.260s] Level 1:colcon.colcon_core.package_identification:_identify(src/velodyne/velodyne_pointcloud) by extension 'ignore'
[0.260s] Level 1:colcon.colcon_core.package_identification:_identify(src/velodyne/velodyne_pointcloud) by extension 'ignore_ament_install'
[0.260s] Level 1:colcon.colcon_core.package_identification:_identify(src/velodyne/velodyne_pointcloud) by extensions ['colcon_pkg']
[0.260s] Level 1:colcon.colcon_core.package_identification:_identify(src/velodyne/velodyne_pointcloud) by extension 'colcon_pkg'
[0.260s] Level 1:colcon.colcon_core.package_identification:_identify(src/velodyne/velodyne_pointcloud) by extensions ['colcon_meta']
[0.260s] Level 1:colcon.colcon_core.package_identification:_identify(src/velodyne/velodyne_pointcloud) by extension 'colcon_meta'
[0.260s] Level 1:colcon.colcon_core.package_identification:_identify(src/velodyne/velodyne_pointcloud) by extensions ['ros']
[0.260s] Level 1:colcon.colcon_core.package_identification:_identify(src/velodyne/velodyne_pointcloud) by extension 'ros'
[0.263s] DEBUG:colcon.colcon_core.package_identification:Package 'src/velodyne/velodyne_pointcloud' with type 'ros.ament_cmake' and name 'velodyne_pointcloud'
[0.263s] Level 1:colcon.colcon_core.package_discovery:discover_packages(recursive) using defaults
[0.263s] Level 1:colcon.colcon_core.package_discovery:discover_packages(ignore) discover
[0.263s] Level 1:colcon.colcon_core.package_discovery:discover_packages(ignore) using defaults
[0.263s] Level 1:colcon.colcon_core.package_discovery:discover_packages(path) discover
[0.263s] Level 1:colcon.colcon_core.package_discovery:discover_packages(path) using defaults
[0.292s] Level 1:colcon.colcon_core.package_discovery:discover_packages(prefix_path) check parameters
[0.292s] Level 1:colcon.colcon_core.package_discovery:discover_packages(prefix_path) discover
[0.294s] WARNING:colcon.colcon_ros.prefix_path.ament:The path '/home/kushgarg/Desktop/ros2_ws/install/velodyne_simulator' in the environment variable AMENT_PREFIX_PATH doesn't exist
[0.294s] WARNING:colcon.colcon_ros.prefix_path.ament:The path '/home/kushgarg/Desktop/ros2_ws/install/velodyne_gazebo_plugins' in the environment variable AMENT_PREFIX_PATH doesn't exist
[0.294s] WARNING:colcon.colcon_ros.prefix_path.ament:The path '/home/kushgarg/Desktop/ros2_ws/install/mobile_robot' in the environment variable AMENT_PREFIX_PATH doesn't exist
[0.294s] WARNING:colcon.colcon_ros.prefix_path.ament:The path '/home/kushgarg/Desktop/ros2_ws/install/velodyne_description' in the environment variable AMENT_PREFIX_PATH doesn't exist
[0.294s] WARNING:colcon.colcon_ros.prefix_path.catkin:The path '/home/kushgarg/Desktop/ros2_ws/install/velodyne_simulator' in the environment variable CMAKE_PREFIX_PATH doesn't exist
[0.294s] WARNING:colcon.colcon_ros.prefix_path.catkin:The path '/home/kushgarg/Desktop/ros2_ws/install/velodyne_gazebo_plugins' in the environment variable CMAKE_PREFIX_PATH doesn't exist
[0.294s] WARNING:colcon.colcon_ros.prefix_path.catkin:The path '/home/kushgarg/Desktop/ros2_ws/install/mobile_robot' in the environment variable CMAKE_PREFIX_PATH doesn't exist
[0.294s] WARNING:colcon.colcon_ros.prefix_path.catkin:The path '/home/kushgarg/Desktop/ros2_ws/install/velodyne_description' in the environment variable CMAKE_PREFIX_PATH doesn't exist
[0.295s] DEBUG:colcon.colcon_installed_package_information.package_discovery:Found 6 installed packages in /home/kushgarg/Desktop/ros2_ws/install
[0.298s] DEBUG:colcon.colcon_installed_package_information.package_discovery:Found 350 installed packages in /opt/ros/humble
[0.302s] Level 1:colcon.colcon_core.package_discovery:discover_packages(prefix_path) using defaults
[0.377s] Level 5:colcon.colcon_core.verb:set package 'mobile_robot2' build argument 'cmake_args' from command line to 'None'
[0.377s] Level 5:colcon.colcon_core.verb:set package 'mobile_robot2' build argument 'cmake_target' from command line to 'None'
[0.377s] Level 5:colcon.colcon_core.verb:set package 'mobile_robot2' build argument 'cmake_target_skip_unavailable' from command line to 'False'
[0.377s] Level 5:colcon.colcon_core.verb:set package 'mobile_robot2' build argument 'cmake_clean_cache' from command line to 'False'
[0.377s] Level 5:colcon.colcon_core.verb:set package 'mobile_robot2' build argument 'cmake_clean_first' from command line to 'False'
[0.377s] Level 5:colcon.colcon_core.verb:set package 'mobile_robot2' build argument 'cmake_force_configure' from command line to 'False'
[0.377s] Level 5:colcon.colcon_core.verb:set package 'mobile_robot2' build argument 'ament_cmake_args' from command line to 'None'
[0.377s] Level 5:colcon.colcon_core.verb:set package 'mobile_robot2' build argument 'catkin_cmake_args' from command line to 'None'
[0.377s] Level 5:colcon.colcon_core.verb:set package 'mobile_robot2' build argument 'catkin_skip_building_tests' from command line to 'False'
[0.377s] DEBUG:colcon.colcon_core.verb:Building package 'mobile_robot2' with the following arguments: {'ament_cmake_args': None, 'build_base': '/home/kushgarg/Desktop/ros2_ws/build/mobile_robot2', 'catkin_cmake_args': None, 'catkin_skip_building_tests': False, 'cmake_args': None, 'cmake_clean_cache': False, 'cmake_clean_first': False, 'cmake_force_configure': False, 'cmake_target': None, 'cmake_target_skip_unavailable': False, 'install_base': '/home/kushgarg/Desktop/ros2_ws/install/mobile_robot2', 'merge_install': False, 'path': '/home/kushgarg/Desktop/ros2_ws/src/mobile_robot2', 'symlink_install': False, 'test_result_base': None}
[0.378s] Level 5:colcon.colcon_core.verb:set package 'velodyne_laserscan' build argument 'cmake_args' from command line to 'None'
[0.378s] Level 5:colcon.colcon_core.verb:set package 'velodyne_laserscan' build argument 'cmake_target' from command line to 'None'
[0.378s] Level 5:colcon.colcon_core.verb:set package 'velodyne_laserscan' build argument 'cmake_target_skip_unavailable' from command line to 'False'
[0.378s] Level 5:colcon.colcon_core.verb:set package 'velodyne_laserscan' build argument 'cmake_clean_cache' from command line to 'False'
[0.378s] Level 5:colcon.colcon_core.verb:set package 'velodyne_laserscan' build argument 'cmake_clean_first' from command line to 'False'
[0.378s] Level 5:colcon.colcon_core.verb:set package 'velodyne_laserscan' build argument 'cmake_force_configure' from command line to 'False'
[0.378s] Level 5:colcon.colcon_core.verb:set package 'velodyne_laserscan' build argument 'ament_cmake_args' from command line to 'None'
[0.378s] Level 5:colcon.colcon_core.verb:set package 'velodyne_laserscan' build argument 'catkin_cmake_args' from command line to 'None'
[0.378s] Level 5:colcon.colcon_core.verb:set package 'velodyne_laserscan' build argument 'catkin_skip_building_tests' from command line to 'False'
[0.378s] DEBUG:colcon.colcon_core.verb:Building package 'velodyne_laserscan' with the following arguments: {'ament_cmake_args': None, 'build_base': '/home/kushgarg/Desktop/ros2_ws/build/velodyne_laserscan', 'catkin_cmake_args': None, 'catkin_skip_building_tests': False, 'cmake_args': None, 'cmake_clean_cache': False, 'cmake_clean_first': False, 'cmake_force_configure': False, 'cmake_target': None, 'cmake_target_skip_unavailable': False, 'install_base': '/home/kushgarg/Desktop/ros2_ws/install/velodyne_laserscan', 'merge_install': False, 'path': '/home/kushgarg/Desktop/ros2_ws/src/velodyne/velodyne_laserscan', 'symlink_install': False, 'test_result_base': None}
[0.379s] Level 5:colcon.colcon_core.verb:set package 'velodyne_msgs' build argument 'cmake_args' from command line to 'None'
[0.379s] Level 5:colcon.colcon_core.verb:set package 'velodyne_msgs' build argument 'cmake_target' from command line to 'None'
[0.379s] Level 5:colcon.colcon_core.verb:set package 'velodyne_msgs' build argument 'cmake_target_skip_unavailable' from command line to 'False'
[0.379s] Level 5:colcon.colcon_core.verb:set package 'velodyne_msgs' build argument 'cmake_clean_cache' from command line to 'False'
[0.379s] Level 5:colcon.colcon_core.verb:set package 'velodyne_msgs' build argument 'cmake_clean_first' from command line to 'False'
[0.379s] Level 5:colcon.colcon_core.verb:set package 'velodyne_msgs' build argument 'cmake_force_configure' from command line to 'False'
[0.379s] Level 5:colcon.colcon_core.verb:set package 'velodyne_msgs' build argument 'ament_cmake_args' from command line to 'None'
[0.379s] Level 5:colcon.colcon_core.verb:set package 'velodyne_msgs' build argument 'catkin_cmake_args' from command line to 'None'
[0.379s] Level 5:colcon.colcon_core.verb:set package 'velodyne_msgs' build argument 'catkin_skip_building_tests' from command line to 'False'
[0.379s] DEBUG:colcon.colcon_core.verb:Building package 'velodyne_msgs' with the following arguments: {'ament_cmake_args': None, 'build_base': '/home/kushgarg/Desktop/ros2_ws/build/velodyne_msgs', 'catkin_cmake_args': None, 'catkin_skip_building_tests': False, 'cmake_args': None, 'cmake_clean_cache': False, 'cmake_clean_first': False, 'cmake_force_configure': False, 'cmake_target': None, 'cmake_target_skip_unavailable': False, 'install_base': '/home/kushgarg/Desktop/ros2_ws/install/velodyne_msgs', 'merge_install': False, 'path': '/home/kushgarg/Desktop/ros2_ws/src/velodyne/velodyne_msgs', 'symlink_install': False, 'test_result_base': None}
[0.380s] Level 5:colcon.colcon_core.verb:set package 'velodyne_driver' build argument 'cmake_args' from command line to 'None'
[0.380s] Level 5:colcon.colcon_core.verb:set package 'velodyne_driver' build argument 'cmake_target' from command line to 'None'
[0.380s] Level 5:colcon.colcon_core.verb:set package 'velodyne_driver' build argument 'cmake_target_skip_unavailable' from command line to 'False'
[0.380s] Level 5:colcon.colcon_core.verb:set package 'velodyne_driver' build argument 'cmake_clean_cache' from command line to 'False'
[0.380s] Level 5:colcon.colcon_core.verb:set package 'velodyne_driver' build argument 'cmake_clean_first' from command line to 'False'
[0.380s] Level 5:colcon.colcon_core.verb:set package 'velodyne_driver' build argument 'cmake_force_configure' from command line to 'False'
[0.380s] Level 5:colcon.colcon_core.verb:set package 'velodyne_driver' build argument 'ament_cmake_args' from command line to 'None'
[0.380s] Level 5:colcon.colcon_core.verb:set package 'velodyne_driver' build argument 'catkin_cmake_args' from command line to 'None'
[0.380s] Level 5:colcon.colcon_core.verb:set package 'velodyne_driver' build argument 'catkin_skip_building_tests' from command line to 'False'
[0.380s] DEBUG:colcon.colcon_core.verb:Building package 'velodyne_driver' with the following arguments: {'ament_cmake_args': None, 'build_base': '/home/kushgarg/Desktop/ros2_ws/build/velodyne_driver', 'catkin_cmake_args': None, 'catkin_skip_building_tests': False, 'cmake_args': None, 'cmake_clean_cache': False, 'cmake_clean_first': False, 'cmake_force_configure': False, 'cmake_target': None, 'cmake_target_skip_unavailable': False, 'install_base': '/home/kushgarg/Desktop/ros2_ws/install/velodyne_driver', 'merge_install': False, 'path': '/home/kushgarg/Desktop/ros2_ws/src/velodyne/velodyne_driver', 'symlink_install': False, 'test_result_base': None}
[0.380s] Level 5:colcon.colcon_core.verb:set package 'velodyne_pointcloud' build argument 'cmake_args' from command line to 'None'
[0.380s] Level 5:colcon.colcon_core.verb:set package 'velodyne_pointcloud' build argument 'cmake_target' from command line to 'None'
[0.381s] Level 5:colcon.colcon_core.verb:set package 'velodyne_pointcloud' build argument 'cmake_target_skip_unavailable' from command line to 'False'
[0.381s] Level 5:colcon.colcon_core.verb:set package 'velodyne_pointcloud' build argument 'cmake_clean_cache' from command line to 'False'
[0.381s] Level 5:colcon.colcon_core.verb:set package 'velodyne_pointcloud' build argument 'cmake_clean_first' from command line to 'False'
[0.381s] Level 5:colcon.colcon_core.verb:set package 'velodyne_pointcloud' build argument 'cmake_force_configure' from command line to 'False'
[0.381s] Level 5:colcon.colcon_core.verb:set package 'velodyne_pointcloud' build argument 'ament_cmake_args' from command line to 'None'
[0.381s] Level 5:colcon.colcon_core.verb:set package 'velodyne_pointcloud' build argument 'catkin_cmake_args' from command line to 'None'
[0.381s] Level 5:colcon.colcon_core.verb:set package 'velodyne_pointcloud' build argument 'catkin_skip_building_tests' from command line to 'False'
[0.381s] DEBUG:colcon.colcon_core.verb:Building package 'velodyne_pointcloud' with the following arguments: {'ament_cmake_args': None, 'build_base': '/home/kushgarg/Desktop/ros2_ws/build/velodyne_pointcloud', 'catkin_cmake_args': None, 'catkin_skip_building_tests': False, 'cmake_args': None, 'cmake_clean_cache': False, 'cmake_clean_first': False, 'cmake_force_configure': False, 'cmake_target': None, 'cmake_target_skip_unavailable': False, 'install_base': '/home/kushgarg/Desktop/ros2_ws/install/velodyne_pointcloud', 'merge_install': False, 'path': '/home/kushgarg/Desktop/ros2_ws/src/velodyne/velodyne_pointcloud', 'symlink_install': False, 'test_result_base': None}
[0.381s] Level 5:colcon.colcon_core.verb:set package 'velodyne' build argument 'cmake_args' from command line to 'None'
[0.381s] Level 5:colcon.colcon_core.verb:set package 'velodyne' build argument 'cmake_target' from command line to 'None'
[0.381s] Level 5:colcon.colcon_core.verb:set package 'velodyne' build argument 'cmake_target_skip_unavailable' from command line to 'False'
[0.381s] Level 5:colcon.colcon_core.verb:set package 'velodyne' build argument 'cmake_clean_cache' from command line to 'False'
[0.382s] Level 5:colcon.colcon_core.verb:set package 'velodyne' build argument 'cmake_clean_first' from command line to 'False'
[0.382s] Level 5:colcon.colcon_core.verb:set package 'velodyne' build argument 'cmake_force_configure' from command line to 'False'
[0.382s] Level 5:colcon.colcon_core.verb:set package 'velodyne' build argument 'ament_cmake_args' from command line to 'None'
[0.382s] Level 5:colcon.colcon_core.verb:set package 'velodyne' build argument 'catkin_cmake_args' from command line to 'None'
[0.382s] Level 5:colcon.colcon_core.verb:set package 'velodyne' build argument 'catkin_skip_building_tests' from command line to 'False'
[0.382s] DEBUG:colcon.colcon_core.verb:Building package 'velodyne' with the following arguments: {'ament_cmake_args': None, 'build_base': '/home/kushgarg/Desktop/ros2_ws/build/velodyne', 'catkin_cmake_args': None, 'catkin_skip_building_tests': False, 'cmake_args': None, 'cmake_clean_cache': False, 'cmake_clean_first': False, 'cmake_force_configure': False, 'cmake_target': None, 'cmake_target_skip_unavailable': False, 'install_base': '/home/kushgarg/Desktop/ros2_ws/install/velodyne', 'merge_install': False, 'path': '/home/kushgarg/Desktop/ros2_ws/src/velodyne/velodyne', 'symlink_install': False, 'test_result_base': None}
[0.382s] INFO:colcon.colcon_core.executor:Executing jobs using 'parallel' executor
[0.383s] DEBUG:colcon.colcon_parallel_executor.executor.parallel:run_until_complete
[0.383s] INFO:colcon.colcon_ros.task.ament_cmake.build:Building ROS package in '/home/kushgarg/Desktop/ros2_ws/src/velodyne/velodyne_msgs' with build type 'ament_cmake'
[0.383s] INFO:colcon.colcon_cmake.task.cmake.build:Building CMake package in '/home/kushgarg/Desktop/ros2_ws/src/velodyne/velodyne_msgs'
[0.386s] INFO:colcon.colcon_core.plugin_system:Skipping extension 'colcon_core.shell.bat': Not used on non-Windows systems
[0.386s] INFO:colcon.colcon_core.shell:Skip shell extension 'powershell' for command environment: Not usable outside of PowerShell
[0.386s] DEBUG:colcon.colcon_core.shell:Skip shell extension 'dsv' for command environment
[0.391s] INFO:colcon.colcon_ros.task.ament_cmake.build:Building ROS package in '/home/kushgarg/Desktop/ros2_ws/src/velodyne/velodyne_laserscan' with build type 'ament_cmake'
[0.391s] INFO:colcon.colcon_cmake.task.cmake.build:Building CMake package in '/home/kushgarg/Desktop/ros2_ws/src/velodyne/velodyne_laserscan'
[0.392s] INFO:colcon.colcon_core.shell:Skip shell extension 'powershell' for command environment: Not usable outside of PowerShell
[0.392s] DEBUG:colcon.colcon_core.shell:Skip shell extension 'dsv' for command environment
[0.396s] INFO:colcon.colcon_ros.task.ament_cmake.build:Building ROS package in '/home/kushgarg/Desktop/ros2_ws/src/mobile_robot2' with build type 'ament_cmake'
[0.396s] INFO:colcon.colcon_cmake.task.cmake.build:Building CMake package in '/home/kushgarg/Desktop/ros2_ws/src/mobile_robot2'
[0.397s] INFO:colcon.colcon_core.shell:Skip shell extension 'powershell' for command environment: Not usable outside of PowerShell
[0.397s] DEBUG:colcon.colcon_core.shell:Skip shell extension 'dsv' for command environment
[0.408s] DEBUG:colcon.colcon_core.event_handler.log_command:Invoking command in '/home/kushgarg/Desktop/ros2_ws/build/velodyne_msgs': CMAKE_PREFIX_PATH=${CMAKE_PREFIX_PATH}:/opt/ros/humble /usr/bin/cmake --build /home/kushgarg/Desktop/ros2_ws/build/velodyne_msgs -- -j12 -l12
[0.412s] DEBUG:colcon.colcon_core.event_handler.log_command:Invoking command in '/home/kushgarg/Desktop/ros2_ws/build/velodyne_laserscan': CMAKE_PREFIX_PATH=${CMAKE_PREFIX_PATH}:/opt/ros/humble /usr/bin/cmake --build /home/kushgarg/Desktop/ros2_ws/build/velodyne_laserscan -- -j12 -l12
[0.416s] DEBUG:colcon.colcon_core.event_handler.log_command:Invoking command in '/home/kushgarg/Desktop/ros2_ws/build/mobile_robot2': CMAKE_PREFIX_PATH=${CMAKE_PREFIX_PATH}:/opt/ros/humble /usr/bin/cmake --build /home/kushgarg/Desktop/ros2_ws/build/mobile_robot2 -- -j12 -l12
[0.469s] DEBUG:colcon.colcon_core.event_handler.log_command:Invoked command in '/home/kushgarg/Desktop/ros2_ws/build/mobile_robot2' returned '0': CMAKE_PREFIX_PATH=${CMAKE_PREFIX_PATH}:/opt/ros/humble /usr/bin/cmake --build /home/kushgarg/Desktop/ros2_ws/build/mobile_robot2 -- -j12 -l12
[0.481s] DEBUG:colcon.colcon_core.event_handler.log_command:Invoking command in '/home/kushgarg/Desktop/ros2_ws/build/mobile_robot2': CMAKE_PREFIX_PATH=${CMAKE_PREFIX_PATH}:/opt/ros/humble /usr/bin/cmake --install /home/kushgarg/Desktop/ros2_ws/build/mobile_robot2
[0.494s] Level 1:colcon.colcon_core.environment:create_environment_scripts_only(mobile_robot2)
[0.498s] Level 1:colcon.colcon_core.environment:checking '/home/kushgarg/Desktop/ros2_ws/install/mobile_robot2' for CMake module files
[0.500s] Level 1:colcon.colcon_core.environment:checking '/home/kushgarg/Desktop/ros2_ws/install/mobile_robot2' for CMake config files
[0.501s] DEBUG:colcon.colcon_core.event_handler.log_command:Invoked command in '/home/kushgarg/Desktop/ros2_ws/build/mobile_robot2' returned '0': CMAKE_PREFIX_PATH=${CMAKE_PREFIX_PATH}:/opt/ros/humble /usr/bin/cmake --install /home/kushgarg/Desktop/ros2_ws/build/mobile_robot2
[0.502s] Level 1:colcon.colcon_core.shell:create_environment_hook('mobile_robot2', 'cmake_prefix_path')
[0.503s] INFO:colcon.colcon_core.shell:Creating environment hook '/home/kushgarg/Desktop/ros2_ws/install/mobile_robot2/share/mobile_robot2/hook/cmake_prefix_path.ps1'
[0.503s] INFO:colcon.colcon_core.shell:Creating environment descriptor '/home/kushgarg/Desktop/ros2_ws/install/mobile_robot2/share/mobile_robot2/hook/cmake_prefix_path.dsv'
[0.504s] INFO:colcon.colcon_core.shell:Creating environment hook '/home/kushgarg/Desktop/ros2_ws/install/mobile_robot2/share/mobile_robot2/hook/cmake_prefix_path.sh'
[0.505s] Level 1:colcon.colcon_core.environment:checking '/home/kushgarg/Desktop/ros2_ws/install/mobile_robot2/bin'
[0.505s] Level 1:colcon.colcon_core.environment:checking '/home/kushgarg/Desktop/ros2_ws/install/mobile_robot2/lib/pkgconfig/mobile_robot2.pc'
[0.505s] Level 1:colcon.colcon_core.environment:checking '/home/kushgarg/Desktop/ros2_ws/install/mobile_robot2/lib/python3.10/site-packages'
[0.506s] Level 1:colcon.colcon_core.environment:checking '/home/kushgarg/Desktop/ros2_ws/install/mobile_robot2/bin'
[0.506s] INFO:colcon.colcon_core.shell:Creating package script '/home/kushgarg/Desktop/ros2_ws/install/mobile_robot2/share/mobile_robot2/package.ps1'
[0.507s] INFO:colcon.colcon_core.shell:Creating package descriptor '/home/kushgarg/Desktop/ros2_ws/install/mobile_robot2/share/mobile_robot2/package.dsv'
[0.508s] INFO:colcon.colcon_core.shell:Creating package script '/home/kushgarg/Desktop/ros2_ws/install/mobile_robot2/share/mobile_robot2/package.sh'
[0.509s] INFO:colcon.colcon_core.shell:Creating package script '/home/kushgarg/Desktop/ros2_ws/install/mobile_robot2/share/mobile_robot2/package.bash'
[0.510s] INFO:colcon.colcon_core.shell:Creating package script '/home/kushgarg/Desktop/ros2_ws/install/mobile_robot2/share/mobile_robot2/package.zsh'
[0.511s] Level 1:colcon.colcon_core.environment:create_file_with_runtime_dependencies(/home/kushgarg/Desktop/ros2_ws/install/mobile_robot2/share/colcon-core/packages/mobile_robot2)
[0.512s] Level 1:colcon.colcon_core.environment:create_environment_scripts_only(mobile_robot2)
[0.512s] Level 1:colcon.colcon_core.environment:checking '/home/kushgarg/Desktop/ros2_ws/install/mobile_robot2' for CMake module files
[0.513s] Level 1:colcon.colcon_core.environment:checking '/home/kushgarg/Desktop/ros2_ws/install/mobile_robot2' for CMake config files
[0.513s] Level 1:colcon.colcon_core.shell:create_environment_hook('mobile_robot2', 'cmake_prefix_path')
[0.513s] INFO:colcon.colcon_core.shell:Creating environment hook '/home/kushgarg/Desktop/ros2_ws/install/mobile_robot2/share/mobile_robot2/hook/cmake_prefix_path.ps1'
[0.514s] INFO:colcon.colcon_core.shell:Creating environment descriptor '/home/kushgarg/Desktop/ros2_ws/install/mobile_robot2/share/mobile_robot2/hook/cmake_prefix_path.dsv'
[0.515s] INFO:colcon.colcon_core.shell:Creating environment hook '/home/kushgarg/Desktop/ros2_ws/install/mobile_robot2/share/mobile_robot2/hook/cmake_prefix_path.sh'
[0.516s] Level 1:colcon.colcon_core.environment:checking '/home/kushgarg/Desktop/ros2_ws/install/mobile_robot2/bin'
[0.516s] Level 1:colcon.colcon_core.environment:checking '/home/kushgarg/Desktop/ros2_ws/install/mobile_robot2/lib/pkgconfig/mobile_robot2.pc'
[0.517s] Level 1:colcon.colcon_core.environment:checking '/home/kushgarg/Desktop/ros2_ws/install/mobile_robot2/lib/python3.10/site-packages'
[0.517s] Level 1:colcon.colcon_core.environment:checking '/home/kushgarg/Desktop/ros2_ws/install/mobile_robot2/bin'
[0.518s] INFO:colcon.colcon_core.shell:Creating package script '/home/kushgarg/Desktop/ros2_ws/install/mobile_robot2/share/mobile_robot2/package.ps1'
[0.518s] INFO:colcon.colcon_core.shell:Creating package descriptor '/home/kushgarg/Desktop/ros2_ws/install/mobile_robot2/share/mobile_robot2/package.dsv'
[0.519s] INFO:colcon.colcon_core.shell:Creating package script '/home/kushgarg/Desktop/ros2_ws/install/mobile_robot2/share/mobile_robot2/package.sh'
[0.519s] INFO:colcon.colcon_core.shell:Creating package script '/home/kushgarg/Desktop/ros2_ws/install/mobile_robot2/share/mobile_robot2/package.bash'
[0.520s] INFO:colcon.colcon_core.shell:Creating package script '/home/kushgarg/Desktop/ros2_ws/install/mobile_robot2/share/mobile_robot2/package.zsh'
[0.521s] Level 1:colcon.colcon_core.environment:create_file_with_runtime_dependencies(/home/kushgarg/Desktop/ros2_ws/install/mobile_robot2/share/colcon-core/packages/mobile_robot2)
[0.525s] DEBUG:colcon.colcon_core.event_handler.log_command:Invoked command in '/home/kushgarg/Desktop/ros2_ws/build/velodyne_laserscan' returned '0': CMAKE_PREFIX_PATH=${CMAKE_PREFIX_PATH}:/opt/ros/humble /usr/bin/cmake --build /home/kushgarg/Desktop/ros2_ws/build/velodyne_laserscan -- -j12 -l12
[0.526s] DEBUG:colcon.colcon_core.event_handler.log_command:Invoking command in '/home/kushgarg/Desktop/ros2_ws/build/velodyne_laserscan': CMAKE_PREFIX_PATH=${CMAKE_PREFIX_PATH}:/opt/ros/humble /usr/bin/cmake --install /home/kushgarg/Desktop/ros2_ws/build/velodyne_laserscan
[0.537s] Level 1:colcon.colcon_core.environment:create_environment_scripts_only(velodyne_laserscan)
[0.537s] Level 1:colcon.colcon_core.environment:checking '/home/kushgarg/Desktop/ros2_ws/install/velodyne_laserscan' for CMake module files
[0.539s] Level 1:colcon.colcon_core.environment:checking '/home/kushgarg/Desktop/ros2_ws/install/velodyne_laserscan' for CMake config files
[0.539s] DEBUG:colcon.colcon_core.event_handler.log_command:Invoked command in '/home/kushgarg/Desktop/ros2_ws/build/velodyne_laserscan' returned '0': CMAKE_PREFIX_PATH=${CMAKE_PREFIX_PATH}:/opt/ros/humble /usr/bin/cmake --install /home/kushgarg/Desktop/ros2_ws/build/velodyne_laserscan
[0.540s] Level 1:colcon.colcon_core.shell:create_environment_hook('velodyne_laserscan', 'cmake_prefix_path')
[0.540s] INFO:colcon.colcon_core.shell:Creating environment hook '/home/kushgarg/Desktop/ros2_ws/install/velodyne_laserscan/share/velodyne_laserscan/hook/cmake_prefix_path.ps1'
[0.541s] INFO:colcon.colcon_core.shell:Creating environment descriptor '/home/kushgarg/Desktop/ros2_ws/install/velodyne_laserscan/share/velodyne_laserscan/hook/cmake_prefix_path.dsv'
[0.541s] INFO:colcon.colcon_core.shell:Creating environment hook '/home/kushgarg/Desktop/ros2_ws/install/velodyne_laserscan/share/velodyne_laserscan/hook/cmake_prefix_path.sh'
[0.542s] Level 1:colcon.colcon_core.environment:checking '/home/kushgarg/Desktop/ros2_ws/install/velodyne_laserscan/lib'
[0.542s] Level 1:colcon.colcon_core.shell:create_environment_hook('velodyne_laserscan', 'ld_library_path_lib')
[0.543s] INFO:colcon.colcon_core.shell:Creating environment hook '/home/kushgarg/Desktop/ros2_ws/install/velodyne_laserscan/share/velodyne_laserscan/hook/ld_library_path_lib.ps1'
[0.544s] INFO:colcon.colcon_core.shell:Creating environment descriptor '/home/kushgarg/Desktop/ros2_ws/install/velodyne_laserscan/share/velodyne_laserscan/hook/ld_library_path_lib.dsv'
[0.544s] INFO:colcon.colcon_core.shell:Creating environment hook '/home/kushgarg/Desktop/ros2_ws/install/velodyne_laserscan/share/velodyne_laserscan/hook/ld_library_path_lib.sh'
[0.544s] Level 1:colcon.colcon_core.environment:checking '/home/kushgarg/Desktop/ros2_ws/install/velodyne_laserscan/bin'
[0.544s] Level 1:colcon.colcon_core.environment:checking '/home/kushgarg/Desktop/ros2_ws/install/velodyne_laserscan/lib/pkgconfig/velodyne_laserscan.pc'
[0.545s] Level 1:colcon.colcon_core.environment:checking '/home/kushgarg/Desktop/ros2_ws/install/velodyne_laserscan/lib/python3.10/site-packages'
[0.545s] Level 1:colcon.colcon_core.environment:checking '/home/kushgarg/Desktop/ros2_ws/install/velodyne_laserscan/bin'
[0.546s] INFO:colcon.colcon_core.shell:Creating package script '/home/kushgarg/Desktop/ros2_ws/install/velodyne_laserscan/share/velodyne_laserscan/package.ps1'
[0.546s] INFO:colcon.colcon_core.shell:Creating package descriptor '/home/kushgarg/Desktop/ros2_ws/install/velodyne_laserscan/share/velodyne_laserscan/package.dsv'
[0.547s] INFO:colcon.colcon_core.shell:Creating package script '/home/kushgarg/Desktop/ros2_ws/install/velodyne_laserscan/share/velodyne_laserscan/package.sh'
[0.547s] INFO:colcon.colcon_core.shell:Creating package script '/home/kushgarg/Desktop/ros2_ws/install/velodyne_laserscan/share/velodyne_laserscan/package.bash'
[0.548s] INFO:colcon.colcon_core.shell:Creating package script '/home/kushgarg/Desktop/ros2_ws/install/velodyne_laserscan/share/velodyne_laserscan/package.zsh'
[0.548s] Level 1:colcon.colcon_core.environment:create_file_with_runtime_dependencies(/home/kushgarg/Desktop/ros2_ws/install/velodyne_laserscan/share/colcon-core/packages/velodyne_laserscan)
[0.549s] Level 1:colcon.colcon_core.environment:create_environment_scripts_only(velodyne_laserscan)
[0.549s] Level 1:colcon.colcon_core.environment:checking '/home/kushgarg/Desktop/ros2_ws/install/velodyne_laserscan' for CMake module files
[0.550s] Level 1:colcon.colcon_core.environment:checking '/home/kushgarg/Desktop/ros2_ws/install/velodyne_laserscan' for CMake config files
[0.550s] Level 1:colcon.colcon_core.shell:create_environment_hook('velodyne_laserscan', 'cmake_prefix_path')
[0.550s] INFO:colcon.colcon_core.shell:Creating environment hook '/home/kushgarg/Desktop/ros2_ws/install/velodyne_laserscan/share/velodyne_laserscan/hook/cmake_prefix_path.ps1'
[0.551s] INFO:colcon.colcon_core.shell:Creating environment descriptor '/home/kushgarg/Desktop/ros2_ws/install/velodyne_laserscan/share/velodyne_laserscan/hook/cmake_prefix_path.dsv'
[0.551s] INFO:colcon.colcon_core.shell:Creating environment hook '/home/kushgarg/Desktop/ros2_ws/install/velodyne_laserscan/share/velodyne_laserscan/hook/cmake_prefix_path.sh'
[0.552s] Level 1:colcon.colcon_core.environment:checking '/home/kushgarg/Desktop/ros2_ws/install/velodyne_laserscan/lib'
[0.552s] Level 1:colcon.colcon_core.shell:create_environment_hook('velodyne_laserscan', 'ld_library_path_lib')
[0.553s] INFO:colcon.colcon_core.shell:Creating environment hook '/home/kushgarg/Desktop/ros2_ws/install/velodyne_laserscan/share/velodyne_laserscan/hook/ld_library_path_lib.ps1'
[0.554s] INFO:colcon.colcon_core.shell:Creating environment descriptor '/home/kushgarg/Desktop/ros2_ws/install/velodyne_laserscan/share/velodyne_laserscan/hook/ld_library_path_lib.dsv'
[0.554s] INFO:colcon.colcon_core.shell:Creating environment hook '/home/kushgarg/Desktop/ros2_ws/install/velodyne_laserscan/share/velodyne_laserscan/hook/ld_library_path_lib.sh'
[0.555s] Level 1:colcon.colcon_core.environment:checking '/home/kushgarg/Desktop/ros2_ws/install/velodyne_laserscan/bin'
[0.555s] Level 1:colcon.colcon_core.environment:checking '/home/kushgarg/Desktop/ros2_ws/install/velodyne_laserscan/lib/pkgconfig/velodyne_laserscan.pc'
[0.555s] Level 1:colcon.colcon_core.environment:checking '/home/kushgarg/Desktop/ros2_ws/install/velodyne_laserscan/lib/python3.10/site-packages'
[0.555s] Level 1:colcon.colcon_core.environment:checking '/home/kushgarg/Desktop/ros2_ws/install/velodyne_laserscan/bin'
[0.556s] INFO:colcon.colcon_core.shell:Creating package script '/home/kushgarg/Desktop/ros2_ws/install/velodyne_laserscan/share/velodyne_laserscan/package.ps1'
[0.557s] INFO:colcon.colcon_core.shell:Creating package descriptor '/home/kushgarg/Desktop/ros2_ws/install/velodyne_laserscan/share/velodyne_laserscan/package.dsv'
[0.557s] INFO:colcon.colcon_core.shell:Creating package script '/home/kushgarg/Desktop/ros2_ws/install/velodyne_laserscan/share/velodyne_laserscan/package.sh'
[0.558s] INFO:colcon.colcon_core.shell:Creating package script '/home/kushgarg/Desktop/ros2_ws/install/velodyne_laserscan/share/velodyne_laserscan/package.bash'
[0.558s] INFO:colcon.colcon_core.shell:Creating package script '/home/kushgarg/Desktop/ros2_ws/install/velodyne_laserscan/share/velodyne_laserscan/package.zsh'
[0.559s] Level 1:colcon.colcon_core.environment:create_file_with_runtime_dependencies(/home/kushgarg/Desktop/ros2_ws/install/velodyne_laserscan/share/colcon-core/packages/velodyne_laserscan)
[0.922s] DEBUG:colcon.colcon_core.event_handler.log_command:Invoked command in '/home/kushgarg/Desktop/ros2_ws/build/velodyne_msgs' returned '0': CMAKE_PREFIX_PATH=${CMAKE_PREFIX_PATH}:/opt/ros/humble /usr/bin/cmake --build /home/kushgarg/Desktop/ros2_ws/build/velodyne_msgs -- -j12 -l12
[0.923s] DEBUG:colcon.colcon_core.event_handler.log_command:Invoking command in '/home/kushgarg/Desktop/ros2_ws/build/velodyne_msgs': CMAKE_PREFIX_PATH=${CMAKE_PREFIX_PATH}:/opt/ros/humble /usr/bin/cmake --install /home/kushgarg/Desktop/ros2_ws/build/velodyne_msgs
[0.989s] Level 1:colcon.colcon_core.environment:create_environment_scripts_only(velodyne_msgs)
[0.990s] Level 1:colcon.colcon_core.environment:checking '/home/kushgarg/Desktop/ros2_ws/install/velodyne_msgs' for CMake module files
[0.991s] DEBUG:colcon.colcon_core.event_handler.log_command:Invoked command in '/home/kushgarg/Desktop/ros2_ws/build/velodyne_msgs' returned '0': CMAKE_PREFIX_PATH=${CMAKE_PREFIX_PATH}:/opt/ros/humble /usr/bin/cmake --install /home/kushgarg/Desktop/ros2_ws/build/velodyne_msgs
[0.991s] Level 1:colcon.colcon_core.environment:checking '/home/kushgarg/Desktop/ros2_ws/install/velodyne_msgs' for CMake config files
[0.992s] Level 1:colcon.colcon_core.shell:create_environment_hook('velodyne_msgs', 'cmake_prefix_path')
[0.992s] INFO:colcon.colcon_core.shell:Creating environment hook '/home/kushgarg/Desktop/ros2_ws/install/velodyne_msgs/share/velodyne_msgs/hook/cmake_prefix_path.ps1'
[0.992s] INFO:colcon.colcon_core.shell:Creating environment descriptor '/home/kushgarg/Desktop/ros2_ws/install/velodyne_msgs/share/velodyne_msgs/hook/cmake_prefix_path.dsv'
[0.993s] INFO:colcon.colcon_core.shell:Creating environment hook '/home/kushgarg/Desktop/ros2_ws/install/velodyne_msgs/share/velodyne_msgs/hook/cmake_prefix_path.sh'
[0.993s] Level 1:colcon.colcon_core.environment:checking '/home/kushgarg/Desktop/ros2_ws/install/velodyne_msgs/lib'
[0.993s] Level 1:colcon.colcon_core.shell:create_environment_hook('velodyne_msgs', 'ld_library_path_lib')
[0.994s] INFO:colcon.colcon_core.shell:Creating environment hook '/home/kushgarg/Desktop/ros2_ws/install/velodyne_msgs/share/velodyne_msgs/hook/ld_library_path_lib.ps1'
[0.994s] INFO:colcon.colcon_core.shell:Creating environment descriptor '/home/kushgarg/Desktop/ros2_ws/install/velodyne_msgs/share/velodyne_msgs/hook/ld_library_path_lib.dsv'
[0.994s] INFO:colcon.colcon_core.shell:Creating environment hook '/home/kushgarg/Desktop/ros2_ws/install/velodyne_msgs/share/velodyne_msgs/hook/ld_library_path_lib.sh'
[0.995s] Level 1:colcon.colcon_core.environment:checking '/home/kushgarg/Desktop/ros2_ws/install/velodyne_msgs/bin'
[0.995s] Level 1:colcon.colcon_core.environment:checking '/home/kushgarg/Desktop/ros2_ws/install/velodyne_msgs/lib/pkgconfig/velodyne_msgs.pc'
[0.995s] Level 1:colcon.colcon_core.environment:checking '/home/kushgarg/Desktop/ros2_ws/install/velodyne_msgs/lib/python3.10/site-packages'
[0.996s] Level 1:colcon.colcon_core.environment:checking '/home/kushgarg/Desktop/ros2_ws/install/velodyne_msgs/bin'
[0.996s] INFO:colcon.colcon_core.shell:Creating package script '/home/kushgarg/Desktop/ros2_ws/install/velodyne_msgs/share/velodyne_msgs/package.ps1'
[0.997s] INFO:colcon.colcon_core.shell:Creating package descriptor '/home/kushgarg/Desktop/ros2_ws/install/velodyne_msgs/share/velodyne_msgs/package.dsv'
[0.997s] INFO:colcon.colcon_core.shell:Creating package script '/home/kushgarg/Desktop/ros2_ws/install/velodyne_msgs/share/velodyne_msgs/package.sh'
[0.997s] INFO:colcon.colcon_core.shell:Creating package script '/home/kushgarg/Desktop/ros2_ws/install/velodyne_msgs/share/velodyne_msgs/package.bash'
[0.998s] INFO:colcon.colcon_core.shell:Creating package script '/home/kushgarg/Desktop/ros2_ws/install/velodyne_msgs/share/velodyne_msgs/package.zsh'
[0.998s] Level 1:colcon.colcon_core.environment:create_file_with_runtime_dependencies(/home/kushgarg/Desktop/ros2_ws/install/velodyne_msgs/share/colcon-core/packages/velodyne_msgs)
[0.999s] Level 1:colcon.colcon_core.environment:create_environment_scripts_only(velodyne_msgs)
[0.999s] Level 1:colcon.colcon_core.environment:checking '/home/kushgarg/Desktop/ros2_ws/install/velodyne_msgs' for CMake module files
[1.000s] Level 1:colcon.colcon_core.environment:checking '/home/kushgarg/Desktop/ros2_ws/install/velodyne_msgs' for CMake config files
[1.000s] Level 1:colcon.colcon_core.shell:create_environment_hook('velodyne_msgs', 'cmake_prefix_path')
[1.001s] INFO:colcon.colcon_core.shell:Creating environment hook '/home/kushgarg/Desktop/ros2_ws/install/velodyne_msgs/share/velodyne_msgs/hook/cmake_prefix_path.ps1'
[1.001s] INFO:colcon.colcon_core.shell:Creating environment descriptor '/home/kushgarg/Desktop/ros2_ws/install/velodyne_msgs/share/velodyne_msgs/hook/cmake_prefix_path.dsv'
[1.001s] INFO:colcon.colcon_core.shell:Creating environment hook '/home/kushgarg/Desktop/ros2_ws/install/velodyne_msgs/share/velodyne_msgs/hook/cmake_prefix_path.sh'
[1.002s] Level 1:colcon.colcon_core.environment:checking '/home/kushgarg/Desktop/ros2_ws/install/velodyne_msgs/lib'
[1.002s] Level 1:colcon.colcon_core.shell:create_environment_hook('velodyne_msgs', 'ld_library_path_lib')
[1.002s] INFO:colcon.colcon_core.shell:Creating environment hook '/home/kushgarg/Desktop/ros2_ws/install/velodyne_msgs/share/velodyne_msgs/hook/ld_library_path_lib.ps1'
[1.003s] INFO:colcon.colcon_core.shell:Creating environment descriptor '/home/kushgarg/Desktop/ros2_ws/install/velodyne_msgs/share/velodyne_msgs/hook/ld_library_path_lib.dsv'
[1.003s] INFO:colcon.colcon_core.shell:Creating environment hook '/home/kushgarg/Desktop/ros2_ws/install/velodyne_msgs/share/velodyne_msgs/hook/ld_library_path_lib.sh'
[1.004s] Level 1:colcon.colcon_core.environment:checking '/home/kushgarg/Desktop/ros2_ws/install/velodyne_msgs/bin'
[1.004s] Level 1:colcon.colcon_core.environment:checking '/home/kushgarg/Desktop/ros2_ws/install/velodyne_msgs/lib/pkgconfig/velodyne_msgs.pc'
[1.004s] Level 1:colcon.colcon_core.environment:checking '/home/kushgarg/Desktop/ros2_ws/install/velodyne_msgs/lib/python3.10/site-packages'
[1.004s] Level 1:colcon.colcon_core.environment:checking '/home/kushgarg/Desktop/ros2_ws/install/velodyne_msgs/bin'
[1.005s] INFO:colcon.colcon_core.shell:Creating package script '/home/kushgarg/Desktop/ros2_ws/install/velodyne_msgs/share/velodyne_msgs/package.ps1'
[1.005s] INFO:colcon.colcon_core.shell:Creating package descriptor '/home/kushgarg/Desktop/ros2_ws/install/velodyne_msgs/share/velodyne_msgs/package.dsv'
[1.006s] INFO:colcon.colcon_core.shell:Creating package script '/home/kushgarg/Desktop/ros2_ws/install/velodyne_msgs/share/velodyne_msgs/package.sh'
[1.006s] INFO:colcon.colcon_core.shell:Creating package script '/home/kushgarg/Desktop/ros2_ws/install/velodyne_msgs/share/velodyne_msgs/package.bash'
[1.007s] INFO:colcon.colcon_core.shell:Creating package script '/home/kushgarg/Desktop/ros2_ws/install/velodyne_msgs/share/velodyne_msgs/package.zsh'
[1.007s] Level 1:colcon.colcon_core.environment:create_file_with_runtime_dependencies(/home/kushgarg/Desktop/ros2_ws/install/velodyne_msgs/share/colcon-core/packages/velodyne_msgs)
[1.008s] INFO:colcon.colcon_ros.task.ament_cmake.build:Building ROS package in '/home/kushgarg/Desktop/ros2_ws/src/velodyne/velodyne_driver' with build type 'ament_cmake'
[1.008s] INFO:colcon.colcon_cmake.task.cmake.build:Building CMake package in '/home/kushgarg/Desktop/ros2_ws/src/velodyne/velodyne_driver'
[1.008s] INFO:colcon.colcon_core.shell:Skip shell extension 'powershell' for command environment: Not usable outside of PowerShell
[1.008s] DEBUG:colcon.colcon_core.shell:Skip shell extension 'dsv' for command environment
[1.013s] INFO:colcon.colcon_ros.task.ament_cmake.build:Building ROS package in '/home/kushgarg/Desktop/ros2_ws/src/velodyne/velodyne_pointcloud' with build type 'ament_cmake'
[1.013s] INFO:colcon.colcon_cmake.task.cmake.build:Building CMake package in '/home/kushgarg/Desktop/ros2_ws/src/velodyne/velodyne_pointcloud'
[1.014s] INFO:colcon.colcon_core.shell:Skip shell extension 'powershell' for command environment: Not usable outside of PowerShell
[1.014s] DEBUG:colcon.colcon_core.shell:Skip shell extension 'dsv' for command environment
[1.025s] DEBUG:colcon.colcon_core.event_handler.log_command:Invoking command in '/home/kushgarg/Desktop/ros2_ws/build/velodyne_driver': CMAKE_PREFIX_PATH=/home/kushgarg/Desktop/ros2_ws/install/velodyne_msgs:/home/kushgarg/Desktop/ros2_ws/install/mobile_robot2:/home/kushgarg/Desktop/ros2_ws/install/velodyne_simulator:/home/kushgarg/Desktop/ros2_ws/install/velodyne:/home/kushgarg/Desktop/ros2_ws/install/velodyne_pointcloud:/home/kushgarg/Desktop/ros2_ws/install/velodyne_driver:/home/kushgarg/Desktop/ros2_ws/install/velodyne_laserscan:/home/kushgarg/Desktop/ros2_ws/install/velodyne_gazebo_plugins:/home/kushgarg/Desktop/ros2_ws/install/mobile_robot:/home/kushgarg/Desktop/ros2_ws/install/velodyne_description:/opt/ros/humble LD_LIBRARY_PATH=/home/kushgarg/Desktop/ros2_ws/install/velodyne_msgs/lib:/home/kushgarg/Desktop/ros2_ws/install/velodyne_pointcloud/lib:/home/kushgarg/Desktop/ros2_ws/install/velodyne_driver/lib:/home/kushgarg/Desktop/ros2_ws/install/velodyne_laserscan/lib:/home/kushgarg/Desktop/ros2_ws/install/velodyne_gazebo_plugins/lib:/usr/lib/x86_64-linux-gnu/gazebo-11/plugins:/opt/ros/humble/opt/rviz_ogre_vendor/lib:/opt/ros/humble/lib/x86_64-linux-gnu:/opt/ros/humble/opt/openvdb_vendor/lib:/opt/ros/humble/lib /usr/bin/cmake --build /home/kushgarg/Desktop/ros2_ws/build/velodyne_driver -- -j12 -l12
[1.027s] DEBUG:colcon.colcon_core.event_handler.log_command:Invoking command in '/home/kushgarg/Desktop/ros2_ws/build/velodyne_pointcloud': CMAKE_PREFIX_PATH=/home/kushgarg/Desktop/ros2_ws/install/velodyne_msgs:/home/kushgarg/Desktop/ros2_ws/install/mobile_robot2:/home/kushgarg/Desktop/ros2_ws/install/velodyne_simulator:/home/kushgarg/Desktop/ros2_ws/install/velodyne:/home/kushgarg/Desktop/ros2_ws/install/velodyne_pointcloud:/home/kushgarg/Desktop/ros2_ws/install/velodyne_driver:/home/kushgarg/Desktop/ros2_ws/install/velodyne_laserscan:/home/kushgarg/Desktop/ros2_ws/install/velodyne_gazebo_plugins:/home/kushgarg/Desktop/ros2_ws/install/mobile_robot:/home/kushgarg/Desktop/ros2_ws/install/velodyne_description:/opt/ros/humble LD_LIBRARY_PATH=/home/kushgarg/Desktop/ros2_ws/install/velodyne_msgs/lib:/home/kushgarg/Desktop/ros2_ws/install/velodyne_pointcloud/lib:/home/kushgarg/Desktop/ros2_ws/install/velodyne_driver/lib:/home/kushgarg/Desktop/ros2_ws/install/velodyne_laserscan/lib:/home/kushgarg/Desktop/ros2_ws/install/velodyne_gazebo_plugins/lib:/usr/lib/x86_64-linux-gnu/gazebo-11/plugins:/opt/ros/humble/opt/rviz_ogre_vendor/lib:/opt/ros/humble/lib/x86_64-linux-gnu:/opt/ros/humble/opt/openvdb_vendor/lib:/opt/ros/humble/lib /usr/bin/cmake --build /home/kushgarg/Desktop/ros2_ws/build/velodyne_pointcloud -- -j12 -l12
[1.181s] DEBUG:colcon.colcon_core.event_handler.log_command:Invoked command in '/home/kushgarg/Desktop/ros2_ws/build/velodyne_driver' returned '0': CMAKE_PREFIX_PATH=/home/kushgarg/Desktop/ros2_ws/install/velodyne_msgs:/home/kushgarg/Desktop/ros2_ws/install/mobile_robot2:/home/kushgarg/Desktop/ros2_ws/install/velodyne_simulator:/home/kushgarg/Desktop/ros2_ws/install/velodyne:/home/kushgarg/Desktop/ros2_ws/install/velodyne_pointcloud:/home/kushgarg/Desktop/ros2_ws/install/velodyne_driver:/home/kushgarg/Desktop/ros2_ws/install/velodyne_laserscan:/home/kushgarg/Desktop/ros2_ws/install/velodyne_gazebo_plugins:/home/kushgarg/Desktop/ros2_ws/install/mobile_robot:/home/kushgarg/Desktop/ros2_ws/install/velodyne_description:/opt/ros/humble LD_LIBRARY_PATH=/home/kushgarg/Desktop/ros2_ws/install/velodyne_msgs/lib:/home/kushgarg/Desktop/ros2_ws/install/velodyne_pointcloud/lib:/home/kushgarg/Desktop/ros2_ws/install/velodyne_driver/lib:/home/kushgarg/Desktop/ros2_ws/install/velodyne_laserscan/lib:/home/kushgarg/Desktop/ros2_ws/install/velodyne_gazebo_plugins/lib:/usr/lib/x86_64-linux-gnu/gazebo-11/plugins:/opt/ros/humble/opt/rviz_ogre_vendor/lib:/opt/ros/humble/lib/x86_64-linux-gnu:/opt/ros/humble/opt/openvdb_vendor/lib:/opt/ros/humble/lib /usr/bin/cmake --build /home/kushgarg/Desktop/ros2_ws/build/velodyne_driver -- -j12 -l12
[1.183s] DEBUG:colcon.colcon_core.event_handler.log_command:Invoking command in '/home/kushgarg/Desktop/ros2_ws/build/velodyne_driver': CMAKE_PREFIX_PATH=/home/kushgarg/Desktop/ros2_ws/install/velodyne_msgs:/home/kushgarg/Desktop/ros2_ws/install/mobile_robot2:/home/kushgarg/Desktop/ros2_ws/install/velodyne_simulator:/home/kushgarg/Desktop/ros2_ws/install/velodyne:/home/kushgarg/Desktop/ros2_ws/install/velodyne_pointcloud:/home/kushgarg/Desktop/ros2_ws/install/velodyne_driver:/home/kushgarg/Desktop/ros2_ws/install/velodyne_laserscan:/home/kushgarg/Desktop/ros2_ws/install/velodyne_gazebo_plugins:/home/kushgarg/Desktop/ros2_ws/install/mobile_robot:/home/kushgarg/Desktop/ros2_ws/install/velodyne_description:/opt/ros/humble LD_LIBRARY_PATH=/home/kushgarg/Desktop/ros2_ws/install/velodyne_msgs/lib:/home/kushgarg/Desktop/ros2_ws/install/velodyne_pointcloud/lib:/home/kushgarg/Desktop/ros2_ws/install/velodyne_driver/lib:/home/kushgarg/Desktop/ros2_ws/install/velodyne_laserscan/lib:/home/kushgarg/Desktop/ros2_ws/install/velodyne_gazebo_plugins/lib:/usr/lib/x86_64-linux-gnu/gazebo-11/plugins:/opt/ros/humble/opt/rviz_ogre_vendor/lib:/opt/ros/humble/lib/x86_64-linux-gnu:/opt/ros/humble/opt/openvdb_vendor/lib:/opt/ros/humble/lib /usr/bin/cmake --install /home/kushgarg/Desktop/ros2_ws/build/velodyne_driver
[1.194s] Level 1:colcon.colcon_core.environment:create_environment_scripts_only(velodyne_driver)
[1.195s] Level 1:colcon.colcon_core.environment:checking '/home/kushgarg/Desktop/ros2_ws/install/velodyne_driver' for CMake module files
[1.196s] Level 1:colcon.colcon_core.environment:checking '/home/kushgarg/Desktop/ros2_ws/install/velodyne_driver' for CMake config files
[1.198s] Level 1:colcon.colcon_core.shell:create_environment_hook('velodyne_driver', 'cmake_prefix_path')
[1.198s] INFO:colcon.colcon_core.shell:Creating environment hook '/home/kushgarg/Desktop/ros2_ws/install/velodyne_driver/share/velodyne_driver/hook/cmake_prefix_path.ps1'
[1.198s] DEBUG:colcon.colcon_core.event_handler.log_command:Invoked command in '/home/kushgarg/Desktop/ros2_ws/build/velodyne_driver' returned '0': CMAKE_PREFIX_PATH=/home/kushgarg/Desktop/ros2_ws/install/velodyne_msgs:/home/kushgarg/Desktop/ros2_ws/install/mobile_robot2:/home/kushgarg/Desktop/ros2_ws/install/velodyne_simulator:/home/kushgarg/Desktop/ros2_ws/install/velodyne:/home/kushgarg/Desktop/ros2_ws/install/velodyne_pointcloud:/home/kushgarg/Desktop/ros2_ws/install/velodyne_driver:/home/kushgarg/Desktop/ros2_ws/install/velodyne_laserscan:/home/kushgarg/Desktop/ros2_ws/install/velodyne_gazebo_plugins:/home/kushgarg/Desktop/ros2_ws/install/mobile_robot:/home/kushgarg/Desktop/ros2_ws/install/velodyne_description:/opt/ros/humble LD_LIBRARY_PATH=/home/kushgarg/Desktop/ros2_ws/install/velodyne_msgs/lib:/home/kushgarg/Desktop/ros2_ws/install/velodyne_pointcloud/lib:/home/kushgarg/Desktop/ros2_ws/install/velodyne_driver/lib:/home/kushgarg/Desktop/ros2_ws/install/velodyne_laserscan/lib:/home/kushgarg/Desktop/ros2_ws/install/velodyne_gazebo_plugins/lib:/usr/lib/x86_64-linux-gnu/gazebo-11/plugins:/opt/ros/humble/opt/rviz_ogre_vendor/lib:/opt/ros/humble/lib/x86_64-linux-gnu:/opt/ros/humble/opt/openvdb_vendor/lib:/opt/ros/humble/lib /usr/bin/cmake --install /home/kushgarg/Desktop/ros2_ws/build/velodyne_driver
[1.199s] INFO:colcon.colcon_core.shell:Creating environment descriptor '/home/kushgarg/Desktop/ros2_ws/install/velodyne_driver/share/velodyne_driver/hook/cmake_prefix_path.dsv'
[1.199s] INFO:colcon.colcon_core.shell:Creating environment hook '/home/kushgarg/Desktop/ros2_ws/install/velodyne_driver/share/velodyne_driver/hook/cmake_prefix_path.sh'
[1.200s] Level 1:colcon.colcon_core.environment:checking '/home/kushgarg/Desktop/ros2_ws/install/velodyne_driver/lib'
[1.200s] Level 1:colcon.colcon_core.shell:create_environment_hook('velodyne_driver', 'ld_library_path_lib')
[1.200s] INFO:colcon.colcon_core.shell:Creating environment hook '/home/kushgarg/Desktop/ros2_ws/install/velodyne_driver/share/velodyne_driver/hook/ld_library_path_lib.ps1'
[1.201s] INFO:colcon.colcon_core.shell:Creating environment descriptor '/home/kushgarg/Desktop/ros2_ws/install/velodyne_driver/share/velodyne_driver/hook/ld_library_path_lib.dsv'
[1.201s] INFO:colcon.colcon_core.shell:Creating environment hook '/home/kushgarg/Desktop/ros2_ws/install/velodyne_driver/share/velodyne_driver/hook/ld_library_path_lib.sh'
[1.202s] Level 1:colcon.colcon_core.environment:checking '/home/kushgarg/Desktop/ros2_ws/install/velodyne_driver/bin'
[1.202s] Level 1:colcon.colcon_core.environment:checking '/home/kushgarg/Desktop/ros2_ws/install/velodyne_driver/lib/pkgconfig/velodyne_driver.pc'
[1.202s] Level 1:colcon.colcon_core.environment:checking '/home/kushgarg/Desktop/ros2_ws/install/velodyne_driver/lib/python3.10/site-packages'
[1.202s] Level 1:colcon.colcon_core.environment:checking '/home/kushgarg/Desktop/ros2_ws/install/velodyne_driver/bin'
[1.203s] INFO:colcon.colcon_core.shell:Creating package script '/home/kushgarg/Desktop/ros2_ws/install/velodyne_driver/share/velodyne_driver/package.ps1'
[1.203s] INFO:colcon.colcon_core.shell:Creating package descriptor '/home/kushgarg/Desktop/ros2_ws/install/velodyne_driver/share/velodyne_driver/package.dsv'
[1.204s] INFO:colcon.colcon_core.shell:Creating package script '/home/kushgarg/Desktop/ros2_ws/install/velodyne_driver/share/velodyne_driver/package.sh'
[1.204s] INFO:colcon.colcon_core.shell:Creating package script '/home/kushgarg/Desktop/ros2_ws/install/velodyne_driver/share/velodyne_driver/package.bash'
[1.205s] INFO:colcon.colcon_core.shell:Creating package script '/home/kushgarg/Desktop/ros2_ws/install/velodyne_driver/share/velodyne_driver/package.zsh'
[1.205s] Level 1:colcon.colcon_core.environment:create_file_with_runtime_dependencies(/home/kushgarg/Desktop/ros2_ws/install/velodyne_driver/share/colcon-core/packages/velodyne_driver)
[1.206s] Level 1:colcon.colcon_core.environment:create_environment_scripts_only(velodyne_driver)
[1.206s] Level 1:colcon.colcon_core.environment:checking '/home/kushgarg/Desktop/ros2_ws/install/velodyne_driver' for CMake module files
[1.207s] Level 1:colcon.colcon_core.environment:checking '/home/kushgarg/Desktop/ros2_ws/install/velodyne_driver' for CMake config files
[1.207s] Level 1:colcon.colcon_core.shell:create_environment_hook('velodyne_driver', 'cmake_prefix_path')
[1.208s] INFO:colcon.colcon_core.shell:Creating environment hook '/home/kushgarg/Desktop/ros2_ws/install/velodyne_driver/share/velodyne_driver/hook/cmake_prefix_path.ps1'
[1.208s] INFO:colcon.colcon_core.shell:Creating environment descriptor '/home/kushgarg/Desktop/ros2_ws/install/velodyne_driver/share/velodyne_driver/hook/cmake_prefix_path.dsv'
[1.208s] INFO:colcon.colcon_core.shell:Creating environment hook '/home/kushgarg/Desktop/ros2_ws/install/velodyne_driver/share/velodyne_driver/hook/cmake_prefix_path.sh'
[1.209s] Level 1:colcon.colcon_core.environment:checking '/home/kushgarg/Desktop/ros2_ws/install/velodyne_driver/lib'
[1.209s] Level 1:colcon.colcon_core.shell:create_environment_hook('velodyne_driver', 'ld_library_path_lib')
[1.209s] INFO:colcon.colcon_core.shell:Creating environment hook '/home/kushgarg/Desktop/ros2_ws/install/velodyne_driver/share/velodyne_driver/hook/ld_library_path_lib.ps1'
[1.210s] INFO:colcon.colcon_core.shell:Creating environment descriptor '/home/kushgarg/Desktop/ros2_ws/install/velodyne_driver/share/velodyne_driver/hook/ld_library_path_lib.dsv'
[1.210s] INFO:colcon.colcon_core.shell:Creating environment hook '/home/kushgarg/Desktop/ros2_ws/install/velodyne_driver/share/velodyne_driver/hook/ld_library_path_lib.sh'
[1.210s] Level 1:colcon.colcon_core.environment:checking '/home/kushgarg/Desktop/ros2_ws/install/velodyne_driver/bin'
[1.211s] Level 1:colcon.colcon_core.environment:checking '/home/kushgarg/Desktop/ros2_ws/install/velodyne_driver/lib/pkgconfig/velodyne_driver.pc'
[1.211s] Level 1:colcon.colcon_core.environment:checking '/home/kushgarg/Desktop/ros2_ws/install/velodyne_driver/lib/python3.10/site-packages'
[1.211s] Level 1:colcon.colcon_core.environment:checking '/home/kushgarg/Desktop/ros2_ws/install/velodyne_driver/bin'
[1.212s] INFO:colcon.colcon_core.shell:Creating package script '/home/kushgarg/Desktop/ros2_ws/install/velodyne_driver/share/velodyne_driver/package.ps1'
[1.212s] INFO:colcon.colcon_core.shell:Creating package descriptor '/home/kushgarg/Desktop/ros2_ws/install/velodyne_driver/share/velodyne_driver/package.dsv'
[1.213s] INFO:colcon.colcon_core.shell:Creating package script '/home/kushgarg/Desktop/ros2_ws/install/velodyne_driver/share/velodyne_driver/package.sh'
[1.213s] INFO:colcon.colcon_core.shell:Creating package script '/home/kushgarg/Desktop/ros2_ws/install/velodyne_driver/share/velodyne_driver/package.bash'
[1.214s] INFO:colcon.colcon_core.shell:Creating package script '/home/kushgarg/Desktop/ros2_ws/install/velodyne_driver/share/velodyne_driver/package.zsh'
[1.214s] Level 1:colcon.colcon_core.environment:create_file_with_runtime_dependencies(/home/kushgarg/Desktop/ros2_ws/install/velodyne_driver/share/colcon-core/packages/velodyne_driver)
[1.216s] DEBUG:colcon.colcon_core.event_handler.log_command:Invoked command in '/home/kushgarg/Desktop/ros2_ws/build/velodyne_pointcloud' returned '0': CMAKE_PREFIX_PATH=/home/kushgarg/Desktop/ros2_ws/install/velodyne_msgs:/home/kushgarg/Desktop/ros2_ws/install/mobile_robot2:/home/kushgarg/Desktop/ros2_ws/install/velodyne_simulator:/home/kushgarg/Desktop/ros2_ws/install/velodyne:/home/kushgarg/Desktop/ros2_ws/install/velodyne_pointcloud:/home/kushgarg/Desktop/ros2_ws/install/velodyne_driver:/home/kushgarg/Desktop/ros2_ws/install/velodyne_laserscan:/home/kushgarg/Desktop/ros2_ws/install/velodyne_gazebo_plugins:/home/kushgarg/Desktop/ros2_ws/install/mobile_robot:/home/kushgarg/Desktop/ros2_ws/install/velodyne_description:/opt/ros/humble LD_LIBRARY_PATH=/home/kushgarg/Desktop/ros2_ws/install/velodyne_msgs/lib:/home/kushgarg/Desktop/ros2_ws/install/velodyne_pointcloud/lib:/home/kushgarg/Desktop/ros2_ws/install/velodyne_driver/lib:/home/kushgarg/Desktop/ros2_ws/install/velodyne_laserscan/lib:/home/kushgarg/Desktop/ros2_ws/install/velodyne_gazebo_plugins/lib:/usr/lib/x86_64-linux-gnu/gazebo-11/plugins:/opt/ros/humble/opt/rviz_ogre_vendor/lib:/opt/ros/humble/lib/x86_64-linux-gnu:/opt/ros/humble/opt/openvdb_vendor/lib:/opt/ros/humble/lib /usr/bin/cmake --build /home/kushgarg/Desktop/ros2_ws/build/velodyne_pointcloud -- -j12 -l12
[1.218s] DEBUG:colcon.colcon_core.event_handler.log_command:Invoking command in '/home/kushgarg/Desktop/ros2_ws/build/velodyne_pointcloud': CMAKE_PREFIX_PATH=/home/kushgarg/Desktop/ros2_ws/install/velodyne_msgs:/home/kushgarg/Desktop/ros2_ws/install/mobile_robot2:/home/kushgarg/Desktop/ros2_ws/install/velodyne_simulator:/home/kushgarg/Desktop/ros2_ws/install/velodyne:/home/kushgarg/Desktop/ros2_ws/install/velodyne_pointcloud:/home/kushgarg/Desktop/ros2_ws/install/velodyne_driver:/home/kushgarg/Desktop/ros2_ws/install/velodyne_laserscan:/home/kushgarg/Desktop/ros2_ws/install/velodyne_gazebo_plugins:/home/kushgarg/Desktop/ros2_ws/install/mobile_robot:/home/kushgarg/Desktop/ros2_ws/install/velodyne_description:/opt/ros/humble LD_LIBRARY_PATH=/home/kushgarg/Desktop/ros2_ws/install/velodyne_msgs/lib:/home/kushgarg/Desktop/ros2_ws/install/velodyne_pointcloud/lib:/home/kushgarg/Desktop/ros2_ws/install/velodyne_driver/lib:/home/kushgarg/Desktop/ros2_ws/install/velodyne_laserscan/lib:/home/kushgarg/Desktop/ros2_ws/install/velodyne_gazebo_plugins/lib:/usr/lib/x86_64-linux-gnu/gazebo-11/plugins:/opt/ros/humble/opt/rviz_ogre_vendor/lib:/opt/ros/humble/lib/x86_64-linux-gnu:/opt/ros/humble/opt/openvdb_vendor/lib:/opt/ros/humble/lib /usr/bin/cmake --install /home/kushgarg/Desktop/ros2_ws/build/velodyne_pointcloud
[1.230s] Level 1:colcon.colcon_core.environment:create_environment_scripts_only(velodyne_pointcloud)
[1.231s] Level 1:colcon.colcon_core.environment:checking '/home/kushgarg/Desktop/ros2_ws/install/velodyne_pointcloud' for CMake module files
[1.232s] Level 1:colcon.colcon_core.environment:checking '/home/kushgarg/Desktop/ros2_ws/install/velodyne_pointcloud' for CMake config files
[1.234s] Level 1:colcon.colcon_core.shell:create_environment_hook('velodyne_pointcloud', 'cmake_prefix_path')
[1.234s] INFO:colcon.colcon_core.shell:Creating environment hook '/home/kushgarg/Desktop/ros2_ws/install/velodyne_pointcloud/share/velodyne_pointcloud/hook/cmake_prefix_path.ps1'
[1.235s] INFO:colcon.colcon_core.shell:Creating environment descriptor '/home/kushgarg/Desktop/ros2_ws/install/velodyne_pointcloud/share/velodyne_pointcloud/hook/cmake_prefix_path.dsv'
[1.235s] DEBUG:colcon.colcon_core.event_handler.log_command:Invoked command in '/home/kushgarg/Desktop/ros2_ws/build/velodyne_pointcloud' returned '0': CMAKE_PREFIX_PATH=/home/kushgarg/Desktop/ros2_ws/install/velodyne_msgs:/home/kushgarg/Desktop/ros2_ws/install/mobile_robot2:/home/kushgarg/Desktop/ros2_ws/install/velodyne_simulator:/home/kushgarg/Desktop/ros2_ws/install/velodyne:/home/kushgarg/Desktop/ros2_ws/install/velodyne_pointcloud:/home/kushgarg/Desktop/ros2_ws/install/velodyne_driver:/home/kushgarg/Desktop/ros2_ws/install/velodyne_laserscan:/home/kushgarg/Desktop/ros2_ws/install/velodyne_gazebo_plugins:/home/kushgarg/Desktop/ros2_ws/install/mobile_robot:/home/kushgarg/Desktop/ros2_ws/install/velodyne_description:/opt/ros/humble LD_LIBRARY_PATH=/home/kushgarg/Desktop/ros2_ws/install/velodyne_msgs/lib:/home/kushgarg/Desktop/ros2_ws/install/velodyne_pointcloud/lib:/home/kushgarg/Desktop/ros2_ws/install/velodyne_driver/lib:/home/kushgarg/Desktop/ros2_ws/install/velodyne_laserscan/lib:/home/kushgarg/Desktop/ros2_ws/install/velodyne_gazebo_plugins/lib:/usr/lib/x86_64-linux-gnu/gazebo-11/plugins:/opt/ros/humble/opt/rviz_ogre_vendor/lib:/opt/ros/humble/lib/x86_64-linux-gnu:/opt/ros/humble/opt/openvdb_vendor/lib:/opt/ros/humble/lib /usr/bin/cmake --install /home/kushgarg/Desktop/ros2_ws/build/velodyne_pointcloud
[1.236s] INFO:colcon.colcon_core.shell:Creating environment hook '/home/kushgarg/Desktop/ros2_ws/install/velodyne_pointcloud/share/velodyne_pointcloud/hook/cmake_prefix_path.sh'
[1.236s] Level 1:colcon.colcon_core.environment:checking '/home/kushgarg/Desktop/ros2_ws/install/velodyne_pointcloud/lib'
[1.236s] Level 1:colcon.colcon_core.shell:create_environment_hook('velodyne_pointcloud', 'ld_library_path_lib')
[1.237s] INFO:colcon.colcon_core.shell:Creating environment hook '/home/kushgarg/Desktop/ros2_ws/install/velodyne_pointcloud/share/velodyne_pointcloud/hook/ld_library_path_lib.ps1'
[1.237s] INFO:colcon.colcon_core.shell:Creating environment descriptor '/home/kushgarg/Desktop/ros2_ws/install/velodyne_pointcloud/share/velodyne_pointcloud/hook/ld_library_path_lib.dsv'
[1.237s] INFO:colcon.colcon_core.shell:Creating environment hook '/home/kushgarg/Desktop/ros2_ws/install/velodyne_pointcloud/share/velodyne_pointcloud/hook/ld_library_path_lib.sh'
[1.238s] Level 1:colcon.colcon_core.environment:checking '/home/kushgarg/Desktop/ros2_ws/install/velodyne_pointcloud/bin'
[1.238s] Level 1:colcon.colcon_core.environment:checking '/home/kushgarg/Desktop/ros2_ws/install/velodyne_pointcloud/lib/pkgconfig/velodyne_pointcloud.pc'
[1.238s] Level 1:colcon.colcon_core.environment:checking '/home/kushgarg/Desktop/ros2_ws/install/velodyne_pointcloud/lib/python3.10/site-packages'
[1.239s] Level 1:colcon.colcon_core.environment:checking '/home/kushgarg/Desktop/ros2_ws/install/velodyne_pointcloud/bin'
[1.239s] INFO:colcon.colcon_core.shell:Creating package script '/home/kushgarg/Desktop/ros2_ws/install/velodyne_pointcloud/share/velodyne_pointcloud/package.ps1'
[1.240s] INFO:colcon.colcon_core.shell:Creating package descriptor '/home/kushgarg/Desktop/ros2_ws/install/velodyne_pointcloud/share/velodyne_pointcloud/package.dsv'
[1.240s] INFO:colcon.colcon_core.shell:Creating package script '/home/kushgarg/Desktop/ros2_ws/install/velodyne_pointcloud/share/velodyne_pointcloud/package.sh'
[1.240s] INFO:colcon.colcon_core.shell:Creating package script '/home/kushgarg/Desktop/ros2_ws/install/velodyne_pointcloud/share/velodyne_pointcloud/package.bash'
[1.241s] INFO:colcon.colcon_core.shell:Creating package script '/home/kushgarg/Desktop/ros2_ws/install/velodyne_pointcloud/share/velodyne_pointcloud/package.zsh'
[1.241s] Level 1:colcon.colcon_core.environment:create_file_with_runtime_dependencies(/home/kushgarg/Desktop/ros2_ws/install/velodyne_pointcloud/share/colcon-core/packages/velodyne_pointcloud)
[1.242s] Level 1:colcon.colcon_core.environment:create_environment_scripts_only(velodyne_pointcloud)
[1.242s] Level 1:colcon.colcon_core.environment:checking '/home/kushgarg/Desktop/ros2_ws/install/velodyne_pointcloud' for CMake module files
[1.243s] Level 1:colcon.colcon_core.environment:checking '/home/kushgarg/Desktop/ros2_ws/install/velodyne_pointcloud' for CMake config files
[1.243s] Level 1:colcon.colcon_core.shell:create_environment_hook('velodyne_pointcloud', 'cmake_prefix_path')
[1.244s] INFO:colcon.colcon_core.shell:Creating environment hook '/home/kushgarg/Desktop/ros2_ws/install/velodyne_pointcloud/share/velodyne_pointcloud/hook/cmake_prefix_path.ps1'
[1.244s] INFO:colcon.colcon_core.shell:Creating environment descriptor '/home/kushgarg/Desktop/ros2_ws/install/velodyne_pointcloud/share/velodyne_pointcloud/hook/cmake_prefix_path.dsv'
[1.244s] INFO:colcon.colcon_core.shell:Creating environment hook '/home/kushgarg/Desktop/ros2_ws/install/velodyne_pointcloud/share/velodyne_pointcloud/hook/cmake_prefix_path.sh'
[1.245s] Level 1:colcon.colcon_core.environment:checking '/home/kushgarg/Desktop/ros2_ws/install/velodyne_pointcloud/lib'
[1.245s] Level 1:colcon.colcon_core.shell:create_environment_hook('velodyne_pointcloud', 'ld_library_path_lib')
[1.245s] INFO:colcon.colcon_core.shell:Creating environment hook '/home/kushgarg/Desktop/ros2_ws/install/velodyne_pointcloud/share/velodyne_pointcloud/hook/ld_library_path_lib.ps1'
[1.246s] INFO:colcon.colcon_core.shell:Creating environment descriptor '/home/kushgarg/Desktop/ros2_ws/install/velodyne_pointcloud/share/velodyne_pointcloud/hook/ld_library_path_lib.dsv'
[1.246s] INFO:colcon.colcon_core.shell:Creating environment hook '/home/kushgarg/Desktop/ros2_ws/install/velodyne_pointcloud/share/velodyne_pointcloud/hook/ld_library_path_lib.sh'
[1.247s] Level 1:colcon.colcon_core.environment:checking '/home/kushgarg/Desktop/ros2_ws/install/velodyne_pointcloud/bin'
[1.247s] Level 1:colcon.colcon_core.environment:checking '/home/kushgarg/Desktop/ros2_ws/install/velodyne_pointcloud/lib/pkgconfig/velodyne_pointcloud.pc'
[1.247s] Level 1:colcon.colcon_core.environment:checking '/home/kushgarg/Desktop/ros2_ws/install/velodyne_pointcloud/lib/python3.10/site-packages'
[1.247s] Level 1:colcon.colcon_core.environment:checking '/home/kushgarg/Desktop/ros2_ws/install/velodyne_pointcloud/bin'
[1.248s] INFO:colcon.colcon_core.shell:Creating package script '/home/kushgarg/Desktop/ros2_ws/install/velodyne_pointcloud/share/velodyne_pointcloud/package.ps1'
[1.248s] INFO:colcon.colcon_core.shell:Creating package descriptor '/home/kushgarg/Desktop/ros2_ws/install/velodyne_pointcloud/share/velodyne_pointcloud/package.dsv'
[1.249s] INFO:colcon.colcon_core.shell:Creating package script '/home/kushgarg/Desktop/ros2_ws/install/velodyne_pointcloud/share/velodyne_pointcloud/package.sh'
[1.250s] INFO:colcon.colcon_core.shell:Creating package script '/home/kushgarg/Desktop/ros2_ws/install/velodyne_pointcloud/share/velodyne_pointcloud/package.bash'
[1.250s] INFO:colcon.colcon_core.shell:Creating package script '/home/kushgarg/Desktop/ros2_ws/install/velodyne_pointcloud/share/velodyne_pointcloud/package.zsh'
[1.250s] Level 1:colcon.colcon_core.environment:create_file_with_runtime_dependencies(/home/kushgarg/Desktop/ros2_ws/install/velodyne_pointcloud/share/colcon-core/packages/velodyne_pointcloud)
[1.251s] INFO:colcon.colcon_ros.task.ament_cmake.build:Building ROS package in '/home/kushgarg/Desktop/ros2_ws/src/velodyne/velodyne' with build type 'ament_cmake'
[1.251s] INFO:colcon.colcon_cmake.task.cmake.build:Building CMake package in '/home/kushgarg/Desktop/ros2_ws/src/velodyne/velodyne'
[1.251s] INFO:colcon.colcon_core.shell:Skip shell extension 'powershell' for command environment: Not usable outside of PowerShell
[1.251s] DEBUG:colcon.colcon_core.shell:Skip shell extension 'dsv' for command environment
[1.269s] DEBUG:colcon.colcon_core.event_handler.log_command:Invoking command in '/home/kushgarg/Desktop/ros2_ws/build/velodyne': CMAKE_PREFIX_PATH=/home/kushgarg/Desktop/ros2_ws/install/velodyne_pointcloud:/home/kushgarg/Desktop/ros2_ws/install/velodyne_driver:/home/kushgarg/Desktop/ros2_ws/install/velodyne_msgs:/home/kushgarg/Desktop/ros2_ws/install/velodyne_laserscan:/home/kushgarg/Desktop/ros2_ws/install/mobile_robot2:/home/kushgarg/Desktop/ros2_ws/install/velodyne_simulator:/home/kushgarg/Desktop/ros2_ws/install/velodyne:/home/kushgarg/Desktop/ros2_ws/install/velodyne_gazebo_plugins:/home/kushgarg/Desktop/ros2_ws/install/mobile_robot:/home/kushgarg/Desktop/ros2_ws/install/velodyne_description:/opt/ros/humble /usr/bin/cmake --build /home/kushgarg/Desktop/ros2_ws/build/velodyne -- -j12 -l12
[1.306s] DEBUG:colcon.colcon_core.event_handler.log_command:Invoked command in '/home/kushgarg/Desktop/ros2_ws/build/velodyne' returned '0': CMAKE_PREFIX_PATH=/home/kushgarg/Desktop/ros2_ws/install/velodyne_pointcloud:/home/kushgarg/Desktop/ros2_ws/install/velodyne_driver:/home/kushgarg/Desktop/ros2_ws/install/velodyne_msgs:/home/kushgarg/Desktop/ros2_ws/install/velodyne_laserscan:/home/kushgarg/Desktop/ros2_ws/install/mobile_robot2:/home/kushgarg/Desktop/ros2_ws/install/velodyne_simulator:/home/kushgarg/Desktop/ros2_ws/install/velodyne:/home/kushgarg/Desktop/ros2_ws/install/velodyne_gazebo_plugins:/home/kushgarg/Desktop/ros2_ws/install/mobile_robot:/home/kushgarg/Desktop/ros2_ws/install/velodyne_description:/opt/ros/humble /usr/bin/cmake --build /home/kushgarg/Desktop/ros2_ws/build/velodyne -- -j12 -l12
[1.307s] DEBUG:colcon.colcon_core.event_handler.log_command:Invoking command in '/home/kushgarg/Desktop/ros2_ws/build/velodyne': CMAKE_PREFIX_PATH=/home/kushgarg/Desktop/ros2_ws/install/velodyne_pointcloud:/home/kushgarg/Desktop/ros2_ws/install/velodyne_driver:/home/kushgarg/Desktop/ros2_ws/install/velodyne_msgs:/home/kushgarg/Desktop/ros2_ws/install/velodyne_laserscan:/home/kushgarg/Desktop/ros2_ws/install/mobile_robot2:/home/kushgarg/Desktop/ros2_ws/install/velodyne_simulator:/home/kushgarg/Desktop/ros2_ws/install/velodyne:/home/kushgarg/Desktop/ros2_ws/install/velodyne_gazebo_plugins:/home/kushgarg/Desktop/ros2_ws/install/mobile_robot:/home/kushgarg/Desktop/ros2_ws/install/velodyne_description:/opt/ros/humble /usr/bin/cmake --install /home/kushgarg/Desktop/ros2_ws/build/velodyne
[1.319s] Level 1:colcon.colcon_core.environment:create_environment_scripts_only(velodyne)
[1.319s] Level 1:colcon.colcon_core.environment:checking '/home/kushgarg/Desktop/ros2_ws/install/velodyne' for CMake module files
[1.320s] DEBUG:colcon.colcon_core.event_handler.log_command:Invoked command in '/home/kushgarg/Desktop/ros2_ws/build/velodyne' returned '0': CMAKE_PREFIX_PATH=/home/kushgarg/Desktop/ros2_ws/install/velodyne_pointcloud:/home/kushgarg/Desktop/ros2_ws/install/velodyne_driver:/home/kushgarg/Desktop/ros2_ws/install/velodyne_msgs:/home/kushgarg/Desktop/ros2_ws/install/velodyne_laserscan:/home/kushgarg/Desktop/ros2_ws/install/mobile_robot2:/home/kushgarg/Desktop/ros2_ws/install/velodyne_simulator:/home/kushgarg/Desktop/ros2_ws/install/velodyne:/home/kushgarg/Desktop/ros2_ws/install/velodyne_gazebo_plugins:/home/kushgarg/Desktop/ros2_ws/install/mobile_robot:/home/kushgarg/Desktop/ros2_ws/install/velodyne_description:/opt/ros/humble /usr/bin/cmake --install /home/kushgarg/Desktop/ros2_ws/build/velodyne
[1.320s] Level 1:colcon.colcon_core.environment:checking '/home/kushgarg/Desktop/ros2_ws/install/velodyne' for CMake config files
[1.321s] Level 1:colcon.colcon_core.shell:create_environment_hook('velodyne', 'cmake_prefix_path')
[1.321s] INFO:colcon.colcon_core.shell:Creating environment hook '/home/kushgarg/Desktop/ros2_ws/install/velodyne/share/velodyne/hook/cmake_prefix_path.ps1'
[1.322s] INFO:colcon.colcon_core.shell:Creating environment descriptor '/home/kushgarg/Desktop/ros2_ws/install/velodyne/share/velodyne/hook/cmake_prefix_path.dsv'
[1.322s] INFO:colcon.colcon_core.shell:Creating environment hook '/home/kushgarg/Desktop/ros2_ws/install/velodyne/share/velodyne/hook/cmake_prefix_path.sh'
[1.323s] Level 1:colcon.colcon_core.environment:checking '/home/kushgarg/Desktop/ros2_ws/install/velodyne/bin'
[1.323s] Level 1:colcon.colcon_core.environment:checking '/home/kushgarg/Desktop/ros2_ws/install/velodyne/lib/pkgconfig/velodyne.pc'
[1.323s] Level 1:colcon.colcon_core.environment:checking '/home/kushgarg/Desktop/ros2_ws/install/velodyne/lib/python3.10/site-packages'
[1.323s] Level 1:colcon.colcon_core.environment:checking '/home/kushgarg/Desktop/ros2_ws/install/velodyne/bin'
[1.324s] INFO:colcon.colcon_core.shell:Creating package script '/home/kushgarg/Desktop/ros2_ws/install/velodyne/share/velodyne/package.ps1'
[1.324s] INFO:colcon.colcon_core.shell:Creating package descriptor '/home/kushgarg/Desktop/ros2_ws/install/velodyne/share/velodyne/package.dsv'
[1.324s] INFO:colcon.colcon_core.shell:Creating package script '/home/kushgarg/Desktop/ros2_ws/install/velodyne/share/velodyne/package.sh'
[1.325s] INFO:colcon.colcon_core.shell:Creating package script '/home/kushgarg/Desktop/ros2_ws/install/velodyne/share/velodyne/package.bash'
[1.325s] INFO:colcon.colcon_core.shell:Creating package script '/home/kushgarg/Desktop/ros2_ws/install/velodyne/share/velodyne/package.zsh'
[1.326s] Level 1:colcon.colcon_core.environment:create_file_with_runtime_dependencies(/home/kushgarg/Desktop/ros2_ws/install/velodyne/share/colcon-core/packages/velodyne)
[1.326s] Level 1:colcon.colcon_core.environment:create_environment_scripts_only(velodyne)
[1.327s] Level 1:colcon.colcon_core.environment:checking '/home/kushgarg/Desktop/ros2_ws/install/velodyne' for CMake module files
[1.327s] Level 1:colcon.colcon_core.environment:checking '/home/kushgarg/Desktop/ros2_ws/install/velodyne' for CMake config files
[1.328s] Level 1:colcon.colcon_core.shell:create_environment_hook('velodyne', 'cmake_prefix_path')
[1.328s] INFO:colcon.colcon_core.shell:Creating environment hook '/home/kushgarg/Desktop/ros2_ws/install/velodyne/share/velodyne/hook/cmake_prefix_path.ps1'
[1.328s] INFO:colcon.colcon_core.shell:Creating environment descriptor '/home/kushgarg/Desktop/ros2_ws/install/velodyne/share/velodyne/hook/cmake_prefix_path.dsv'
[1.329s] INFO:colcon.colcon_core.shell:Creating environment hook '/home/kushgarg/Desktop/ros2_ws/install/velodyne/share/velodyne/hook/cmake_prefix_path.sh'
[1.329s] Level 1:colcon.colcon_core.environment:checking '/home/kushgarg/Desktop/ros2_ws/install/velodyne/bin'
[1.329s] Level 1:colcon.colcon_core.environment:checking '/home/kushgarg/Desktop/ros2_ws/install/velodyne/lib/pkgconfig/velodyne.pc'
[1.330s] Level 1:colcon.colcon_core.environment:checking '/home/kushgarg/Desktop/ros2_ws/install/velodyne/lib/python3.10/site-packages'
[1.330s] Level 1:colcon.colcon_core.environment:checking '/home/kushgarg/Desktop/ros2_ws/install/velodyne/bin'
[1.330s] INFO:colcon.colcon_core.shell:Creating package script '/home/kushgarg/Desktop/ros2_ws/install/velodyne/share/velodyne/package.ps1'
[1.331s] INFO:colcon.colcon_core.shell:Creating package descriptor '/home/kushgarg/Desktop/ros2_ws/install/velodyne/share/velodyne/package.dsv'
[1.332s] INFO:colcon.colcon_core.shell:Creating package script '/home/kushgarg/Desktop/ros2_ws/install/velodyne/share/velodyne/package.sh'
[1.332s] INFO:colcon.colcon_core.shell:Creating package script '/home/kushgarg/Desktop/ros2_ws/install/velodyne/share/velodyne/package.bash'
[1.333s] INFO:colcon.colcon_core.shell:Creating package script '/home/kushgarg/Desktop/ros2_ws/install/velodyne/share/velodyne/package.zsh'
[1.333s] Level 1:colcon.colcon_core.environment:create_file_with_runtime_dependencies(/home/kushgarg/Desktop/ros2_ws/install/velodyne/share/colcon-core/packages/velodyne)
[1.334s] DEBUG:colcon.colcon_parallel_executor.executor.parallel:closing loop
[1.334s] DEBUG:colcon.colcon_parallel_executor.executor.parallel:loop closed
[1.334s] DEBUG:colcon.colcon_parallel_executor.executor.parallel:run_until_complete finished with '0'
[1.334s] DEBUG:colcon.colcon_core.event_reactor:joining thread
[1.340s] INFO:colcon.colcon_core.plugin_system:Skipping extension 'colcon_notification.desktop_notification.terminal_notifier': Not used on non-Darwin systems
[1.340s] INFO:colcon.colcon_core.plugin_system:Skipping extension 'colcon_notification.desktop_notification.win32': Not used on non-Windows systems
[1.340s] INFO:colcon.colcon_notification.desktop_notification:Sending desktop notification using 'notify2'
[1.350s] DEBUG:colcon.colcon_core.event_reactor:joined thread
[1.351s] INFO:colcon.colcon_core.shell:Creating prefix script '/home/kushgarg/Desktop/ros2_ws/install/local_setup.ps1'
[1.352s] INFO:colcon.colcon_core.shell:Creating prefix util module '/home/kushgarg/Desktop/ros2_ws/install/_local_setup_util_ps1.py'
[1.354s] INFO:colcon.colcon_core.shell:Creating prefix chain script '/home/kushgarg/Desktop/ros2_ws/install/setup.ps1'
[1.356s] INFO:colcon.colcon_core.shell:Creating prefix script '/home/kushgarg/Desktop/ros2_ws/install/local_setup.sh'
[1.357s] INFO:colcon.colcon_core.shell:Creating prefix util module '/home/kushgarg/Desktop/ros2_ws/install/_local_setup_util_sh.py'
[1.357s] INFO:colcon.colcon_core.shell:Creating prefix chain script '/home/kushgarg/Desktop/ros2_ws/install/setup.sh'
[1.359s] INFO:colcon.colcon_core.shell:Creating prefix script '/home/kushgarg/Desktop/ros2_ws/install/local_setup.bash'
[1.360s] INFO:colcon.colcon_core.shell:Creating prefix chain script '/home/kushgarg/Desktop/ros2_ws/install/setup.bash'
[1.361s] INFO:colcon.colcon_core.shell:Creating prefix script '/home/kushgarg/Desktop/ros2_ws/install/local_setup.zsh'
[1.362s] INFO:colcon.colcon_core.shell:Creating prefix chain script '/home/kushgarg/Desktop/ros2_ws/install/setup.zsh'
