[0.020s] Invoking command in '/home/kushgarg/Desktop/ros2_ws/build/velodyne_laserscan': CMAKE_PREFIX_PATH=${CMAKE_PREFIX_PATH}:/opt/ros/humble /usr/bin/cmake --build /home/kushgarg/Desktop/ros2_ws/build/velodyne_laserscan -- -j12 -l12
[0.060s] [35m[1mConsolidate compiler generated dependencies of target velodyne_laserscan[0m
[0.085s] [ 50%] Built target velodyne_laserscan
[0.099s] [35m[1mConsolidate compiler generated dependencies of target velodyne_laserscan_node[0m
[0.122s] [100%] Built target velodyne_laserscan_node
[0.133s] Invoked command in '/home/kushgarg/Desktop/ros2_ws/build/velodyne_laserscan' returned '0': CMAKE_PREFIX_PATH=${CMAKE_PREFIX_PATH}:/opt/ros/humble /usr/bin/cmake --build /home/kushgarg/Desktop/ros2_ws/build/velodyne_laserscan -- -j12 -l12
[0.135s] Invoking command in '/home/kushgarg/Desktop/ros2_ws/build/velodyne_laserscan': CMAKE_PREFIX_PATH=${CMAKE_PREFIX_PATH}:/opt/ros/humble /usr/bin/cmake --install /home/kushgarg/Desktop/ros2_ws/build/velodyne_laserscan
[0.142s] -- Install configuration: ""
[0.142s] -- Up-to-date: /home/kushgarg/Desktop/ros2_ws/install/velodyne_laserscan/lib/libvelodyne_laserscan.so
[0.142s] -- Up-to-date: /home/kushgarg/Desktop/ros2_ws/install/velodyne_laserscan/lib/velodyne_laserscan/velodyne_laserscan_node
[0.143s] -- Up-to-date: /home/kushgarg/Desktop/ros2_ws/install/velodyne_laserscan/include/velodyne_laserscan
[0.143s] -- Up-to-date: /home/kushgarg/Desktop/ros2_ws/install/velodyne_laserscan/include/velodyne_laserscan/velodyne_laserscan.hpp
[0.143s] -- Up-to-date: /home/kushgarg/Desktop/ros2_ws/install/velodyne_laserscan/share/velodyne_laserscan/config
[0.143s] -- Up-to-date: /home/kushgarg/Desktop/ros2_ws/install/velodyne_laserscan/share/velodyne_laserscan/config/default-velodyne_laserscan_node-params.yaml
[0.143s] -- Up-to-date: /home/kushgarg/Desktop/ros2_ws/install/velodyne_laserscan/share/velodyne_laserscan/launch
[0.143s] -- Up-to-date: /home/kushgarg/Desktop/ros2_ws/install/velodyne_laserscan/share/velodyne_laserscan/launch/velodyne_laserscan_node-launch.py
[0.143s] -- Up-to-date: /home/kushgarg/Desktop/ros2_ws/install/velodyne_laserscan/share/velodyne_laserscan/launch/velodyne_laserscan_node-composed-launch.py
[0.144s] -- Up-to-date: /home/kushgarg/Desktop/ros2_ws/install/velodyne_laserscan/share/ament_index/resource_index/package_run_dependencies/velodyne_laserscan
[0.144s] -- Up-to-date: /home/kushgarg/Desktop/ros2_ws/install/velodyne_laserscan/share/ament_index/resource_index/parent_prefix_path/velodyne_laserscan
[0.144s] -- Up-to-date: /home/kushgarg/Desktop/ros2_ws/install/velodyne_laserscan/share/velodyne_laserscan/environment/ament_prefix_path.sh
[0.144s] -- Up-to-date: /home/kushgarg/Desktop/ros2_ws/install/velodyne_laserscan/share/velodyne_laserscan/environment/ament_prefix_path.dsv
[0.144s] -- Up-to-date: /home/kushgarg/Desktop/ros2_ws/install/velodyne_laserscan/share/velodyne_laserscan/environment/path.sh
[0.144s] -- Up-to-date: /home/kushgarg/Desktop/ros2_ws/install/velodyne_laserscan/share/velodyne_laserscan/environment/path.dsv
[0.144s] -- Up-to-date: /home/kushgarg/Desktop/ros2_ws/install/velodyne_laserscan/share/velodyne_laserscan/local_setup.bash
[0.144s] -- Up-to-date: /home/kushgarg/Desktop/ros2_ws/install/velodyne_laserscan/share/velodyne_laserscan/local_setup.sh
[0.145s] -- Up-to-date: /home/kushgarg/Desktop/ros2_ws/install/velodyne_laserscan/share/velodyne_laserscan/local_setup.zsh
[0.145s] -- Up-to-date: /home/kushgarg/Desktop/ros2_ws/install/velodyne_laserscan/share/velodyne_laserscan/local_setup.dsv
[0.145s] -- Installing: /home/kushgarg/Desktop/ros2_ws/install/velodyne_laserscan/share/velodyne_laserscan/package.dsv
[0.145s] -- Up-to-date: /home/kushgarg/Desktop/ros2_ws/install/velodyne_laserscan/share/ament_index/resource_index/packages/velodyne_laserscan
[0.145s] -- Up-to-date: /home/kushgarg/Desktop/ros2_ws/install/velodyne_laserscan/share/ament_index/resource_index/rclcpp_components/velodyne_laserscan
[0.145s] -- Up-to-date: /home/kushgarg/Desktop/ros2_ws/install/velodyne_laserscan/share/velodyne_laserscan/cmake/velodyne_laserscanExport.cmake
[0.147s] -- Up-to-date: /home/kushgarg/Desktop/ros2_ws/install/velodyne_laserscan/share/velodyne_laserscan/cmake/velodyne_laserscanExport-noconfig.cmake
[0.147s] -- Up-to-date: /home/kushgarg/Desktop/ros2_ws/install/velodyne_laserscan/share/velodyne_laserscan/cmake/ament_cmake_export_include_directories-extras.cmake
[0.147s] -- Up-to-date: /home/kushgarg/Desktop/ros2_ws/install/velodyne_laserscan/share/velodyne_laserscan/cmake/ament_cmake_export_targets-extras.cmake
[0.147s] -- Up-to-date: /home/kushgarg/Desktop/ros2_ws/install/velodyne_laserscan/share/velodyne_laserscan/cmake/ament_cmake_export_dependencies-extras.cmake
[0.147s] -- Up-to-date: /home/kushgarg/Desktop/ros2_ws/install/velodyne_laserscan/share/velodyne_laserscan/cmake/velodyne_laserscanConfig.cmake
[0.148s] -- Up-to-date: /home/kushgarg/Desktop/ros2_ws/install/velodyne_laserscan/share/velodyne_laserscan/cmake/velodyne_laserscanConfig-version.cmake
[0.148s] -- Up-to-date: /home/kushgarg/Desktop/ros2_ws/install/velodyne_laserscan/share/velodyne_laserscan/package.xml
[0.148s] Invoked command in '/home/kushgarg/Desktop/ros2_ws/build/velodyne_laserscan' returned '0': CMAKE_PREFIX_PATH=${CMAKE_PREFIX_PATH}:/opt/ros/humble /usr/bin/cmake --install /home/kushgarg/Desktop/ros2_ws/build/velodyne_laserscan
