[0.011s] Invoking command in '/home/kushgarg/Desktop/ros2_ws/build/velodyne_pointcloud': CMAKE_PREFIX_PATH=/home/kushgarg/Desktop/ros2_ws/install/velodyne_msgs:/home/kushgarg/Desktop/ros2_ws/install/mobile_robot2:/home/kushgarg/Desktop/ros2_ws/install/velodyne_simulator:/home/kushgarg/Desktop/ros2_ws/install/velodyne:/home/kushgarg/Desktop/ros2_ws/install/velodyne_pointcloud:/home/kushgarg/Desktop/ros2_ws/install/velodyne_driver:/home/kushgarg/Desktop/ros2_ws/install/velodyne_laserscan:/home/kushgarg/Desktop/ros2_ws/install/velodyne_gazebo_plugins:/home/kushgarg/Desktop/ros2_ws/install/mobile_robot:/home/kushgarg/Desktop/ros2_ws/install/velodyne_description:/opt/ros/humble LD_LIBRARY_PATH=/home/kushgarg/Desktop/ros2_ws/install/velodyne_msgs/lib:/home/kushgarg/Desktop/ros2_ws/install/velodyne_pointcloud/lib:/home/kushgarg/Desktop/ros2_ws/install/velodyne_driver/lib:/home/kushgarg/Desktop/ros2_ws/install/velodyne_laserscan/lib:/home/kushgarg/Desktop/ros2_ws/install/velodyne_gazebo_plugins/lib:/usr/lib/x86_64-linux-gnu/gazebo-11/plugins:/opt/ros/humble/opt/rviz_ogre_vendor/lib:/opt/ros/humble/lib/x86_64-linux-gnu:/opt/ros/humble/opt/openvdb_vendor/lib:/opt/ros/humble/lib /usr/bin/cmake /home/kushgarg/Desktop/ros2_ws/src/velodyne/velodyne_pointcloud -DCMAKE_INSTALL_PREFIX=/home/kushgarg/Desktop/ros2_ws/install/velodyne_pointcloud
[0.074s] -- The C compiler identification is GNU 11.4.0
[0.145s] -- The CXX compiler identification is GNU 11.4.0
[0.155s] -- Detecting C compiler ABI info
[0.229s] -- Detecting C compiler ABI info - done
[0.240s] -- Check for working C compiler: /usr/bin/cc - skipped
[0.240s] -- Detecting C compile features
[0.241s] -- Detecting C compile features - done
[0.244s] -- Detecting CXX compiler ABI info
[0.328s] -- Detecting CXX compiler ABI info - done
[0.342s] -- Check for working CXX compiler: /usr/bin/c++ - skipped
[0.343s] -- Detecting CXX compile features
[0.344s] -- Detecting CXX compile features - done
[0.348s] -- Found ament_cmake: 1.3.11 (/opt/ros/humble/share/ament_cmake/cmake)
[0.815s] -- Found Python3: /usr/bin/python3 (found version "3.10.12") found components: Interpreter 
[0.924s] -- Found angles: 1.15.0 (/opt/ros/humble/share/angles/cmake)
[0.927s] -- Found diagnostic_updater: 4.0.0 (/opt/ros/humble/share/diagnostic_updater/cmake)
[0.984s] -- Found rosidl_generator_c: 3.1.6 (/opt/ros/humble/share/rosidl_generator_c/cmake)
[0.990s] -- Found rosidl_adapter: 3.1.6 (/opt/ros/humble/share/rosidl_adapter/cmake)
[1.003s] -- Found rosidl_generator_cpp: 3.1.6 (/opt/ros/humble/share/rosidl_generator_cpp/cmake)
[1.023s] -- Using all available rosidl_typesupport_c: rosidl_typesupport_fastrtps_c;rosidl_typesupport_introspection_c
[1.048s] -- Using all available rosidl_typesupport_cpp: rosidl_typesupport_fastrtps_cpp;rosidl_typesupport_introspection_cpp
[1.187s] -- Found rmw_implementation_cmake: 6.1.2 (/opt/ros/humble/share/rmw_implementation_cmake/cmake)
[1.190s] -- Found rmw_fastrtps_cpp: 6.2.7 (/opt/ros/humble/share/rmw_fastrtps_cpp/cmake)
[1.294s] -- Found OpenSSL: /usr/lib/x86_64-linux-gnu/libcrypto.so (found version "3.0.2")  
[1.331s] -- Found FastRTPS: /opt/ros/humble/include  
[1.385s] -- Using RMW implementation 'rmw_fastrtps_cpp' as default
[1.395s] -- Looking for pthread.h
[1.472s] -- Looking for pthread.h - found
[1.473s] -- Performing Test CMAKE_HAVE_LIBC_PTHREAD
[1.551s] -- Performing Test CMAKE_HAVE_LIBC_PTHREAD - Success
[1.552s] -- Found Threads: TRUE  
[1.631s] -- Found geometry_msgs: 4.2.4 (/opt/ros/humble/share/geometry_msgs/cmake)
[1.658s] -- Found message_filters: 4.3.5 (/opt/ros/humble/share/message_filters/cmake)
[1.677s] -- Checking for module 'eigen3'
[1.690s] --   Found eigen3, version 3.4.0
[1.719s] -- Found Eigen: /usr/include/eigen3 (Required is at least version "3.1") 
[1.719s] -- Eigen found (include: /usr/include/eigen3, version: 3.4.0)
[1.744s] -- Found Boost: /usr/lib/x86_64-linux-gnu/cmake/Boost-1.74.0/BoostConfig.cmake (found suitable version "1.74.0", minimum required is "1.65.0") found components: system filesystem date_time iostreams serialization 
[1.746s] -- looking for PCL_COMMON
[1.748s] -- Found PCL_COMMON: /usr/lib/x86_64-linux-gnu/libpcl_common.so  
[1.749s] -- Found PCL: pcl_common;Boost::system;Boost::filesystem;Boost::date_time;Boost::iostreams;Boost::serialization  
[1.751s] -- Found rclcpp_components: 16.0.11 (/opt/ros/humble/share/rclcpp_components/cmake)
[1.797s] -- Found sensor_msgs: 4.2.4 (/opt/ros/humble/share/sensor_msgs/cmake)
[1.834s] -- Found tf2: 0.25.9 (/opt/ros/humble/share/tf2/cmake)
[1.841s] -- Found tf2_ros: 0.25.9 (/opt/ros/humble/share/tf2_ros/cmake)
[1.967s] -- Found velodyne_msgs: 2.5.1 (/home/kushgarg/Desktop/ros2_ws/install/velodyne_msgs/share/velodyne_msgs/cmake)
[2.001s] -- Found ament_lint_auto: 0.12.11 (/opt/ros/humble/share/ament_lint_auto/cmake)
[2.112s] -- Found gtest sources under '/opt/ros/humble/src/gtest_vendor': C++ tests using 'Google Test' will be built
[2.126s] -- Added test 'copyright' to check source files copyright and LICENSE
[2.130s] -- Added test 'cppcheck' to perform static code analysis on C / C++ code
[2.131s] -- Configured cppcheck include dirs: $<BUILD_INTERFACE:/home/kushgarg/Desktop/ros2_ws/src/velodyne/velodyne_pointcloud/include>
[2.131s] -- Configured cppcheck exclude dirs and/or files: 
[2.134s] -- Added test 'cpplint' to check C / C++ code against the Google style
[2.135s] -- Configured cpplint exclude dirs and/or files: 
[2.136s] -- Added test 'flake8' to check Python code syntax and style conventions
[2.138s] -- Added test 'lint_cmake' to check CMake code style
[2.139s] -- Added test 'pep257' to check Python code against some of the docstring style conventions in PEP 257
[2.142s] -- Added test 'uncrustify' to check C / C++ code style
[2.142s] -- Configured uncrustify additional arguments: 
[2.147s] -- Configuring done
[2.215s] -- Generating done
[2.242s] -- Build files have been written to: /home/kushgarg/Desktop/ros2_ws/build/velodyne_pointcloud
[2.255s] Invoked command in '/home/kushgarg/Desktop/ros2_ws/build/velodyne_pointcloud' returned '0': CMAKE_PREFIX_PATH=/home/kushgarg/Desktop/ros2_ws/install/velodyne_msgs:/home/kushgarg/Desktop/ros2_ws/install/mobile_robot2:/home/kushgarg/Desktop/ros2_ws/install/velodyne_simulator:/home/kushgarg/Desktop/ros2_ws/install/velodyne:/home/kushgarg/Desktop/ros2_ws/install/velodyne_pointcloud:/home/kushgarg/Desktop/ros2_ws/install/velodyne_driver:/home/kushgarg/Desktop/ros2_ws/install/velodyne_laserscan:/home/kushgarg/Desktop/ros2_ws/install/velodyne_gazebo_plugins:/home/kushgarg/Desktop/ros2_ws/install/mobile_robot:/home/kushgarg/Desktop/ros2_ws/install/velodyne_description:/opt/ros/humble LD_LIBRARY_PATH=/home/kushgarg/Desktop/ros2_ws/install/velodyne_msgs/lib:/home/kushgarg/Desktop/ros2_ws/install/velodyne_pointcloud/lib:/home/kushgarg/Desktop/ros2_ws/install/velodyne_driver/lib:/home/kushgarg/Desktop/ros2_ws/install/velodyne_laserscan/lib:/home/kushgarg/Desktop/ros2_ws/install/velodyne_gazebo_plugins/lib:/usr/lib/x86_64-linux-gnu/gazebo-11/plugins:/opt/ros/humble/opt/rviz_ogre_vendor/lib:/opt/ros/humble/lib/x86_64-linux-gnu:/opt/ros/humble/opt/openvdb_vendor/lib:/opt/ros/humble/lib /usr/bin/cmake /home/kushgarg/Desktop/ros2_ws/src/velodyne/velodyne_pointcloud -DCMAKE_INSTALL_PREFIX=/home/kushgarg/Desktop/ros2_ws/install/velodyne_pointcloud
[2.257s] Invoking command in '/home/kushgarg/Desktop/ros2_ws/build/velodyne_pointcloud': CMAKE_PREFIX_PATH=/home/kushgarg/Desktop/ros2_ws/install/velodyne_msgs:/home/kushgarg/Desktop/ros2_ws/install/mobile_robot2:/home/kushgarg/Desktop/ros2_ws/install/velodyne_simulator:/home/kushgarg/Desktop/ros2_ws/install/velodyne:/home/kushgarg/Desktop/ros2_ws/install/velodyne_pointcloud:/home/kushgarg/Desktop/ros2_ws/install/velodyne_driver:/home/kushgarg/Desktop/ros2_ws/install/velodyne_laserscan:/home/kushgarg/Desktop/ros2_ws/install/velodyne_gazebo_plugins:/home/kushgarg/Desktop/ros2_ws/install/mobile_robot:/home/kushgarg/Desktop/ros2_ws/install/velodyne_description:/opt/ros/humble LD_LIBRARY_PATH=/home/kushgarg/Desktop/ros2_ws/install/velodyne_msgs/lib:/home/kushgarg/Desktop/ros2_ws/install/velodyne_pointcloud/lib:/home/kushgarg/Desktop/ros2_ws/install/velodyne_driver/lib:/home/kushgarg/Desktop/ros2_ws/install/velodyne_laserscan/lib:/home/kushgarg/Desktop/ros2_ws/install/velodyne_gazebo_plugins/lib:/usr/lib/x86_64-linux-gnu/gazebo-11/plugins:/opt/ros/humble/opt/rviz_ogre_vendor/lib:/opt/ros/humble/lib/x86_64-linux-gnu:/opt/ros/humble/opt/openvdb_vendor/lib:/opt/ros/humble/lib /usr/bin/cmake --build /home/kushgarg/Desktop/ros2_ws/build/velodyne_pointcloud -- -j12 -l12
[2.322s] [ 22%] [32mBuilding CXX object gtest/CMakeFiles/gtest_main.dir/src/gtest_main.cc.o[0m
[2.322s] [ 22%] [32mBuilding CXX object CMakeFiles/velodyne_cloud_types.dir/src/lib/pointcloudXYZIRT.cpp.o[0m
[2.322s] [ 22%] [32mBuilding CXX object CMakeFiles/velodyne_rawdata.dir/src/lib/rawdata.cpp.o[0m
[2.322s] [ 22%] [32mBuilding CXX object CMakeFiles/velodyne_cloud_types.dir/src/lib/organized_cloudXYZIRT.cpp.o[0m
[2.322s] [ 27%] [32mBuilding CXX object gtest/CMakeFiles/gtest.dir/src/gtest-all.cc.o[0m
[2.324s] [ 33%] [32mBuilding CXX object CMakeFiles/velodyne_rawdata.dir/src/lib/calibration.cpp.o[0m
[3.209s] [ 38%] [32m[1mLinking CXX static library libgtest_main.a[0m
[3.258s] [ 38%] Built target gtest_main
[6.429s] [ 44%] [32m[1mLinking CXX static library libgtest.a[0m
[6.547s] [ 44%] Built target gtest
[6.588s] [ 50%] [32mBuilding CXX object tests/CMakeFiles/test_row_step.dir/test_row_step.cpp.o[0m
[8.656s] [ 55%] [32m[1mLinking CXX shared library libvelodyne_rawdata.so[0m
[8.848s] [ 55%] Built target velodyne_rawdata
[8.870s] [ 61%] [32mBuilding CXX object tests/CMakeFiles/test_calibration.dir/test_calibration.cpp.o[0m
[9.190s] [ 66%] [32m[1mLinking CXX shared library libvelodyne_cloud_types.so[0m
[9.358s] [ 66%] Built target velodyne_cloud_types
[9.379s] [ 72%] [32mBuilding CXX object CMakeFiles/transform.dir/src/conversions/transform.cpp.o[0m
[10.404s] [ 77%] [32m[1mLinking CXX executable test_calibration[0m
[10.671s] [ 77%] Built target test_calibration
[13.689s] [ 83%] [32m[1mLinking CXX executable test_row_step[0m
[13.964s] [ 83%] Built target test_row_step
[23.423s] [ 88%] [32m[1mLinking CXX shared library libtransform.so[0m
[24.083s] [ 88%] Built target transform
[24.103s] [ 94%] [32mBuilding CXX object CMakeFiles/velodyne_transform_node.dir/src/conversions/transform_node.cpp.o[0m
[30.654s] [100%] [32m[1mLinking CXX executable velodyne_transform_node[0m
[31.164s] [100%] Built target velodyne_transform_node
[31.174s] Invoked command in '/home/kushgarg/Desktop/ros2_ws/build/velodyne_pointcloud' returned '0': CMAKE_PREFIX_PATH=/home/kushgarg/Desktop/ros2_ws/install/velodyne_msgs:/home/kushgarg/Desktop/ros2_ws/install/mobile_robot2:/home/kushgarg/Desktop/ros2_ws/install/velodyne_simulator:/home/kushgarg/Desktop/ros2_ws/install/velodyne:/home/kushgarg/Desktop/ros2_ws/install/velodyne_pointcloud:/home/kushgarg/Desktop/ros2_ws/install/velodyne_driver:/home/kushgarg/Desktop/ros2_ws/install/velodyne_laserscan:/home/kushgarg/Desktop/ros2_ws/install/velodyne_gazebo_plugins:/home/kushgarg/Desktop/ros2_ws/install/mobile_robot:/home/kushgarg/Desktop/ros2_ws/install/velodyne_description:/opt/ros/humble LD_LIBRARY_PATH=/home/kushgarg/Desktop/ros2_ws/install/velodyne_msgs/lib:/home/kushgarg/Desktop/ros2_ws/install/velodyne_pointcloud/lib:/home/kushgarg/Desktop/ros2_ws/install/velodyne_driver/lib:/home/kushgarg/Desktop/ros2_ws/install/velodyne_laserscan/lib:/home/kushgarg/Desktop/ros2_ws/install/velodyne_gazebo_plugins/lib:/usr/lib/x86_64-linux-gnu/gazebo-11/plugins:/opt/ros/humble/opt/rviz_ogre_vendor/lib:/opt/ros/humble/lib/x86_64-linux-gnu:/opt/ros/humble/opt/openvdb_vendor/lib:/opt/ros/humble/lib /usr/bin/cmake --build /home/kushgarg/Desktop/ros2_ws/build/velodyne_pointcloud -- -j12 -l12
[31.176s] Invoking command in '/home/kushgarg/Desktop/ros2_ws/build/velodyne_pointcloud': CMAKE_PREFIX_PATH=/home/kushgarg/Desktop/ros2_ws/install/velodyne_msgs:/home/kushgarg/Desktop/ros2_ws/install/mobile_robot2:/home/kushgarg/Desktop/ros2_ws/install/velodyne_simulator:/home/kushgarg/Desktop/ros2_ws/install/velodyne:/home/kushgarg/Desktop/ros2_ws/install/velodyne_pointcloud:/home/kushgarg/Desktop/ros2_ws/install/velodyne_driver:/home/kushgarg/Desktop/ros2_ws/install/velodyne_laserscan:/home/kushgarg/Desktop/ros2_ws/install/velodyne_gazebo_plugins:/home/kushgarg/Desktop/ros2_ws/install/mobile_robot:/home/kushgarg/Desktop/ros2_ws/install/velodyne_description:/opt/ros/humble LD_LIBRARY_PATH=/home/kushgarg/Desktop/ros2_ws/install/velodyne_msgs/lib:/home/kushgarg/Desktop/ros2_ws/install/velodyne_pointcloud/lib:/home/kushgarg/Desktop/ros2_ws/install/velodyne_driver/lib:/home/kushgarg/Desktop/ros2_ws/install/velodyne_laserscan/lib:/home/kushgarg/Desktop/ros2_ws/install/velodyne_gazebo_plugins/lib:/usr/lib/x86_64-linux-gnu/gazebo-11/plugins:/opt/ros/humble/opt/rviz_ogre_vendor/lib:/opt/ros/humble/lib/x86_64-linux-gnu:/opt/ros/humble/opt/openvdb_vendor/lib:/opt/ros/humble/lib /usr/bin/cmake --install /home/kushgarg/Desktop/ros2_ws/build/velodyne_pointcloud
[31.184s] -- Install configuration: ""
[31.184s] -- Installing: /home/kushgarg/Desktop/ros2_ws/install/velodyne_pointcloud/lib/libvelodyne_cloud_types.so
[31.185s] -- Set runtime path of "/home/kushgarg/Desktop/ros2_ws/install/velodyne_pointcloud/lib/libvelodyne_cloud_types.so" to ""
[31.186s] -- Installing: /home/kushgarg/Desktop/ros2_ws/install/velodyne_pointcloud/lib/libvelodyne_rawdata.so
[31.186s] -- Set runtime path of "/home/kushgarg/Desktop/ros2_ws/install/velodyne_pointcloud/lib/libvelodyne_rawdata.so" to ""
[31.187s] -- Installing: /home/kushgarg/Desktop/ros2_ws/install/velodyne_pointcloud/lib/libtransform.so
[31.195s] -- Set runtime path of "/home/kushgarg/Desktop/ros2_ws/install/velodyne_pointcloud/lib/libtransform.so" to ""
[31.195s] -- Installing: /home/kushgarg/Desktop/ros2_ws/install/velodyne_pointcloud/lib/velodyne_pointcloud/velodyne_transform_node
[31.196s] -- Set runtime path of "/home/kushgarg/Desktop/ros2_ws/install/velodyne_pointcloud/lib/velodyne_pointcloud/velodyne_transform_node" to ""
[31.196s] -- Installing: /home/kushgarg/Desktop/ros2_ws/install/velodyne_pointcloud/include/velodyne_pointcloud
[31.197s] -- Installing: /home/kushgarg/Desktop/ros2_ws/install/velodyne_pointcloud/include/velodyne_pointcloud/datacontainerbase.hpp
[31.197s] -- Installing: /home/kushgarg/Desktop/ros2_ws/install/velodyne_pointcloud/include/velodyne_pointcloud/calibration.hpp
[31.197s] -- Installing: /home/kushgarg/Desktop/ros2_ws/install/velodyne_pointcloud/include/velodyne_pointcloud/transform.hpp
[31.197s] -- Installing: /home/kushgarg/Desktop/ros2_ws/install/velodyne_pointcloud/include/velodyne_pointcloud/rawdata.hpp
[31.197s] -- Installing: /home/kushgarg/Desktop/ros2_ws/install/velodyne_pointcloud/include/velodyne_pointcloud/organized_cloudXYZIRT.hpp
[31.198s] -- Installing: /home/kushgarg/Desktop/ros2_ws/install/velodyne_pointcloud/include/velodyne_pointcloud/pointcloudXYZIRT.hpp
[31.198s] -- Installing: /home/kushgarg/Desktop/ros2_ws/install/velodyne_pointcloud/share/velodyne_pointcloud/config
[31.198s] -- Installing: /home/kushgarg/Desktop/ros2_ws/install/velodyne_pointcloud/share/velodyne_pointcloud/config/VLP32C-velodyne_transform_node-params.yaml
[31.198s] -- Installing: /home/kushgarg/Desktop/ros2_ws/install/velodyne_pointcloud/share/velodyne_pointcloud/config/VLS128-velodyne_transform_node-params.yaml
[31.198s] -- Installing: /home/kushgarg/Desktop/ros2_ws/install/velodyne_pointcloud/share/velodyne_pointcloud/config/VLP16-velodyne_transform_node-params.yaml
[31.199s] -- Installing: /home/kushgarg/Desktop/ros2_ws/install/velodyne_pointcloud/share/velodyne_pointcloud/launch
[31.199s] -- Installing: /home/kushgarg/Desktop/ros2_ws/install/velodyne_pointcloud/share/velodyne_pointcloud/launch/velodyne_transform_node-VLS128-composed-launch.py
[31.199s] -- Installing: /home/kushgarg/Desktop/ros2_ws/install/velodyne_pointcloud/share/velodyne_pointcloud/launch/velodyne_transform_node-VLP32C-launch.py
[31.199s] -- Installing: /home/kushgarg/Desktop/ros2_ws/install/velodyne_pointcloud/share/velodyne_pointcloud/launch/velodyne_transform_node-VLP16-composed-launch.py
[31.199s] -- Installing: /home/kushgarg/Desktop/ros2_ws/install/velodyne_pointcloud/share/velodyne_pointcloud/launch/velodyne_transform_node-VLS128-launch.py
[31.200s] -- Installing: /home/kushgarg/Desktop/ros2_ws/install/velodyne_pointcloud/share/velodyne_pointcloud/launch/velodyne_transform_node-VLP16-launch.py
[31.200s] -- Installing: /home/kushgarg/Desktop/ros2_ws/install/velodyne_pointcloud/share/velodyne_pointcloud/launch/velodyne_transform_node-VLP32C-composed-launch.py
[31.200s] -- Installing: /home/kushgarg/Desktop/ros2_ws/install/velodyne_pointcloud/share/velodyne_pointcloud/params
[31.200s] -- Installing: /home/kushgarg/Desktop/ros2_ws/install/velodyne_pointcloud/share/velodyne_pointcloud/params/VLP16_hires_db.yaml
[31.200s] -- Installing: /home/kushgarg/Desktop/ros2_ws/install/velodyne_pointcloud/share/velodyne_pointcloud/params/rviz_points.vcg
[31.201s] -- Installing: /home/kushgarg/Desktop/ros2_ws/install/velodyne_pointcloud/share/velodyne_pointcloud/params/64e_utexas.yaml
[31.201s] -- Installing: /home/kushgarg/Desktop/ros2_ws/install/velodyne_pointcloud/share/velodyne_pointcloud/params/VLP16db.yaml
[31.201s] -- Installing: /home/kushgarg/Desktop/ros2_ws/install/velodyne_pointcloud/share/velodyne_pointcloud/params/issue_84_float_intensities.yaml
[31.201s] -- Installing: /home/kushgarg/Desktop/ros2_ws/install/velodyne_pointcloud/share/velodyne_pointcloud/params/64e_s3-xiesc.yaml
[31.201s] -- Installing: /home/kushgarg/Desktop/ros2_ws/install/velodyne_pointcloud/share/velodyne_pointcloud/params/VeloView-VLP-32C.yaml
[31.201s] -- Installing: /home/kushgarg/Desktop/ros2_ws/install/velodyne_pointcloud/share/velodyne_pointcloud/params/32db.yaml
[31.202s] -- Installing: /home/kushgarg/Desktop/ros2_ws/install/velodyne_pointcloud/share/velodyne_pointcloud/params/64e_s2.1-sztaki.yaml
[31.202s] -- Installing: /home/kushgarg/Desktop/ros2_ws/install/velodyne_pointcloud/share/velodyne_pointcloud/params/VLS128.yaml
[31.202s] -- Installing: /home/kushgarg/Desktop/ros2_ws/install/velodyne_pointcloud/share/velodyne_pointcloud/environment/library_path.sh
[31.202s] -- Installing: /home/kushgarg/Desktop/ros2_ws/install/velodyne_pointcloud/share/velodyne_pointcloud/environment/library_path.dsv
[31.202s] -- Installing: /home/kushgarg/Desktop/ros2_ws/install/velodyne_pointcloud/share/ament_index/resource_index/package_run_dependencies/velodyne_pointcloud
[31.203s] -- Installing: /home/kushgarg/Desktop/ros2_ws/install/velodyne_pointcloud/share/ament_index/resource_index/parent_prefix_path/velodyne_pointcloud
[31.203s] -- Installing: /home/kushgarg/Desktop/ros2_ws/install/velodyne_pointcloud/share/velodyne_pointcloud/environment/ament_prefix_path.sh
[31.204s] -- Installing: /home/kushgarg/Desktop/ros2_ws/install/velodyne_pointcloud/share/velodyne_pointcloud/environment/ament_prefix_path.dsv
[31.204s] -- Installing: /home/kushgarg/Desktop/ros2_ws/install/velodyne_pointcloud/share/velodyne_pointcloud/environment/path.sh
[31.204s] -- Installing: /home/kushgarg/Desktop/ros2_ws/install/velodyne_pointcloud/share/velodyne_pointcloud/environment/path.dsv
[31.204s] -- Installing: /home/kushgarg/Desktop/ros2_ws/install/velodyne_pointcloud/share/velodyne_pointcloud/local_setup.bash
[31.204s] -- Installing: /home/kushgarg/Desktop/ros2_ws/install/velodyne_pointcloud/share/velodyne_pointcloud/local_setup.sh
[31.205s] -- Installing: /home/kushgarg/Desktop/ros2_ws/install/velodyne_pointcloud/share/velodyne_pointcloud/local_setup.zsh
[31.205s] -- Installing: /home/kushgarg/Desktop/ros2_ws/install/velodyne_pointcloud/share/velodyne_pointcloud/local_setup.dsv
[31.205s] -- Installing: /home/kushgarg/Desktop/ros2_ws/install/velodyne_pointcloud/share/velodyne_pointcloud/package.dsv
[31.205s] -- Installing: /home/kushgarg/Desktop/ros2_ws/install/velodyne_pointcloud/share/ament_index/resource_index/packages/velodyne_pointcloud
[31.205s] -- Installing: /home/kushgarg/Desktop/ros2_ws/install/velodyne_pointcloud/share/ament_index/resource_index/rclcpp_components/velodyne_pointcloud
[31.206s] -- Installing: /home/kushgarg/Desktop/ros2_ws/install/velodyne_pointcloud/share/velodyne_pointcloud/cmake/velodyne_pointcloudExport.cmake
[31.206s] -- Installing: /home/kushgarg/Desktop/ros2_ws/install/velodyne_pointcloud/share/velodyne_pointcloud/cmake/velodyne_pointcloudExport-noconfig.cmake
[31.206s] -- Installing: /home/kushgarg/Desktop/ros2_ws/install/velodyne_pointcloud/share/velodyne_pointcloud/cmake/ament_cmake_export_include_directories-extras.cmake
[31.206s] -- Installing: /home/kushgarg/Desktop/ros2_ws/install/velodyne_pointcloud/share/velodyne_pointcloud/cmake/ament_cmake_export_dependencies-extras.cmake
[31.206s] -- Installing: /home/kushgarg/Desktop/ros2_ws/install/velodyne_pointcloud/share/velodyne_pointcloud/cmake/ament_cmake_export_libraries-extras.cmake
[31.207s] -- Installing: /home/kushgarg/Desktop/ros2_ws/install/velodyne_pointcloud/share/velodyne_pointcloud/cmake/ament_cmake_export_targets-extras.cmake
[31.207s] -- Installing: /home/kushgarg/Desktop/ros2_ws/install/velodyne_pointcloud/share/velodyne_pointcloud/cmake/velodyne_pointcloudConfig.cmake
[31.207s] -- Installing: /home/kushgarg/Desktop/ros2_ws/install/velodyne_pointcloud/share/velodyne_pointcloud/cmake/velodyne_pointcloudConfig-version.cmake
[31.207s] -- Installing: /home/kushgarg/Desktop/ros2_ws/install/velodyne_pointcloud/share/velodyne_pointcloud/package.xml
[31.211s] Invoked command in '/home/kushgarg/Desktop/ros2_ws/build/velodyne_pointcloud' returned '0': CMAKE_PREFIX_PATH=/home/kushgarg/Desktop/ros2_ws/install/velodyne_msgs:/home/kushgarg/Desktop/ros2_ws/install/mobile_robot2:/home/kushgarg/Desktop/ros2_ws/install/velodyne_simulator:/home/kushgarg/Desktop/ros2_ws/install/velodyne:/home/kushgarg/Desktop/ros2_ws/install/velodyne_pointcloud:/home/kushgarg/Desktop/ros2_ws/install/velodyne_driver:/home/kushgarg/Desktop/ros2_ws/install/velodyne_laserscan:/home/kushgarg/Desktop/ros2_ws/install/velodyne_gazebo_plugins:/home/kushgarg/Desktop/ros2_ws/install/mobile_robot:/home/kushgarg/Desktop/ros2_ws/install/velodyne_description:/opt/ros/humble LD_LIBRARY_PATH=/home/kushgarg/Desktop/ros2_ws/install/velodyne_msgs/lib:/home/kushgarg/Desktop/ros2_ws/install/velodyne_pointcloud/lib:/home/kushgarg/Desktop/ros2_ws/install/velodyne_driver/lib:/home/kushgarg/Desktop/ros2_ws/install/velodyne_laserscan/lib:/home/kushgarg/Desktop/ros2_ws/install/velodyne_gazebo_plugins/lib:/usr/lib/x86_64-linux-gnu/gazebo-11/plugins:/opt/ros/humble/opt/rviz_ogre_vendor/lib:/opt/ros/humble/lib/x86_64-linux-gnu:/opt/ros/humble/opt/openvdb_vendor/lib:/opt/ros/humble/lib /usr/bin/cmake --install /home/kushgarg/Desktop/ros2_ws/build/velodyne_pointcloud
