[0.017s] Invoking command in '/home/kushgarg/Desktop/ros2_ws/build/velodyne': CMAKE_PREFIX_PATH=/home/kushgarg/Desktop/ros2_ws/install/velodyne_pointcloud:/home/kushgarg/Desktop/ros2_ws/install/velodyne_driver:/home/kushgarg/Desktop/ros2_ws/install/velodyne_msgs:/home/kushgarg/Desktop/ros2_ws/install/velodyne_laserscan:/home/kushgarg/Desktop/ros2_ws/install/mobile_robot2:/home/kushgarg/Desktop/ros2_ws/install/velodyne_simulator:/home/kushgarg/Desktop/ros2_ws/install/velodyne:/home/kushgarg/Desktop/ros2_ws/install/velodyne_gazebo_plugins:/home/kushgarg/Desktop/ros2_ws/install/mobile_robot:/home/kushgarg/Desktop/ros2_ws/install/velodyne_description:/opt/ros/humble /usr/bin/cmake --build /home/kushgarg/Desktop/ros2_ws/build/velodyne -- -j12 -l12
[0.053s] Invoked command in '/home/kushgarg/Desktop/ros2_ws/build/velodyne' returned '0': CMAKE_PREFIX_PATH=/home/kushgarg/Desktop/ros2_ws/install/velodyne_pointcloud:/home/kushgarg/Desktop/ros2_ws/install/velodyne_driver:/home/kushgarg/Desktop/ros2_ws/install/velodyne_msgs:/home/kushgarg/Desktop/ros2_ws/install/velodyne_laserscan:/home/kushgarg/Desktop/ros2_ws/install/mobile_robot2:/home/kushgarg/Desktop/ros2_ws/install/velodyne_simulator:/home/kushgarg/Desktop/ros2_ws/install/velodyne:/home/kushgarg/Desktop/ros2_ws/install/velodyne_gazebo_plugins:/home/kushgarg/Desktop/ros2_ws/install/mobile_robot:/home/kushgarg/Desktop/ros2_ws/install/velodyne_description:/opt/ros/humble /usr/bin/cmake --build /home/kushgarg/Desktop/ros2_ws/build/velodyne -- -j12 -l12
[0.055s] Invoking command in '/home/kushgarg/Desktop/ros2_ws/build/velodyne': CMAKE_PREFIX_PATH=/home/kushgarg/Desktop/ros2_ws/install/velodyne_pointcloud:/home/kushgarg/Desktop/ros2_ws/install/velodyne_driver:/home/kushgarg/Desktop/ros2_ws/install/velodyne_msgs:/home/kushgarg/Desktop/ros2_ws/install/velodyne_laserscan:/home/kushgarg/Desktop/ros2_ws/install/mobile_robot2:/home/kushgarg/Desktop/ros2_ws/install/velodyne_simulator:/home/kushgarg/Desktop/ros2_ws/install/velodyne:/home/kushgarg/Desktop/ros2_ws/install/velodyne_gazebo_plugins:/home/kushgarg/Desktop/ros2_ws/install/mobile_robot:/home/kushgarg/Desktop/ros2_ws/install/velodyne_description:/opt/ros/humble /usr/bin/cmake --install /home/kushgarg/Desktop/ros2_ws/build/velodyne
[0.064s] -- Install configuration: ""
[0.064s] -- Up-to-date: /home/kushgarg/Desktop/ros2_ws/install/velodyne/share/velodyne/launch
[0.064s] -- Up-to-date: /home/kushgarg/Desktop/ros2_ws/install/velodyne/share/velodyne/launch/velodyne-all-nodes-VLS128-launch.py
[0.065s] -- Up-to-date: /home/kushgarg/Desktop/ros2_ws/install/velodyne/share/velodyne/launch/velodyne-all-nodes-VLP16-launch.py
[0.065s] -- Up-to-date: /home/kushgarg/Desktop/ros2_ws/install/velodyne/share/velodyne/launch/velodyne-all-nodes-VLS128-composed-launch.py
[0.065s] -- Up-to-date: /home/kushgarg/Desktop/ros2_ws/install/velodyne/share/velodyne/launch/velodyne-all-nodes-VLP32C-launch.py
[0.065s] -- Up-to-date: /home/kushgarg/Desktop/ros2_ws/install/velodyne/share/velodyne/launch/velodyne-all-nodes-VLP32C-composed-launch.py
[0.065s] -- Up-to-date: /home/kushgarg/Desktop/ros2_ws/install/velodyne/share/velodyne/launch/velodyne-all-nodes-VLP16-composed-launch.py
[0.065s] -- Up-to-date: /home/kushgarg/Desktop/ros2_ws/install/velodyne/share/ament_index/resource_index/package_run_dependencies/velodyne
[0.065s] -- Up-to-date: /home/kushgarg/Desktop/ros2_ws/install/velodyne/share/ament_index/resource_index/parent_prefix_path/velodyne
[0.065s] -- Up-to-date: /home/kushgarg/Desktop/ros2_ws/install/velodyne/share/velodyne/environment/ament_prefix_path.sh
[0.065s] -- Up-to-date: /home/kushgarg/Desktop/ros2_ws/install/velodyne/share/velodyne/environment/ament_prefix_path.dsv
[0.066s] -- Up-to-date: /home/kushgarg/Desktop/ros2_ws/install/velodyne/share/velodyne/environment/path.sh
[0.066s] -- Up-to-date: /home/kushgarg/Desktop/ros2_ws/install/velodyne/share/velodyne/environment/path.dsv
[0.066s] -- Up-to-date: /home/kushgarg/Desktop/ros2_ws/install/velodyne/share/velodyne/local_setup.bash
[0.066s] -- Up-to-date: /home/kushgarg/Desktop/ros2_ws/install/velodyne/share/velodyne/local_setup.sh
[0.066s] -- Up-to-date: /home/kushgarg/Desktop/ros2_ws/install/velodyne/share/velodyne/local_setup.zsh
[0.066s] -- Up-to-date: /home/kushgarg/Desktop/ros2_ws/install/velodyne/share/velodyne/local_setup.dsv
[0.066s] -- Up-to-date: /home/kushgarg/Desktop/ros2_ws/install/velodyne/share/velodyne/package.dsv
[0.066s] -- Up-to-date: /home/kushgarg/Desktop/ros2_ws/install/velodyne/share/ament_index/resource_index/packages/velodyne
[0.066s] -- Up-to-date: /home/kushgarg/Desktop/ros2_ws/install/velodyne/share/velodyne/cmake/velodyneConfig.cmake
[0.066s] -- Up-to-date: /home/kushgarg/Desktop/ros2_ws/install/velodyne/share/velodyne/cmake/velodyneConfig-version.cmake
[0.067s] -- Up-to-date: /home/kushgarg/Desktop/ros2_ws/install/velodyne/share/velodyne/package.xml
[0.068s] Invoked command in '/home/kushgarg/Desktop/ros2_ws/build/velodyne' returned '0': CMAKE_PREFIX_PATH=/home/kushgarg/Desktop/ros2_ws/install/velodyne_pointcloud:/home/kushgarg/Desktop/ros2_ws/install/velodyne_driver:/home/kushgarg/Desktop/ros2_ws/install/velodyne_msgs:/home/kushgarg/Desktop/ros2_ws/install/velodyne_laserscan:/home/kushgarg/Desktop/ros2_ws/install/mobile_robot2:/home/kushgarg/Desktop/ros2_ws/install/velodyne_simulator:/home/kushgarg/Desktop/ros2_ws/install/velodyne:/home/kushgarg/Desktop/ros2_ws/install/velodyne_gazebo_plugins:/home/kushgarg/Desktop/ros2_ws/install/mobile_robot:/home/kushgarg/Desktop/ros2_ws/install/velodyne_description:/opt/ros/humble /usr/bin/cmake --install /home/kushgarg/Desktop/ros2_ws/build/velodyne
